Args in experiment:
Namespace(baseline=False, batch_size=32, checkpoints='./checkpoints/', d_ff=512, d_model=256, data='ETTm1', data_dim=7, data_path='ETTm1.csv', data_split=[34560, 11520, 11520], devices='0,1,2,3', dropout=0.2, e_layers=3, factor=10, gpu=0, in_len=336, itr=5, learning_rate=0.0001, lradj='type1', n_heads=4, num_workers=0, out_len=96, patience=3, root_path='./datasets/', save_pred=False, seg_len=24, train_epochs=20, use_gpu=True, use_multi_gpu=False, win_size=2)
Use GPU: cuda:0
>>>>>>>start training : Crossformer_ETTm1_il336_ol96_sl24_win2_fa10_dm256_nh4_el3_itr0>>>>>>>>>>>>>>>>>>>>>>>>>>
train 34129
val 11425
test 11425
	iters: 100, epoch: 1 | loss: 0.3949459
	speed: 0.1910s/iter; left time: 4056.0289s
	iters: 200, epoch: 1 | loss: 0.3493462
	speed: 0.1074s/iter; left time: 2270.7660s
	iters: 300, epoch: 1 | loss: 0.3357155
	speed: 0.1084s/iter; left time: 2281.2591s
	iters: 400, epoch: 1 | loss: 0.2884814
	speed: 0.1061s/iter; left time: 2222.4610s
	iters: 500, epoch: 1 | loss: 0.2621783
	speed: 0.1064s/iter; left time: 2217.6304s
	iters: 600, epoch: 1 | loss: 0.2347511
	speed: 0.1080s/iter; left time: 2240.3216s
	iters: 700, epoch: 1 | loss: 0.2650906
	speed: 0.1064s/iter; left time: 2196.0448s
	iters: 800, epoch: 1 | loss: 0.2385224
	speed: 0.1220s/iter; left time: 2506.4878s
	iters: 900, epoch: 1 | loss: 0.2780099
	speed: 0.3180s/iter; left time: 6500.0143s
	iters: 1000, epoch: 1 | loss: 0.2644250
	speed: 0.3224s/iter; left time: 6557.7672s
Epoch: 1 cost time: 182.2152614593506
Epoch: 1, Steps: 1067 | Train Loss: 0.3124588 Vali Loss: 0.4189846 Test Loss: 0.3070724
Validation loss decreased (inf --> 0.418985).  Saving model ...
	iters: 100, epoch: 2 | loss: 0.2397213
	speed: 0.1043s/iter; left time: 2104.1856s
	iters: 200, epoch: 2 | loss: 0.2477882
	speed: 0.1079s/iter; left time: 2166.8552s
	iters: 300, epoch: 2 | loss: 0.2171207
	speed: 0.1069s/iter; left time: 2135.1999s
	iters: 400, epoch: 2 | loss: 0.2070362
	speed: 0.1070s/iter; left time: 2126.3324s
	iters: 500, epoch: 2 | loss: 0.1972541
	speed: 0.1079s/iter; left time: 2134.0987s
	iters: 600, epoch: 2 | loss: 0.2608263
	speed: 0.1281s/iter; left time: 2520.6674s
	iters: 700, epoch: 2 | loss: 0.2026421
	speed: 0.1282s/iter; left time: 2509.1039s
	iters: 800, epoch: 2 | loss: 0.1851857
	speed: 0.1069s/iter; left time: 2081.9958s
	iters: 900, epoch: 2 | loss: 0.2627184
	speed: 0.1068s/iter; left time: 2069.0991s
	iters: 1000, epoch: 2 | loss: 0.2368388
	speed: 0.1411s/iter; left time: 2719.6892s
Epoch: 2 cost time: 124.92233109474182
Epoch: 2, Steps: 1067 | Train Loss: 0.2307853 Vali Loss: 0.4611675 Test Loss: 0.3152411
EarlyStopping counter: 1 out of 3
Updating learning rate to 5e-05
	iters: 100, epoch: 3 | loss: 0.2150568
	speed: 0.1059s/iter; left time: 2023.5914s
	iters: 200, epoch: 3 | loss: 0.1635898
	speed: 0.1198s/iter; left time: 2277.6111s
	iters: 300, epoch: 3 | loss: 0.2195276
	speed: 0.1231s/iter; left time: 2327.0627s
	iters: 400, epoch: 3 | loss: 0.1778426
	speed: 0.1142s/iter; left time: 2148.3213s
	iters: 500, epoch: 3 | loss: 0.2133878
	speed: 0.1081s/iter; left time: 2021.8159s
	iters: 600, epoch: 3 | loss: 0.2063603
	speed: 0.1103s/iter; left time: 2051.6914s
	iters: 700, epoch: 3 | loss: 0.1884051
	speed: 0.1067s/iter; left time: 1974.7171s
	iters: 800, epoch: 3 | loss: 0.1934725
	speed: 0.1064s/iter; left time: 1958.5543s
	iters: 900, epoch: 3 | loss: 0.1919136
	speed: 0.1065s/iter; left time: 1950.1705s
	iters: 1000, epoch: 3 | loss: 0.1896247
	speed: 0.1061s/iter; left time: 1931.4602s
Epoch: 3 cost time: 120.15185928344727
Epoch: 3, Steps: 1067 | Train Loss: 0.2019920 Vali Loss: 0.5120119 Test Loss: 0.3186986
EarlyStopping counter: 2 out of 3
	iters: 100, epoch: 4 | loss: 0.2065137
	speed: 0.1450s/iter; left time: 2616.5068s
	iters: 200, epoch: 4 | loss: 0.1841937
	speed: 0.1086s/iter; left time: 1947.9965s
	iters: 300, epoch: 4 | loss: 0.1580611
	speed: 0.1065s/iter; left time: 1900.5556s
	iters: 400, epoch: 4 | loss: 0.1845178
	speed: 0.1064s/iter; left time: 1886.8848s
	iters: 500, epoch: 4 | loss: 0.1778887
	speed: 0.1069s/iter; left time: 1885.6883s
	iters: 600, epoch: 4 | loss: 0.1687383
	speed: 0.1063s/iter; left time: 1864.7222s
	iters: 700, epoch: 4 | loss: 0.1687687
	speed: 0.1083s/iter; left time: 1888.7504s
	iters: 800, epoch: 4 | loss: 0.1719697
	speed: 0.1079s/iter; left time: 1870.2653s
	iters: 900, epoch: 4 | loss: 0.1714644
	speed: 0.1065s/iter; left time: 1835.4297s
	iters: 1000, epoch: 4 | loss: 0.1837962
	speed: 0.1317s/iter; left time: 2256.8568s
Epoch: 4 cost time: 132.20006561279297
Epoch: 4, Steps: 1067 | Train Loss: 0.1877081 Vali Loss: 0.5533200 Test Loss: 0.3596190
EarlyStopping counter: 3 out of 3
Early stopping
>>>>>>>testing : Crossformer_ETTm1_il336_ol96_sl24_win2_fa10_dm256_nh4_el3_itr0<<<<<<<<<<<<<<<<<<<<<<<<<<<<<<<<<
test 11425
mse:0.3068433403968811, mae:0.3617357313632965
Use GPU: cuda:0
>>>>>>>start training : Crossformer_ETTm1_il336_ol96_sl24_win2_fa10_dm256_nh4_el3_itr1>>>>>>>>>>>>>>>>>>>>>>>>>>
train 34129
val 11425
test 11425
	iters: 100, epoch: 1 | loss: 0.3963977
	speed: 0.1083s/iter; left time: 2300.8017s
	iters: 200, epoch: 1 | loss: 0.3548491
	speed: 0.1066s/iter; left time: 2253.7442s
	iters: 300, epoch: 1 | loss: 0.2575054
	speed: 0.1069s/iter; left time: 2248.8416s
	iters: 400, epoch: 1 | loss: 0.2852888
	speed: 0.1073s/iter; left time: 2247.0338s
	iters: 500, epoch: 1 | loss: 0.3136980
	speed: 0.1070s/iter; left time: 2230.5991s
	iters: 600, epoch: 1 | loss: 0.3171068
	speed: 0.1080s/iter; left time: 2239.2231s
	iters: 700, epoch: 1 | loss: 0.2839003
	speed: 0.1081s/iter; left time: 2230.4035s
	iters: 800, epoch: 1 | loss: 0.2197304
	speed: 0.1279s/iter; left time: 2627.7992s
	iters: 900, epoch: 1 | loss: 0.2880021
	speed: 0.1366s/iter; left time: 2792.9167s
	iters: 1000, epoch: 1 | loss: 0.2405100
	speed: 0.1070s/iter; left time: 2175.6670s
Epoch: 1 cost time: 119.60702395439148
Epoch: 1, Steps: 1067 | Train Loss: 0.3100506 Vali Loss: 0.3969475 Test Loss: 0.2948750
Validation loss decreased (inf --> 0.396948).  Saving model ...
	iters: 100, epoch: 2 | loss: 0.2468944
	speed: 0.1560s/iter; left time: 3146.7938s
	iters: 200, epoch: 2 | loss: 0.2277697
	speed: 0.1159s/iter; left time: 2327.4541s
	iters: 300, epoch: 2 | loss: 0.2295306
	speed: 0.1147s/iter; left time: 2291.7359s
	iters: 400, epoch: 2 | loss: 0.2814440
	speed: 0.2331s/iter; left time: 4633.0224s
	iters: 500, epoch: 2 | loss: 0.2528233
	speed: 0.1471s/iter; left time: 2908.7557s
	iters: 600, epoch: 2 | loss: 0.2165048
	speed: 0.1081s/iter; left time: 2127.0578s
	iters: 700, epoch: 2 | loss: 0.2209623
	speed: 0.1079s/iter; left time: 2111.9098s
	iters: 800, epoch: 2 | loss: 0.2481949
	speed: 0.1071s/iter; left time: 2084.9134s
	iters: 900, epoch: 2 | loss: 0.2363899
	speed: 0.1069s/iter; left time: 2070.9238s
	iters: 1000, epoch: 2 | loss: 0.2083892
	speed: 0.1075s/iter; left time: 2071.1937s
Epoch: 2 cost time: 138.26015329360962
Epoch: 2, Steps: 1067 | Train Loss: 0.2294774 Vali Loss: 0.4192722 Test Loss: 0.3263684
EarlyStopping counter: 1 out of 3
Updating learning rate to 5e-05
	iters: 100, epoch: 3 | loss: 0.1969952
	speed: 0.1635s/iter; left time: 3124.0048s
	iters: 200, epoch: 3 | loss: 0.2041155
	speed: 0.1271s/iter; left time: 2415.5456s
	iters: 300, epoch: 3 | loss: 0.2340573
	speed: 0.1071s/iter; left time: 2024.6641s
	iters: 400, epoch: 3 | loss: 0.1947071
	speed: 0.1076s/iter; left time: 2023.7140s
	iters: 500, epoch: 3 | loss: 0.2091722
	speed: 0.1076s/iter; left time: 2013.3575s
	iters: 600, epoch: 3 | loss: 0.1943026
	speed: 0.1073s/iter; left time: 1996.5657s
	iters: 700, epoch: 3 | loss: 0.1854232
	speed: 0.1085s/iter; left time: 2008.2943s
	iters: 800, epoch: 3 | loss: 0.2057730
	speed: 0.1152s/iter; left time: 2119.6387s
	iters: 900, epoch: 3 | loss: 0.2011667
	speed: 0.1120s/iter; left time: 2051.0392s
	iters: 1000, epoch: 3 | loss: 0.1701923
	speed: 0.1072s/iter; left time: 1951.9106s
Epoch: 3 cost time: 124.78598999977112
Epoch: 3, Steps: 1067 | Train Loss: 0.2011592 Vali Loss: 0.5133886 Test Loss: 0.3725134
EarlyStopping counter: 2 out of 3
	iters: 100, epoch: 4 | loss: 0.1615687
	speed: 0.1693s/iter; left time: 3054.2810s
	iters: 200, epoch: 4 | loss: 0.2056659
	speed: 0.1106s/iter; left time: 1984.9522s
	iters: 300, epoch: 4 | loss: 0.1596278
	speed: 0.1075s/iter; left time: 1918.1153s
	iters: 400, epoch: 4 | loss: 0.1996976
	speed: 0.1077s/iter; left time: 1910.1156s
	iters: 500, epoch: 4 | loss: 0.1837351
	speed: 0.1076s/iter; left time: 1897.5908s
	iters: 600, epoch: 4 | loss: 0.2011609
	speed: 0.1073s/iter; left time: 1881.9445s
	iters: 700, epoch: 4 | loss: 0.1362774
	speed: 0.1069s/iter; left time: 1865.1625s
	iters: 800, epoch: 4 | loss: 0.1915956
	speed: 0.1101s/iter; left time: 1908.6516s
	iters: 900, epoch: 4 | loss: 0.1753910
	speed: 0.1305s/iter; left time: 2249.0206s
	iters: 1000, epoch: 4 | loss: 0.2462686
	speed: 0.1310s/iter; left time: 2245.6904s
Epoch: 4 cost time: 126.6557252407074
Epoch: 4, Steps: 1067 | Train Loss: 0.1869054 Vali Loss: 0.5031352 Test Loss: 0.3608573
EarlyStopping counter: 3 out of 3
Early stopping
>>>>>>>testing : Crossformer_ETTm1_il336_ol96_sl24_win2_fa10_dm256_nh4_el3_itr1<<<<<<<<<<<<<<<<<<<<<<<<<<<<<<<<<
test 11425
mse:0.2947845458984375, mae:0.34767162799835205
Use GPU: cuda:0
>>>>>>>start training : Crossformer_ETTm1_il336_ol96_sl24_win2_fa10_dm256_nh4_el3_itr2>>>>>>>>>>>>>>>>>>>>>>>>>>
train 34129
val 11425
test 11425
	iters: 100, epoch: 1 | loss: 0.4390947
	speed: 0.2728s/iter; left time: 5795.4476s
	iters: 200, epoch: 1 | loss: 0.3356777
	speed: 0.2061s/iter; left time: 4356.3651s
	iters: 300, epoch: 1 | loss: 0.2941331
	speed: 0.1335s/iter; left time: 2808.3940s
	iters: 400, epoch: 1 | loss: 0.2654583
	speed: 0.1075s/iter; left time: 2250.4063s
	iters: 500, epoch: 1 | loss: 0.2408643
	speed: 0.1076s/iter; left time: 2241.8256s
	iters: 600, epoch: 1 | loss: 0.2816646
	speed: 0.1064s/iter; left time: 2206.5776s
	iters: 700, epoch: 1 | loss: 0.2713078
	speed: 0.1076s/iter; left time: 2221.0593s
	iters: 800, epoch: 1 | loss: 0.2310086
	speed: 0.1069s/iter; left time: 2195.2232s
	iters: 900, epoch: 1 | loss: 0.2424951
	speed: 0.1083s/iter; left time: 2213.1056s
	iters: 1000, epoch: 1 | loss: 0.2759805
	speed: 0.1072s/iter; left time: 2180.5323s
Epoch: 1 cost time: 143.66257452964783
Epoch: 1, Steps: 1067 | Train Loss: 0.3101284 Vali Loss: 0.4154848 Test Loss: 0.3046699
Validation loss decreased (inf --> 0.415485).  Saving model ...
	iters: 100, epoch: 2 | loss: 0.2354502
	speed: 0.2659s/iter; left time: 5364.6803s
	iters: 200, epoch: 2 | loss: 0.2605918
	speed: 0.1336s/iter; left time: 2682.4239s
	iters: 300, epoch: 2 | loss: 0.2043226
	speed: 0.1065s/iter; left time: 2128.0915s
	iters: 400, epoch: 2 | loss: 0.2327083
	speed: 0.1068s/iter; left time: 2122.0232s
	iters: 500, epoch: 2 | loss: 0.1998143
	speed: 0.1105s/iter; left time: 2184.9541s
	iters: 600, epoch: 2 | loss: 0.2227833
	speed: 0.1105s/iter; left time: 2174.0462s
	iters: 700, epoch: 2 | loss: 0.1916845
	speed: 0.1105s/iter; left time: 2162.6121s
	iters: 800, epoch: 2 | loss: 0.2469885
	speed: 0.1084s/iter; left time: 2111.1874s
	iters: 900, epoch: 2 | loss: 0.2225611
	speed: 0.1032s/iter; left time: 1999.5185s
	iters: 1000, epoch: 2 | loss: 0.2103736
	speed: 0.1240s/iter; left time: 2390.9050s
Epoch: 2 cost time: 137.06789183616638
Epoch: 2, Steps: 1067 | Train Loss: 0.2289979 Vali Loss: 0.4647025 Test Loss: 0.3282982
EarlyStopping counter: 1 out of 3
Updating learning rate to 5e-05
	iters: 100, epoch: 3 | loss: 0.2233163
	speed: 0.1538s/iter; left time: 2937.7306s
	iters: 200, epoch: 3 | loss: 0.2183432
	speed: 0.1245s/iter; left time: 2365.4341s
	iters: 300, epoch: 3 | loss: 0.2216800
	speed: 0.1091s/iter; left time: 2063.6220s
	iters: 400, epoch: 3 | loss: 0.1935362
	speed: 0.1079s/iter; left time: 2029.6406s
	iters: 500, epoch: 3 | loss: 0.2664501
	speed: 0.1117s/iter; left time: 2089.2848s
	iters: 600, epoch: 3 | loss: 0.1955170
	speed: 0.1072s/iter; left time: 1995.4332s
	iters: 700, epoch: 3 | loss: 0.1813478
	speed: 0.1376s/iter; left time: 2546.7821s
	iters: 800, epoch: 3 | loss: 0.1863423
	speed: 0.1254s/iter; left time: 2308.7402s
	iters: 900, epoch: 3 | loss: 0.1631568
	speed: 0.1072s/iter; left time: 1962.4606s
	iters: 1000, epoch: 3 | loss: 0.2302625
	speed: 0.1067s/iter; left time: 1942.6739s
Epoch: 3 cost time: 126.50378799438477
Epoch: 3, Steps: 1067 | Train Loss: 0.1995259 Vali Loss: 0.4791259 Test Loss: 0.3699544
EarlyStopping counter: 2 out of 3
	iters: 100, epoch: 4 | loss: 0.1895160
	speed: 0.2580s/iter; left time: 4654.3784s
	iters: 200, epoch: 4 | loss: 0.1790965
	speed: 0.3386s/iter; left time: 6073.6717s
	iters: 300, epoch: 4 | loss: 0.1955635
	speed: 0.1899s/iter; left time: 3387.4502s
	iters: 400, epoch: 4 | loss: 0.1944323
	speed: 0.1143s/iter; left time: 2028.4292s
	iters: 500, epoch: 4 | loss: 0.1995403
	speed: 0.1079s/iter; left time: 1903.3219s
	iters: 600, epoch: 4 | loss: 0.1715772
	speed: 0.1077s/iter; left time: 1889.8496s
	iters: 700, epoch: 4 | loss: 0.1575585
	speed: 0.1093s/iter; left time: 1905.6512s
	iters: 800, epoch: 4 | loss: 0.1661173
	speed: 0.1078s/iter; left time: 1868.4315s
	iters: 900, epoch: 4 | loss: 0.1973243
	speed: 0.1086s/iter; left time: 1872.3287s
	iters: 1000, epoch: 4 | loss: 0.1584781
	speed: 0.1071s/iter; left time: 1835.9649s
Epoch: 4 cost time: 162.217777967453
Epoch: 4, Steps: 1067 | Train Loss: 0.1846481 Vali Loss: 0.5025704 Test Loss: 0.3769805
EarlyStopping counter: 3 out of 3
Early stopping
>>>>>>>testing : Crossformer_ETTm1_il336_ol96_sl24_win2_fa10_dm256_nh4_el3_itr2<<<<<<<<<<<<<<<<<<<<<<<<<<<<<<<<<
test 11425
mse:0.3044600486755371, mae:0.35766667127609253
Use GPU: cuda:0
>>>>>>>start training : Crossformer_ETTm1_il336_ol96_sl24_win2_fa10_dm256_nh4_el3_itr3>>>>>>>>>>>>>>>>>>>>>>>>>>
train 34129
val 11425
test 11425
	iters: 100, epoch: 1 | loss: 0.4341393
	speed: 0.1994s/iter; left time: 4234.9690s
	iters: 200, epoch: 1 | loss: 0.3335255
	speed: 0.1355s/iter; left time: 2864.7821s
	iters: 300, epoch: 1 | loss: 0.2811288
	speed: 0.1073s/iter; left time: 2258.3406s
	iters: 400, epoch: 1 | loss: 0.3034343
	speed: 0.0880s/iter; left time: 1842.0956s
	iters: 500, epoch: 1 | loss: 0.2735480
	speed: 0.0941s/iter; left time: 1961.6339s
	iters: 600, epoch: 1 | loss: 0.2385892
	speed: 0.0966s/iter; left time: 2003.9327s
	iters: 700, epoch: 1 | loss: 0.2499374
	speed: 0.1093s/iter; left time: 2255.4676s
	iters: 800, epoch: 1 | loss: 0.2285600
	speed: 0.1087s/iter; left time: 2232.1215s
	iters: 900, epoch: 1 | loss: 0.2774948
	speed: 0.1314s/iter; left time: 2685.8698s
	iters: 1000, epoch: 1 | loss: 0.2755847
	speed: 0.1271s/iter; left time: 2584.8162s
Epoch: 1 cost time: 126.92367935180664
Epoch: 1, Steps: 1067 | Train Loss: 0.3101541 Vali Loss: 0.4061513 Test Loss: 0.3149704
Validation loss decreased (inf --> 0.406151).  Saving model ...
	iters: 100, epoch: 2 | loss: 0.2547147
	speed: 0.0900s/iter; left time: 1815.0571s
	iters: 200, epoch: 2 | loss: 0.2661813
	speed: 0.1025s/iter; left time: 2058.1587s
	iters: 300, epoch: 2 | loss: 0.2290104
	speed: 0.1461s/iter; left time: 2918.7661s
	iters: 400, epoch: 2 | loss: 0.2376692
	speed: 0.1622s/iter; left time: 3222.7343s
	iters: 500, epoch: 2 | loss: 0.1963670
	speed: 0.1074s/iter; left time: 2124.2318s
	iters: 600, epoch: 2 | loss: 0.2416347
	speed: 0.1077s/iter; left time: 2118.3516s
	iters: 700, epoch: 2 | loss: 0.2476805
	speed: 0.1099s/iter; left time: 2151.6168s
	iters: 800, epoch: 2 | loss: 0.2512475
	speed: 0.1072s/iter; left time: 2088.2461s
	iters: 900, epoch: 2 | loss: 0.2148604
	speed: 0.1394s/iter; left time: 2701.6052s
	iters: 1000, epoch: 2 | loss: 0.2161712
	speed: 0.2671s/iter; left time: 5147.5274s
Epoch: 2 cost time: 152.29408168792725
Epoch: 2, Steps: 1067 | Train Loss: 0.2299069 Vali Loss: 0.4429423 Test Loss: 0.3306452
EarlyStopping counter: 1 out of 3
Updating learning rate to 5e-05
	iters: 100, epoch: 3 | loss: 0.2119365
	speed: 0.1896s/iter; left time: 3623.0192s
	iters: 200, epoch: 3 | loss: 0.1951643
	speed: 0.1064s/iter; left time: 2022.0301s
	iters: 300, epoch: 3 | loss: 0.1759145
	speed: 0.1069s/iter; left time: 2020.5018s
	iters: 400, epoch: 3 | loss: 0.1737621
	speed: 0.1123s/iter; left time: 2112.3116s
	iters: 500, epoch: 3 | loss: 0.2025165
	speed: 0.1358s/iter; left time: 2540.6450s
	iters: 600, epoch: 3 | loss: 0.1860664
	speed: 0.1391s/iter; left time: 2588.7129s
	iters: 700, epoch: 3 | loss: 0.1631969
	speed: 0.1076s/iter; left time: 1991.5325s
	iters: 800, epoch: 3 | loss: 0.1777746
	speed: 0.1095s/iter; left time: 2015.6348s
	iters: 900, epoch: 3 | loss: 0.1722164
	speed: 0.1064s/iter; left time: 1947.8911s
	iters: 1000, epoch: 3 | loss: 0.2008230
	speed: 0.1067s/iter; left time: 1941.9085s
Epoch: 3 cost time: 130.6240291595459
Epoch: 3, Steps: 1067 | Train Loss: 0.2024236 Vali Loss: 0.4738734 Test Loss: 0.3283022
EarlyStopping counter: 2 out of 3
	iters: 100, epoch: 4 | loss: 0.1883219
	speed: 0.1883s/iter; left time: 3397.0964s
	iters: 200, epoch: 4 | loss: 0.1752947
	speed: 0.1318s/iter; left time: 2363.6557s
	iters: 300, epoch: 4 | loss: 0.2551834
	speed: 0.1109s/iter; left time: 1978.9922s
	iters: 400, epoch: 4 | loss: 0.1964602
	speed: 0.1164s/iter; left time: 2065.6050s
	iters: 500, epoch: 4 | loss: 0.1703103
	speed: 0.1206s/iter; left time: 2127.4233s
	iters: 600, epoch: 4 | loss: 0.2243376
	speed: 0.1075s/iter; left time: 1885.9932s
	iters: 700, epoch: 4 | loss: 0.2001410
	speed: 0.1088s/iter; left time: 1897.0328s
	iters: 800, epoch: 4 | loss: 0.1860891
	speed: 0.1075s/iter; left time: 1863.2337s
	iters: 900, epoch: 4 | loss: 0.1989292
	speed: 0.1098s/iter; left time: 1892.5852s
	iters: 1000, epoch: 4 | loss: 0.1791013
	speed: 0.2326s/iter; left time: 3987.6082s
Epoch: 4 cost time: 150.69739413261414
Epoch: 4, Steps: 1067 | Train Loss: 0.1890922 Vali Loss: 0.4806132 Test Loss: 0.3384727
EarlyStopping counter: 3 out of 3
Early stopping
>>>>>>>testing : Crossformer_ETTm1_il336_ol96_sl24_win2_fa10_dm256_nh4_el3_itr3<<<<<<<<<<<<<<<<<<<<<<<<<<<<<<<<<
test 11425
mse:0.3149349093437195, mae:0.36772990226745605
Use GPU: cuda:0
>>>>>>>start training : Crossformer_ETTm1_il336_ol96_sl24_win2_fa10_dm256_nh4_el3_itr4>>>>>>>>>>>>>>>>>>>>>>>>>>
train 34129
val 11425
test 11425
	iters: 100, epoch: 1 | loss: 0.3463473
	speed: 0.1086s/iter; left time: 2307.7936s
	iters: 200, epoch: 1 | loss: 0.3827223
	speed: 0.1073s/iter; left time: 2268.3389s
	iters: 300, epoch: 1 | loss: 0.2962916
	speed: 0.1090s/iter; left time: 2292.6214s
	iters: 400, epoch: 1 | loss: 0.2916015
	speed: 0.1073s/iter; left time: 2247.8836s
	iters: 500, epoch: 1 | loss: 0.3055310
	speed: 0.1206s/iter; left time: 2514.1192s
	iters: 600, epoch: 1 | loss: 0.3321404
	speed: 0.1536s/iter; left time: 3185.5533s
	iters: 700, epoch: 1 | loss: 0.2771725
	speed: 0.2264s/iter; left time: 4672.6622s
	iters: 800, epoch: 1 | loss: 0.2395166
	speed: 0.2606s/iter; left time: 5353.7784s
	iters: 900, epoch: 1 | loss: 0.2223287
	speed: 0.2627s/iter; left time: 5370.5003s
	iters: 1000, epoch: 1 | loss: 0.2214378
	speed: 0.1173s/iter; left time: 2385.1428s
Epoch: 1 cost time: 164.66529393196106
Epoch: 1, Steps: 1067 | Train Loss: 0.3130739 Vali Loss: 0.4157978 Test Loss: 0.3037922
Validation loss decreased (inf --> 0.415798).  Saving model ...
	iters: 100, epoch: 2 | loss: 0.2390711
	speed: 0.1540s/iter; left time: 3106.1493s
	iters: 200, epoch: 2 | loss: 0.2149914
	speed: 0.1092s/iter; left time: 2192.3823s
	iters: 300, epoch: 2 | loss: 0.2108662
	speed: 0.1077s/iter; left time: 2150.5592s
	iters: 400, epoch: 2 | loss: 0.2573085
	speed: 0.1073s/iter; left time: 2131.6438s
	iters: 500, epoch: 2 | loss: 0.2549720
	speed: 0.1477s/iter; left time: 2919.9522s
	iters: 600, epoch: 2 | loss: 0.2326274
	speed: 0.1519s/iter; left time: 2987.7593s
	iters: 700, epoch: 2 | loss: 0.2377402
	speed: 0.1469s/iter; left time: 2874.5761s
	iters: 800, epoch: 2 | loss: 0.2095619
	speed: 0.1070s/iter; left time: 2083.6778s
	iters: 900, epoch: 2 | loss: 0.2043702
	speed: 0.1540s/iter; left time: 2982.9200s
	iters: 1000, epoch: 2 | loss: 0.1977351
	speed: 0.1470s/iter; left time: 2832.7171s
Epoch: 2 cost time: 140.5041344165802
Epoch: 2, Steps: 1067 | Train Loss: 0.2298292 Vali Loss: 0.4643123 Test Loss: 0.3120735
EarlyStopping counter: 1 out of 3
Updating learning rate to 5e-05
	iters: 100, epoch: 3 | loss: 0.1885532
	speed: 0.1169s/iter; left time: 2232.9758s
	iters: 200, epoch: 3 | loss: 0.2581007
	speed: 0.1150s/iter; left time: 2185.6374s
	iters: 300, epoch: 3 | loss: 0.2274547
	speed: 0.2242s/iter; left time: 4239.5882s
	iters: 400, epoch: 3 | loss: 0.2189602
	speed: 0.2472s/iter; left time: 4648.1662s
	iters: 500, epoch: 3 | loss: 0.1882073
	speed: 0.1781s/iter; left time: 3330.8480s
	iters: 600, epoch: 3 | loss: 0.1650202
	speed: 0.1180s/iter; left time: 2194.7005s
	iters: 700, epoch: 3 | loss: 0.1886307
	speed: 0.1076s/iter; left time: 1990.4637s
	iters: 800, epoch: 3 | loss: 0.2013842
	speed: 0.1075s/iter; left time: 1978.3360s
	iters: 900, epoch: 3 | loss: 0.1785407
	speed: 0.1076s/iter; left time: 1970.5076s
	iters: 1000, epoch: 3 | loss: 0.2157813
	speed: 0.1109s/iter; left time: 2019.5854s
Epoch: 3 cost time: 150.57074522972107
Epoch: 3, Steps: 1067 | Train Loss: 0.2007198 Vali Loss: 0.4800577 Test Loss: 0.3232962
EarlyStopping counter: 2 out of 3
	iters: 100, epoch: 4 | loss: 0.2015544
	speed: 0.1325s/iter; left time: 2390.9030s
	iters: 200, epoch: 4 | loss: 0.1901064
	speed: 0.2840s/iter; left time: 5094.5839s
	iters: 300, epoch: 4 | loss: 0.1884098
	speed: 0.2210s/iter; left time: 3942.2569s
	iters: 400, epoch: 4 | loss: 0.2127648
	speed: 0.1138s/iter; left time: 2019.5506s
	iters: 500, epoch: 4 | loss: 0.1789369
	speed: 0.1076s/iter; left time: 1897.8041s
	iters: 600, epoch: 4 | loss: 0.1779345
	speed: 0.1074s/iter; left time: 1883.1106s
	iters: 700, epoch: 4 | loss: 0.1986747
	speed: 0.1162s/iter; left time: 2027.2878s
	iters: 800, epoch: 4 | loss: 0.1925708
	speed: 0.1263s/iter; left time: 2190.8003s
	iters: 900, epoch: 4 | loss: 0.2055544
	speed: 0.1136s/iter; left time: 1958.4732s
	iters: 1000, epoch: 4 | loss: 0.1955060
	speed: 0.1193s/iter; left time: 2045.0430s
Epoch: 4 cost time: 153.68627166748047
Epoch: 4, Steps: 1067 | Train Loss: 0.1848177 Vali Loss: 0.5012421 Test Loss: 0.3571704
EarlyStopping counter: 3 out of 3
Early stopping
>>>>>>>testing : Crossformer_ETTm1_il336_ol96_sl24_win2_fa10_dm256_nh4_el3_itr4<<<<<<<<<<<<<<<<<<<<<<<<<<<<<<<<<
test 11425
mse:0.3033854365348816, mae:0.36175450682640076
