Args in experiment:
Namespace(baseline=False, batch_size=32, checkpoints='./checkpoints/', d_ff=512, d_model=256, data='ETTm1', data_dim=7, data_path='ETTm1.csv', data_split=[34560, 11520, 11520], devices='0,1,2,3', dropout=0.2, e_layers=3, factor=10, gpu=0, in_len=96, itr=5, learning_rate=0.0001, lradj='type1', n_heads=4, num_workers=0, out_len=96, patience=3, root_path='./datasets/', save_pred=False, seg_len=24, train_epochs=20, use_gpu=True, use_multi_gpu=False, win_size=2)
Use GPU: cuda:0
>>>>>>>start training : Crossformer_ETTm1_il96_ol96_sl24_win2_fa10_dm256_nh4_el3_itr0>>>>>>>>>>>>>>>>>>>>>>>>>>
train 34369
val 11425
test 11425
	iters: 100, epoch: 1 | loss: 0.5011322
	speed: 0.1967s/iter; left time: 4208.8581s
	iters: 200, epoch: 1 | loss: 0.3936611
	speed: 0.1310s/iter; left time: 2791.1636s
	iters: 300, epoch: 1 | loss: 0.3436780
	speed: 0.1165s/iter; left time: 2469.4946s
	iters: 400, epoch: 1 | loss: 0.3184273
	speed: 0.0999s/iter; left time: 2108.7192s
	iters: 500, epoch: 1 | loss: 0.3707727
	speed: 0.1546s/iter; left time: 3247.5234s
	iters: 600, epoch: 1 | loss: 0.2914065
	speed: 0.2362s/iter; left time: 4936.5901s
	iters: 700, epoch: 1 | loss: 0.3248880
	speed: 0.1780s/iter; left time: 3702.9491s
	iters: 800, epoch: 1 | loss: 0.2417514
	speed: 0.1068s/iter; left time: 2210.6551s
	iters: 900, epoch: 1 | loss: 0.2846789
	speed: 0.1045s/iter; left time: 2152.0687s
	iters: 1000, epoch: 1 | loss: 0.2796429
	speed: 0.1049s/iter; left time: 2151.0411s
Epoch: 1 cost time: 150.74740624427795
Epoch: 1, Steps: 1075 | Train Loss: 0.3411317 Vali Loss: 0.4701213 Test Loss: 0.3345728
Validation loss decreased (inf --> 0.470121).  Saving model ...
	iters: 100, epoch: 2 | loss: 0.2755009
	speed: 0.1348s/iter; left time: 2739.6351s
	iters: 200, epoch: 2 | loss: 0.2552760
	speed: 0.1545s/iter; left time: 3124.5350s
	iters: 300, epoch: 2 | loss: 0.2794417
	speed: 0.1040s/iter; left time: 2093.9877s
	iters: 400, epoch: 2 | loss: 0.2336310
	speed: 0.1201s/iter; left time: 2404.4875s
	iters: 500, epoch: 2 | loss: 0.2386872
	speed: 0.1340s/iter; left time: 2670.3840s
	iters: 600, epoch: 2 | loss: 0.2991121
	speed: 0.1038s/iter; left time: 2057.7499s
	iters: 700, epoch: 2 | loss: 0.2493210
	speed: 0.1121s/iter; left time: 2210.7425s
	iters: 800, epoch: 2 | loss: 0.2464132
	speed: 0.1506s/iter; left time: 2955.6345s
	iters: 900, epoch: 2 | loss: 0.2778888
	speed: 0.2269s/iter; left time: 4430.5183s
	iters: 1000, epoch: 2 | loss: 0.2711063
	speed: 0.1285s/iter; left time: 2496.6541s
Epoch: 2 cost time: 144.76943063735962
Epoch: 2, Steps: 1075 | Train Loss: 0.2656486 Vali Loss: 0.5559456 Test Loss: 0.4035067
EarlyStopping counter: 1 out of 3
Updating learning rate to 5e-05
	iters: 100, epoch: 3 | loss: 0.2319134
	speed: 0.1030s/iter; left time: 1982.9823s
	iters: 200, epoch: 3 | loss: 0.2249404
	speed: 0.1039s/iter; left time: 1988.9086s
	iters: 300, epoch: 3 | loss: 0.2714483
	speed: 0.1042s/iter; left time: 1985.5623s
	iters: 400, epoch: 3 | loss: 0.2283267
	speed: 0.1223s/iter; left time: 2317.1230s
	iters: 500, epoch: 3 | loss: 0.1967460
	speed: 0.1553s/iter; left time: 2928.0281s
	iters: 600, epoch: 3 | loss: 0.2362381
	speed: 0.1252s/iter; left time: 2346.7977s
	iters: 700, epoch: 3 | loss: 0.2412788
	speed: 0.1217s/iter; left time: 2270.7111s
	iters: 800, epoch: 3 | loss: 0.2135187
	speed: 0.1073s/iter; left time: 1990.2249s
	iters: 900, epoch: 3 | loss: 0.2331378
	speed: 0.1122s/iter; left time: 2069.4717s
	iters: 1000, epoch: 3 | loss: 0.2441139
	speed: 0.1253s/iter; left time: 2299.0962s
Epoch: 3 cost time: 127.12645077705383
Epoch: 3, Steps: 1075 | Train Loss: 0.2394613 Vali Loss: 0.5836968 Test Loss: 0.4257273
EarlyStopping counter: 2 out of 3
	iters: 100, epoch: 4 | loss: 0.1827715
	speed: 0.1183s/iter; left time: 2150.7280s
	iters: 200, epoch: 4 | loss: 0.2048937
	speed: 0.1040s/iter; left time: 1880.5834s
	iters: 300, epoch: 4 | loss: 0.2259773
	speed: 0.1038s/iter; left time: 1865.3555s
	iters: 400, epoch: 4 | loss: 0.2432552
	speed: 0.1043s/iter; left time: 1864.0211s
	iters: 500, epoch: 4 | loss: 0.2357346
	speed: 0.1040s/iter; left time: 1847.9364s
	iters: 600, epoch: 4 | loss: 0.2295874
	speed: 0.1069s/iter; left time: 1890.2778s
	iters: 700, epoch: 4 | loss: 0.2083194
	speed: 0.1448s/iter; left time: 2544.8061s
	iters: 800, epoch: 4 | loss: 0.2309084
	speed: 0.2469s/iter; left time: 4314.0282s
	iters: 900, epoch: 4 | loss: 0.2413374
	speed: 0.2947s/iter; left time: 5120.0260s
	iters: 1000, epoch: 4 | loss: 0.1802501
	speed: 0.2325s/iter; left time: 4016.8072s
Epoch: 4 cost time: 168.81349873542786
Epoch: 4, Steps: 1075 | Train Loss: 0.2271450 Vali Loss: 0.5312578 Test Loss: 0.4145402
EarlyStopping counter: 3 out of 3
Early stopping
>>>>>>>testing : Crossformer_ETTm1_il96_ol96_sl24_win2_fa10_dm256_nh4_el3_itr0<<<<<<<<<<<<<<<<<<<<<<<<<<<<<<<<<
test 11425
mse:0.33475449681282043, mae:0.376522034406662
Use GPU: cuda:0
>>>>>>>start training : Crossformer_ETTm1_il96_ol96_sl24_win2_fa10_dm256_nh4_el3_itr1>>>>>>>>>>>>>>>>>>>>>>>>>>
train 34369
val 11425
test 11425
	iters: 100, epoch: 1 | loss: 0.4532331
	speed: 0.0987s/iter; left time: 2112.6748s
	iters: 200, epoch: 1 | loss: 0.4363581
	speed: 0.1050s/iter; left time: 2236.2539s
	iters: 300, epoch: 1 | loss: 0.3222508
	speed: 0.1036s/iter; left time: 2197.3101s
	iters: 400, epoch: 1 | loss: 0.3705084
	speed: 0.1043s/iter; left time: 2201.4967s
	iters: 500, epoch: 1 | loss: 0.2855360
	speed: 0.1032s/iter; left time: 2168.3487s
	iters: 600, epoch: 1 | loss: 0.3292237
	speed: 0.1052s/iter; left time: 2197.9172s
	iters: 700, epoch: 1 | loss: 0.3390561
	speed: 0.1050s/iter; left time: 2184.8675s
	iters: 800, epoch: 1 | loss: 0.2951452
	speed: 0.1041s/iter; left time: 2155.7820s
	iters: 900, epoch: 1 | loss: 0.3154936
	speed: 0.1038s/iter; left time: 2138.7249s
	iters: 1000, epoch: 1 | loss: 0.3086678
	speed: 0.1737s/iter; left time: 3560.0221s
Epoch: 1 cost time: 132.39043259620667
Epoch: 1, Steps: 1075 | Train Loss: 0.3460400 Vali Loss: 0.4744736 Test Loss: 0.3589701
Validation loss decreased (inf --> 0.474474).  Saving model ...
	iters: 100, epoch: 2 | loss: 0.2728551
	speed: 0.2354s/iter; left time: 4783.7848s
	iters: 200, epoch: 2 | loss: 0.2988363
	speed: 0.1137s/iter; left time: 2298.7217s
	iters: 300, epoch: 2 | loss: 0.2854273
	speed: 0.0845s/iter; left time: 1700.3081s
	iters: 400, epoch: 2 | loss: 0.2318085
	speed: 0.0942s/iter; left time: 1887.0381s
	iters: 500, epoch: 2 | loss: 0.2395100
	speed: 0.1055s/iter; left time: 2102.7849s
	iters: 600, epoch: 2 | loss: 0.2378483
	speed: 0.1048s/iter; left time: 2076.9438s
	iters: 700, epoch: 2 | loss: 0.2653156
	speed: 0.1038s/iter; left time: 2046.6770s
	iters: 800, epoch: 2 | loss: 0.2423006
	speed: 0.1040s/iter; left time: 2041.6396s
	iters: 900, epoch: 2 | loss: 0.2951017
	speed: 0.1037s/iter; left time: 2024.1694s
	iters: 1000, epoch: 2 | loss: 0.2528629
	speed: 0.1104s/iter; left time: 2145.2512s
Epoch: 2 cost time: 124.62598061561584
Epoch: 2, Steps: 1075 | Train Loss: 0.2658051 Vali Loss: 0.4871151 Test Loss: 0.4353333
EarlyStopping counter: 1 out of 3
Updating learning rate to 5e-05
	iters: 100, epoch: 3 | loss: 0.2361562
	speed: 0.1034s/iter; left time: 1990.4859s
	iters: 200, epoch: 3 | loss: 0.2886231
	speed: 0.1079s/iter; left time: 2065.6449s
	iters: 300, epoch: 3 | loss: 0.2508348
	speed: 0.1054s/iter; left time: 2007.2255s
	iters: 400, epoch: 3 | loss: 0.2124900
	speed: 0.1072s/iter; left time: 2032.0500s
	iters: 500, epoch: 3 | loss: 0.2087323
	speed: 0.1097s/iter; left time: 2068.8638s
	iters: 600, epoch: 3 | loss: 0.2218650
	speed: 0.1054s/iter; left time: 1975.4227s
	iters: 700, epoch: 3 | loss: 0.1972694
	speed: 0.1053s/iter; left time: 1964.3221s
	iters: 800, epoch: 3 | loss: 0.2333450
	speed: 0.1040s/iter; left time: 1928.4781s
	iters: 900, epoch: 3 | loss: 0.2340510
	speed: 0.1086s/iter; left time: 2003.9432s
	iters: 1000, epoch: 3 | loss: 0.2403163
	speed: 0.1142s/iter; left time: 2095.9743s
Epoch: 3 cost time: 114.99697923660278
Epoch: 3, Steps: 1075 | Train Loss: 0.2393467 Vali Loss: 0.5223120 Test Loss: 0.4340861
EarlyStopping counter: 2 out of 3
	iters: 100, epoch: 4 | loss: 0.2435563
	speed: 0.1035s/iter; left time: 1881.7671s
	iters: 200, epoch: 4 | loss: 0.2309657
	speed: 0.1034s/iter; left time: 1869.9065s
	iters: 300, epoch: 4 | loss: 0.1904015
	speed: 0.1040s/iter; left time: 1869.8319s
	iters: 400, epoch: 4 | loss: 0.2165889
	speed: 0.1043s/iter; left time: 1864.7229s
	iters: 500, epoch: 4 | loss: 0.2209777
	speed: 0.1040s/iter; left time: 1849.3070s
	iters: 600, epoch: 4 | loss: 0.2099933
	speed: 0.1053s/iter; left time: 1861.7185s
	iters: 700, epoch: 4 | loss: 0.2136982
	speed: 0.1052s/iter; left time: 1848.9995s
	iters: 800, epoch: 4 | loss: 0.1748927
	speed: 0.1805s/iter; left time: 3154.8350s
	iters: 900, epoch: 4 | loss: 0.2376734
	speed: 0.2540s/iter; left time: 4413.3760s
	iters: 1000, epoch: 4 | loss: 0.2381359
	speed: 0.2260s/iter; left time: 3904.2981s
Epoch: 4 cost time: 146.90903329849243
Epoch: 4, Steps: 1075 | Train Loss: 0.2269519 Vali Loss: 0.5333497 Test Loss: 0.4001501
EarlyStopping counter: 3 out of 3
Early stopping
>>>>>>>testing : Crossformer_ETTm1_il96_ol96_sl24_win2_fa10_dm256_nh4_el3_itr1<<<<<<<<<<<<<<<<<<<<<<<<<<<<<<<<<
test 11425
mse:0.35909804701805115, mae:0.3989359140396118
Use GPU: cuda:0
>>>>>>>start training : Crossformer_ETTm1_il96_ol96_sl24_win2_fa10_dm256_nh4_el3_itr2>>>>>>>>>>>>>>>>>>>>>>>>>>
train 34369
val 11425
test 11425
	iters: 100, epoch: 1 | loss: 0.4797918
	speed: 0.1033s/iter; left time: 2210.2372s
	iters: 200, epoch: 1 | loss: 0.3604917
	speed: 0.1036s/iter; left time: 2207.3370s
	iters: 300, epoch: 1 | loss: 0.3275489
	speed: 0.1039s/iter; left time: 2203.1693s
	iters: 400, epoch: 1 | loss: 0.3540730
	speed: 0.1046s/iter; left time: 2207.5245s
	iters: 500, epoch: 1 | loss: 0.3092100
	speed: 0.1266s/iter; left time: 2659.2045s
	iters: 600, epoch: 1 | loss: 0.2688100
	speed: 0.2147s/iter; left time: 4487.2371s
	iters: 700, epoch: 1 | loss: 0.2587358
	speed: 0.1551s/iter; left time: 3227.2160s
	iters: 800, epoch: 1 | loss: 0.2871320
	speed: 0.1301s/iter; left time: 2693.2123s
	iters: 900, epoch: 1 | loss: 0.2843390
	speed: 0.1042s/iter; left time: 2146.9789s
	iters: 1000, epoch: 1 | loss: 0.2441797
	speed: 0.1031s/iter; left time: 2113.2857s
Epoch: 1 cost time: 136.36075496673584
Epoch: 1, Steps: 1075 | Train Loss: 0.3432544 Vali Loss: 0.4654365 Test Loss: 0.3656096
Validation loss decreased (inf --> 0.465436).  Saving model ...
	iters: 100, epoch: 2 | loss: 0.2213215
	speed: 0.2155s/iter; left time: 4380.4996s
	iters: 200, epoch: 2 | loss: 0.2949551
	speed: 0.1070s/iter; left time: 2164.1533s
	iters: 300, epoch: 2 | loss: 0.2778408
	speed: 0.1036s/iter; left time: 2084.7219s
	iters: 400, epoch: 2 | loss: 0.2496834
	speed: 0.1545s/iter; left time: 3094.8768s
	iters: 500, epoch: 2 | loss: 0.2365847
	speed: 0.1603s/iter; left time: 3193.8906s
	iters: 600, epoch: 2 | loss: 0.2425389
	speed: 0.1615s/iter; left time: 3200.9211s
	iters: 700, epoch: 2 | loss: 0.2404806
	speed: 0.1337s/iter; left time: 2637.3024s
	iters: 800, epoch: 2 | loss: 0.2929556
	speed: 0.1040s/iter; left time: 2040.3495s
	iters: 900, epoch: 2 | loss: 0.2603319
	speed: 0.1041s/iter; left time: 2032.3652s
	iters: 1000, epoch: 2 | loss: 0.2355462
	speed: 0.1049s/iter; left time: 2038.2311s
Epoch: 2 cost time: 142.77028822898865
Epoch: 2, Steps: 1075 | Train Loss: 0.2644541 Vali Loss: 0.5104464 Test Loss: 0.3748406
EarlyStopping counter: 1 out of 3
Updating learning rate to 5e-05
	iters: 100, epoch: 3 | loss: 0.2415892
	speed: 0.1503s/iter; left time: 2893.6489s
	iters: 200, epoch: 3 | loss: 0.2182105
	speed: 0.1428s/iter; left time: 2735.3352s
	iters: 300, epoch: 3 | loss: 0.2803424
	speed: 0.2361s/iter; left time: 4498.8535s
	iters: 400, epoch: 3 | loss: 0.2492401
	speed: 0.1379s/iter; left time: 2613.8218s
	iters: 500, epoch: 3 | loss: 0.2660486
	speed: 0.1328s/iter; left time: 2502.6945s
	iters: 600, epoch: 3 | loss: 0.2722165
	speed: 0.1680s/iter; left time: 3150.6686s
	iters: 700, epoch: 3 | loss: 0.1879390
	speed: 0.1082s/iter; left time: 2018.5592s
	iters: 800, epoch: 3 | loss: 0.2073509
	speed: 0.1040s/iter; left time: 1928.4204s
	iters: 900, epoch: 3 | loss: 0.1946691
	speed: 0.1043s/iter; left time: 1924.8154s
	iters: 1000, epoch: 3 | loss: 0.2203342
	speed: 0.1036s/iter; left time: 1901.4772s
Epoch: 3 cost time: 146.73209810256958
Epoch: 3, Steps: 1075 | Train Loss: 0.2365775 Vali Loss: 0.5495067 Test Loss: 0.4326013
EarlyStopping counter: 2 out of 3
	iters: 100, epoch: 4 | loss: 0.2338500
	speed: 0.2370s/iter; left time: 4308.5551s
	iters: 200, epoch: 4 | loss: 0.2494270
	speed: 0.1230s/iter; left time: 2223.5761s
	iters: 300, epoch: 4 | loss: 0.2149277
	speed: 0.1050s/iter; left time: 1887.7885s
	iters: 400, epoch: 4 | loss: 0.2203295
	speed: 0.1038s/iter; left time: 1856.2801s
	iters: 500, epoch: 4 | loss: 0.2024213
	speed: 0.1036s/iter; left time: 1841.6218s
	iters: 600, epoch: 4 | loss: 0.2330004
	speed: 0.1555s/iter; left time: 2748.9594s
	iters: 700, epoch: 4 | loss: 0.2099925
	speed: 0.2529s/iter; left time: 4444.8174s
	iters: 800, epoch: 4 | loss: 0.2078063
	speed: 0.2068s/iter; left time: 3614.2690s
	iters: 900, epoch: 4 | loss: 0.1901365
	speed: 0.1303s/iter; left time: 2264.6089s
	iters: 1000, epoch: 4 | loss: 0.1891052
	speed: 0.1508s/iter; left time: 2604.5951s
Epoch: 4 cost time: 167.6926658153534
Epoch: 4, Steps: 1075 | Train Loss: 0.2234136 Vali Loss: 0.5649058 Test Loss: 0.4131341
EarlyStopping counter: 3 out of 3
Early stopping
>>>>>>>testing : Crossformer_ETTm1_il96_ol96_sl24_win2_fa10_dm256_nh4_el3_itr2<<<<<<<<<<<<<<<<<<<<<<<<<<<<<<<<<
test 11425
mse:0.365683376789093, mae:0.4063662588596344
Use GPU: cuda:0
>>>>>>>start training : Crossformer_ETTm1_il96_ol96_sl24_win2_fa10_dm256_nh4_el3_itr3>>>>>>>>>>>>>>>>>>>>>>>>>>
train 34369
val 11425
test 11425
	iters: 100, epoch: 1 | loss: 0.5018111
	speed: 0.1444s/iter; left time: 3089.6414s
	iters: 200, epoch: 1 | loss: 0.3277363
	speed: 0.1041s/iter; left time: 2216.9086s
	iters: 300, epoch: 1 | loss: 0.3252654
	speed: 0.1041s/iter; left time: 2207.8736s
	iters: 400, epoch: 1 | loss: 0.2919595
	speed: 0.1029s/iter; left time: 2171.4083s
	iters: 500, epoch: 1 | loss: 0.3224829
	speed: 0.1035s/iter; left time: 2174.3712s
	iters: 600, epoch: 1 | loss: 0.3570913
	speed: 0.1436s/iter; left time: 3001.6027s
	iters: 700, epoch: 1 | loss: 0.3168960
	speed: 0.2498s/iter; left time: 5195.5749s
	iters: 800, epoch: 1 | loss: 0.3352217
	speed: 0.1706s/iter; left time: 3532.6128s
	iters: 900, epoch: 1 | loss: 0.2710418
	speed: 0.1105s/iter; left time: 2276.4526s
	iters: 1000, epoch: 1 | loss: 0.2785326
	speed: 0.1171s/iter; left time: 2400.1302s
Epoch: 1 cost time: 143.76770424842834
Epoch: 1, Steps: 1075 | Train Loss: 0.3433050 Vali Loss: 0.4993646 Test Loss: 0.3958191
Validation loss decreased (inf --> 0.499365).  Saving model ...
	iters: 100, epoch: 2 | loss: 0.3187949
	speed: 0.1525s/iter; left time: 3099.3086s
	iters: 200, epoch: 2 | loss: 0.2398256
	speed: 0.1039s/iter; left time: 2100.5981s
	iters: 300, epoch: 2 | loss: 0.3122227
	speed: 0.1046s/iter; left time: 2104.6145s
	iters: 400, epoch: 2 | loss: 0.2384045
	speed: 0.1114s/iter; left time: 2231.5802s
	iters: 500, epoch: 2 | loss: 0.2527580
	speed: 0.1417s/iter; left time: 2823.2764s
	iters: 600, epoch: 2 | loss: 0.2843580
	speed: 0.2028s/iter; left time: 4020.2758s
	iters: 700, epoch: 2 | loss: 0.2225429
	speed: 0.1465s/iter; left time: 2890.6059s
	iters: 800, epoch: 2 | loss: 0.2734003
	speed: 0.1048s/iter; left time: 2056.3083s
	iters: 900, epoch: 2 | loss: 0.2948608
	speed: 0.1040s/iter; left time: 2030.5008s
	iters: 1000, epoch: 2 | loss: 0.2756100
	speed: 0.1045s/iter; left time: 2029.7312s
Epoch: 2 cost time: 135.73628664016724
Epoch: 2, Steps: 1075 | Train Loss: 0.2664135 Vali Loss: 0.4780970 Test Loss: 0.3824633
Validation loss decreased (0.499365 --> 0.478097).  Saving model ...
Updating learning rate to 5e-05
	iters: 100, epoch: 3 | loss: 0.2499867
	speed: 0.1865s/iter; left time: 3590.7305s
	iters: 200, epoch: 3 | loss: 0.2914829
	speed: 0.2364s/iter; left time: 4526.8827s
	iters: 300, epoch: 3 | loss: 0.2532137
	speed: 0.2417s/iter; left time: 4604.1861s
	iters: 400, epoch: 3 | loss: 0.2714141
	speed: 0.2560s/iter; left time: 4852.0702s
	iters: 500, epoch: 3 | loss: 0.2594604
	speed: 0.1171s/iter; left time: 2206.8171s
	iters: 600, epoch: 3 | loss: 0.2461779
	speed: 0.1801s/iter; left time: 3376.1950s
	iters: 700, epoch: 3 | loss: 0.2339581
	speed: 0.1263s/iter; left time: 2355.5590s
	iters: 800, epoch: 3 | loss: 0.2321450
	speed: 0.1064s/iter; left time: 1973.4392s
	iters: 900, epoch: 3 | loss: 0.2813672
	speed: 0.1042s/iter; left time: 1923.5116s
	iters: 1000, epoch: 3 | loss: 0.2718801
	speed: 0.1064s/iter; left time: 1952.4122s
Epoch: 3 cost time: 173.9714436531067
Epoch: 3, Steps: 1075 | Train Loss: 0.2411787 Vali Loss: 0.5100884 Test Loss: 0.4496709
EarlyStopping counter: 1 out of 3
	iters: 100, epoch: 4 | loss: 0.2635471
	speed: 0.2489s/iter; left time: 4524.8849s
	iters: 200, epoch: 4 | loss: 0.2505318
	speed: 0.1409s/iter; left time: 2547.3233s
	iters: 300, epoch: 4 | loss: 0.2935882
	speed: 0.1130s/iter; left time: 2031.0347s
	iters: 400, epoch: 4 | loss: 0.2254688
	speed: 0.1048s/iter; left time: 1874.0751s
	iters: 500, epoch: 4 | loss: 0.2223359
	speed: 0.1039s/iter; left time: 1846.0607s
	iters: 600, epoch: 4 | loss: 0.1994285
	speed: 0.2034s/iter; left time: 3594.5080s
	iters: 700, epoch: 4 | loss: 0.2420981
	speed: 0.2510s/iter; left time: 4411.0268s
	iters: 800, epoch: 4 | loss: 0.2533006
	speed: 0.2153s/iter; left time: 3763.0502s
	iters: 900, epoch: 4 | loss: 0.2594460
	speed: 0.1006s/iter; left time: 1748.1755s
	iters: 1000, epoch: 4 | loss: 0.2144330
	speed: 0.0910s/iter; left time: 1571.7501s
Epoch: 4 cost time: 164.92120695114136
Epoch: 4, Steps: 1075 | Train Loss: 0.2281062 Vali Loss: 0.5188307 Test Loss: 0.4387319
EarlyStopping counter: 2 out of 3
Updating learning rate to 2.5e-05
	iters: 100, epoch: 5 | loss: 0.2125279
	speed: 0.1023s/iter; left time: 1749.2528s
	iters: 200, epoch: 5 | loss: 0.2104849
	speed: 0.1039s/iter; left time: 1765.8490s
	iters: 300, epoch: 5 | loss: 0.2215017
	speed: 0.1027s/iter; left time: 1735.2902s
	iters: 400, epoch: 5 | loss: 0.2099098
	speed: 0.1038s/iter; left time: 1743.8458s
	iters: 500, epoch: 5 | loss: 0.2692340
	speed: 0.1032s/iter; left time: 1723.4546s
	iters: 600, epoch: 5 | loss: 0.2264180
	speed: 0.1040s/iter; left time: 1727.2780s
	iters: 700, epoch: 5 | loss: 0.2023823
	speed: 0.1044s/iter; left time: 1722.2217s
	iters: 800, epoch: 5 | loss: 0.2163679
	speed: 0.1033s/iter; left time: 1694.5414s
	iters: 900, epoch: 5 | loss: 0.2142602
	speed: 0.2099s/iter; left time: 3421.8906s
	iters: 1000, epoch: 5 | loss: 0.2076206
	speed: 0.2800s/iter; left time: 4536.7076s
Epoch: 5 cost time: 150.78486728668213
Epoch: 5, Steps: 1075 | Train Loss: 0.2151272 Vali Loss: 0.5615841 Test Loss: 0.4686127
EarlyStopping counter: 3 out of 3
Early stopping
>>>>>>>testing : Crossformer_ETTm1_il96_ol96_sl24_win2_fa10_dm256_nh4_el3_itr3<<<<<<<<<<<<<<<<<<<<<<<<<<<<<<<<<
test 11425
mse:0.3822384476661682, mae:0.4186669886112213
Use GPU: cuda:0
>>>>>>>start training : Crossformer_ETTm1_il96_ol96_sl24_win2_fa10_dm256_nh4_el3_itr4>>>>>>>>>>>>>>>>>>>>>>>>>>
train 34369
val 11425
test 11425
	iters: 100, epoch: 1 | loss: 0.4098608
	speed: 0.1029s/iter; left time: 2201.3283s
	iters: 200, epoch: 1 | loss: 0.3836926
	speed: 0.1042s/iter; left time: 2218.5045s
	iters: 300, epoch: 1 | loss: 0.3289516
	speed: 0.1037s/iter; left time: 2198.8678s
	iters: 400, epoch: 1 | loss: 0.3023812
	speed: 0.1036s/iter; left time: 2185.7533s
	iters: 500, epoch: 1 | loss: 0.3124532
	speed: 0.1037s/iter; left time: 2177.9427s
	iters: 600, epoch: 1 | loss: 0.2723908
	speed: 0.1190s/iter; left time: 2486.6470s
	iters: 700, epoch: 1 | loss: 0.2800929
	speed: 0.1829s/iter; left time: 3805.4188s
	iters: 800, epoch: 1 | loss: 0.2873559
	speed: 0.2214s/iter; left time: 4582.5576s
	iters: 900, epoch: 1 | loss: 0.3131811
	speed: 0.1184s/iter; left time: 2439.0083s
	iters: 1000, epoch: 1 | loss: 0.2991431
	speed: 0.1048s/iter; left time: 2147.7601s
Epoch: 1 cost time: 134.34738898277283
Epoch: 1, Steps: 1075 | Train Loss: 0.3464084 Vali Loss: 0.5175132 Test Loss: 0.3894662
Validation loss decreased (inf --> 0.517513).  Saving model ...
	iters: 100, epoch: 2 | loss: 0.2717368
	speed: 0.1130s/iter; left time: 2296.8003s
	iters: 200, epoch: 2 | loss: 0.2445307
	speed: 0.1067s/iter; left time: 2157.8764s
	iters: 300, epoch: 2 | loss: 0.2785638
	speed: 0.1041s/iter; left time: 2094.8154s
	iters: 400, epoch: 2 | loss: 0.2473878
	speed: 0.1186s/iter; left time: 2375.5682s
	iters: 500, epoch: 2 | loss: 0.2593205
	speed: 0.1347s/iter; left time: 2683.3226s
	iters: 600, epoch: 2 | loss: 0.2352685
	speed: 0.1671s/iter; left time: 3313.4859s
	iters: 700, epoch: 2 | loss: 0.2415814
	speed: 0.1135s/iter; left time: 2238.6130s
	iters: 800, epoch: 2 | loss: 0.2557189
	speed: 0.1168s/iter; left time: 2291.8937s
	iters: 900, epoch: 2 | loss: 0.2463140
	speed: 0.0992s/iter; left time: 1936.8276s
	iters: 1000, epoch: 2 | loss: 0.2435901
	speed: 0.0846s/iter; left time: 1642.7352s
Epoch: 2 cost time: 122.1506736278534
Epoch: 2, Steps: 1075 | Train Loss: 0.2672182 Vali Loss: 0.5185553 Test Loss: 0.3598359
EarlyStopping counter: 1 out of 3
Updating learning rate to 5e-05
	iters: 100, epoch: 3 | loss: 0.2229441
	speed: 0.1008s/iter; left time: 1940.9284s
	iters: 200, epoch: 3 | loss: 0.2921166
	speed: 0.1343s/iter; left time: 2572.6876s
	iters: 300, epoch: 3 | loss: 0.3018162
	speed: 0.1427s/iter; left time: 2719.0389s
	iters: 400, epoch: 3 | loss: 0.2388378
	speed: 0.1228s/iter; left time: 2327.5215s
	iters: 500, epoch: 3 | loss: 0.2884401
	speed: 0.1221s/iter; left time: 2301.4194s
	iters: 600, epoch: 3 | loss: 0.2333523
	speed: 0.1079s/iter; left time: 2023.0992s
	iters: 700, epoch: 3 | loss: 0.2234135
	speed: 0.1148s/iter; left time: 2140.4417s
	iters: 800, epoch: 3 | loss: 0.2089615
	speed: 0.1117s/iter; left time: 2072.9626s
	iters: 900, epoch: 3 | loss: 0.2347880
	speed: 0.1069s/iter; left time: 1971.5636s
	iters: 1000, epoch: 3 | loss: 0.2294062
	speed: 0.1041s/iter; left time: 1910.9587s
Epoch: 3 cost time: 124.6612229347229
Epoch: 3, Steps: 1075 | Train Loss: 0.2406707 Vali Loss: 0.5881582 Test Loss: 0.4586251
EarlyStopping counter: 2 out of 3
	iters: 100, epoch: 4 | loss: 0.2308299
	speed: 0.1392s/iter; left time: 2530.7620s
	iters: 200, epoch: 4 | loss: 0.3108530
	speed: 0.1179s/iter; left time: 2131.4398s
	iters: 300, epoch: 4 | loss: 0.2681065
	speed: 0.1321s/iter; left time: 2375.0895s
	iters: 400, epoch: 4 | loss: 0.2379961
	speed: 0.1127s/iter; left time: 2015.3519s
	iters: 500, epoch: 4 | loss: 0.2579117
	speed: 0.1035s/iter; left time: 1839.8800s
	iters: 600, epoch: 4 | loss: 0.1935207
	speed: 0.1038s/iter; left time: 1834.3323s
	iters: 700, epoch: 4 | loss: 0.2779651
	speed: 0.1079s/iter; left time: 1896.6103s
	iters: 800, epoch: 4 | loss: 0.2961663
	speed: 0.1031s/iter; left time: 1802.5711s
	iters: 900, epoch: 4 | loss: 0.2232635
	speed: 0.1154s/iter; left time: 2004.8241s
	iters: 1000, epoch: 4 | loss: 0.2355530
	speed: 0.1528s/iter; left time: 2639.1812s
Epoch: 4 cost time: 135.29384922981262
Epoch: 4, Steps: 1075 | Train Loss: 0.2291024 Vali Loss: 0.5668958 Test Loss: 0.4196699
EarlyStopping counter: 3 out of 3
Early stopping
>>>>>>>testing : Crossformer_ETTm1_il96_ol96_sl24_win2_fa10_dm256_nh4_el3_itr4<<<<<<<<<<<<<<<<<<<<<<<<<<<<<<<<<
test 11425
mse:0.38964685797691345, mae:0.42202338576316833
