Args in experiment:
Namespace(baseline=False, batch_size=32, checkpoints='./checkpoints/', d_ff=128, d_model=64, data='ETTh1', data_dim=7, data_path='ETTh1.csv', data_split=[8640, 2880, 2880], devices='0,1,2,3', dropout=0.2, e_layers=3, factor=10, gpu=0, in_len=96, itr=5, learning_rate=5e-05, lradj='fixed', n_heads=2, num_workers=0, out_len=96, patience=3, root_path='./datasets/', save_pred=False, seg_len=24, train_epochs=20, use_gpu=True, use_multi_gpu=False, win_size=2)
Use GPU: cuda:0
>>>>>>>start training : Crossformer_ETTh1_il96_ol96_sl24_win2_fa10_dm64_nh2_el3_itr0>>>>>>>>>>>>>>>>>>>>>>>>>>
train 8449
val 2785
test 2785
	iters: 100, epoch: 1 | loss: 0.7781341
	speed: 0.0823s/iter; left time: 428.0642s
	iters: 200, epoch: 1 | loss: 0.5118305
	speed: 0.0636s/iter; left time: 324.5131s
Epoch: 1 cost time: 18.733177185058594
Epoch: 1, Steps: 265 | Train Loss: 0.8195043 Vali Loss: 0.8542507 Test Loss: 0.4835560
Validation loss decreased (inf --> 0.854251).  Saving model ...
	iters: 100, epoch: 2 | loss: 0.5221040
	speed: 0.0664s/iter; left time: 327.9867s
	iters: 200, epoch: 2 | loss: 0.4390401
	speed: 0.0667s/iter; left time: 322.5925s
Epoch: 2 cost time: 17.74052095413208
Epoch: 2, Steps: 265 | Train Loss: 0.4918427 Vali Loss: 0.7687253 Test Loss: 0.4320630
Validation loss decreased (0.854251 --> 0.768725).  Saving model ...
	iters: 100, epoch: 3 | loss: 0.4505795
	speed: 0.0674s/iter; left time: 314.6558s
	iters: 200, epoch: 3 | loss: 0.4190282
	speed: 0.0661s/iter; left time: 302.3583s
Epoch: 3 cost time: 17.75417399406433
Epoch: 3, Steps: 265 | Train Loss: 0.4416542 Vali Loss: 0.7276469 Test Loss: 0.4129823
Validation loss decreased (0.768725 --> 0.727647).  Saving model ...
	iters: 100, epoch: 4 | loss: 0.3826193
	speed: 0.0673s/iter; left time: 296.6152s
	iters: 200, epoch: 4 | loss: 0.4722748
	speed: 0.0657s/iter; left time: 283.0193s
Epoch: 4 cost time: 17.53129553794861
Epoch: 4, Steps: 265 | Train Loss: 0.4125886 Vali Loss: 0.7341443 Test Loss: 0.4240922
EarlyStopping counter: 1 out of 3
	iters: 100, epoch: 5 | loss: 0.4219915
	speed: 0.0619s/iter; left time: 256.3046s
	iters: 200, epoch: 5 | loss: 0.4101079
	speed: 0.0632s/iter; left time: 255.4135s
Epoch: 5 cost time: 16.594448566436768
Epoch: 5, Steps: 265 | Train Loss: 0.3944835 Vali Loss: 0.7230423 Test Loss: 0.4168700
Validation loss decreased (0.727647 --> 0.723042).  Saving model ...
	iters: 100, epoch: 6 | loss: 0.3335370
	speed: 0.0640s/iter; left time: 248.2232s
	iters: 200, epoch: 6 | loss: 0.3801577
	speed: 0.0641s/iter; left time: 241.9789s
Epoch: 6 cost time: 16.89190435409546
Epoch: 6, Steps: 265 | Train Loss: 0.3830605 Vali Loss: 0.7335467 Test Loss: 0.4320879
EarlyStopping counter: 1 out of 3
	iters: 100, epoch: 7 | loss: 0.4052399
	speed: 0.0632s/iter; left time: 228.0862s
	iters: 200, epoch: 7 | loss: 0.3339822
	speed: 0.0646s/iter; left time: 226.7502s
Epoch: 7 cost time: 16.924034357070923
Epoch: 7, Steps: 265 | Train Loss: 0.3764277 Vali Loss: 0.7190681 Test Loss: 0.4108917
Validation loss decreased (0.723042 --> 0.719068).  Saving model ...
	iters: 100, epoch: 8 | loss: 0.3772508
	speed: 0.0607s/iter; left time: 203.0189s
	iters: 200, epoch: 8 | loss: 0.3745383
	speed: 0.0636s/iter; left time: 206.5883s
Epoch: 8 cost time: 16.56181311607361
Epoch: 8, Steps: 265 | Train Loss: 0.3692177 Vali Loss: 0.7514576 Test Loss: 0.4400159
EarlyStopping counter: 1 out of 3
	iters: 100, epoch: 9 | loss: 0.3600948
	speed: 0.0637s/iter; left time: 196.2632s
	iters: 200, epoch: 9 | loss: 0.3999760
	speed: 0.0658s/iter; left time: 196.2291s
Epoch: 9 cost time: 17.081851720809937
Epoch: 9, Steps: 265 | Train Loss: 0.3627032 Vali Loss: 0.7617938 Test Loss: 0.4425013
EarlyStopping counter: 2 out of 3
	iters: 100, epoch: 10 | loss: 0.3516952
	speed: 0.0658s/iter; left time: 185.1577s
	iters: 200, epoch: 10 | loss: 0.4121218
	speed: 0.0639s/iter; left time: 173.5765s
Epoch: 10 cost time: 17.07533049583435
Epoch: 10, Steps: 265 | Train Loss: 0.3585394 Vali Loss: 0.7273267 Test Loss: 0.4215052
EarlyStopping counter: 3 out of 3
Early stopping
>>>>>>>testing : Crossformer_ETTh1_il96_ol96_sl24_win2_fa10_dm64_nh2_el3_itr0<<<<<<<<<<<<<<<<<<<<<<<<<<<<<<<<<
test 2785
mse:0.41042354702949524, mae:0.4382563531398773
Use GPU: cuda:0
>>>>>>>start training : Crossformer_ETTh1_il96_ol96_sl24_win2_fa10_dm64_nh2_el3_itr1>>>>>>>>>>>>>>>>>>>>>>>>>>
train 8449
val 2785
test 2785
	iters: 100, epoch: 1 | loss: 0.6893198
	speed: 0.0670s/iter; left time: 348.2821s
	iters: 200, epoch: 1 | loss: 0.5198280
	speed: 0.0696s/iter; left time: 354.9670s
Epoch: 1 cost time: 18.295418977737427
Epoch: 1, Steps: 265 | Train Loss: 0.8074711 Vali Loss: 0.8419959 Test Loss: 0.4821729
Validation loss decreased (inf --> 0.841996).  Saving model ...
	iters: 100, epoch: 2 | loss: 0.4837703
	speed: 0.0691s/iter; left time: 341.1694s
	iters: 200, epoch: 2 | loss: 0.4954114
	speed: 0.0699s/iter; left time: 337.9432s
Epoch: 2 cost time: 18.223039627075195
Epoch: 2, Steps: 265 | Train Loss: 0.4846925 Vali Loss: 0.7542201 Test Loss: 0.4305346
Validation loss decreased (0.841996 --> 0.754220).  Saving model ...
	iters: 100, epoch: 3 | loss: 0.4828239
	speed: 0.0701s/iter; left time: 327.2054s
	iters: 200, epoch: 3 | loss: 0.3958908
	speed: 0.0696s/iter; left time: 317.9655s
Epoch: 3 cost time: 18.75470781326294
Epoch: 3, Steps: 265 | Train Loss: 0.4341755 Vali Loss: 0.7186637 Test Loss: 0.4067048
Validation loss decreased (0.754220 --> 0.718664).  Saving model ...
	iters: 100, epoch: 4 | loss: 0.4011098
	speed: 0.0693s/iter; left time: 305.1453s
	iters: 200, epoch: 4 | loss: 0.4148899
	speed: 0.0695s/iter; left time: 299.3019s
Epoch: 4 cost time: 18.64004349708557
Epoch: 4, Steps: 265 | Train Loss: 0.4088736 Vali Loss: 0.6948711 Test Loss: 0.4040753
Validation loss decreased (0.718664 --> 0.694871).  Saving model ...
	iters: 100, epoch: 5 | loss: 0.3721684
	speed: 0.0735s/iter; left time: 304.5293s
	iters: 200, epoch: 5 | loss: 0.4271484
	speed: 0.0750s/iter; left time: 303.0434s
Epoch: 5 cost time: 20.069225311279297
Epoch: 5, Steps: 265 | Train Loss: 0.3916779 Vali Loss: 0.6990318 Test Loss: 0.4023003
EarlyStopping counter: 1 out of 3
	iters: 100, epoch: 6 | loss: 0.3571512
	speed: 0.0701s/iter; left time: 271.8521s
	iters: 200, epoch: 6 | loss: 0.4375891
	speed: 0.0687s/iter; left time: 259.4800s
Epoch: 6 cost time: 18.658790349960327
Epoch: 6, Steps: 265 | Train Loss: 0.3810339 Vali Loss: 0.7033295 Test Loss: 0.4058182
EarlyStopping counter: 2 out of 3
	iters: 100, epoch: 7 | loss: 0.3574094
	speed: 0.0758s/iter; left time: 273.8461s
	iters: 200, epoch: 7 | loss: 0.3406184
	speed: 0.0727s/iter; left time: 255.1002s
Epoch: 7 cost time: 19.68479299545288
Epoch: 7, Steps: 265 | Train Loss: 0.3731046 Vali Loss: 0.7134817 Test Loss: 0.4060136
EarlyStopping counter: 3 out of 3
Early stopping
>>>>>>>testing : Crossformer_ETTh1_il96_ol96_sl24_win2_fa10_dm64_nh2_el3_itr1<<<<<<<<<<<<<<<<<<<<<<<<<<<<<<<<<
test 2785
mse:0.4038790166378021, mae:0.4321018159389496
Use GPU: cuda:0
>>>>>>>start training : Crossformer_ETTh1_il96_ol96_sl24_win2_fa10_dm64_nh2_el3_itr2>>>>>>>>>>>>>>>>>>>>>>>>>>
train 8449
val 2785
test 2785
	iters: 100, epoch: 1 | loss: 0.7306645
	speed: 0.0725s/iter; left time: 376.8820s
	iters: 200, epoch: 1 | loss: 0.6167486
	speed: 0.0742s/iter; left time: 378.5708s
Epoch: 1 cost time: 19.687754154205322
Epoch: 1, Steps: 265 | Train Loss: 0.8269275 Vali Loss: 0.8415292 Test Loss: 0.5036327
Validation loss decreased (inf --> 0.841529).  Saving model ...
	iters: 100, epoch: 2 | loss: 0.4684707
	speed: 0.0666s/iter; left time: 328.9455s
	iters: 200, epoch: 2 | loss: 0.4983422
	speed: 0.0655s/iter; left time: 316.6804s
Epoch: 2 cost time: 17.62836456298828
Epoch: 2, Steps: 265 | Train Loss: 0.4906764 Vali Loss: 0.7558254 Test Loss: 0.4356687
Validation loss decreased (0.841529 --> 0.755825).  Saving model ...
	iters: 100, epoch: 3 | loss: 0.4103453
	speed: 0.0645s/iter; left time: 301.3370s
	iters: 200, epoch: 3 | loss: 0.4389113
	speed: 0.0705s/iter; left time: 322.2259s
Epoch: 3 cost time: 17.949350357055664
Epoch: 3, Steps: 265 | Train Loss: 0.4388674 Vali Loss: 0.7217801 Test Loss: 0.4116296
Validation loss decreased (0.755825 --> 0.721780).  Saving model ...
	iters: 100, epoch: 4 | loss: 0.4055912
	speed: 0.0724s/iter; left time: 319.1764s
	iters: 200, epoch: 4 | loss: 0.3846088
	speed: 0.0738s/iter; left time: 317.7067s
Epoch: 4 cost time: 18.883141040802002
Epoch: 4, Steps: 265 | Train Loss: 0.4132023 Vali Loss: 0.7065344 Test Loss: 0.4140628
Validation loss decreased (0.721780 --> 0.706534).  Saving model ...
	iters: 100, epoch: 5 | loss: 0.4019626
	speed: 0.0690s/iter; left time: 285.8589s
	iters: 200, epoch: 5 | loss: 0.4202806
	speed: 0.0670s/iter; left time: 270.6264s
Epoch: 5 cost time: 18.10909128189087
Epoch: 5, Steps: 265 | Train Loss: 0.3963123 Vali Loss: 0.7154263 Test Loss: 0.4275012
EarlyStopping counter: 1 out of 3
	iters: 100, epoch: 6 | loss: 0.3533340
	speed: 0.0654s/iter; left time: 253.3594s
	iters: 200, epoch: 6 | loss: 0.3568573
	speed: 0.0655s/iter; left time: 247.3968s
Epoch: 6 cost time: 17.23716115951538
Epoch: 6, Steps: 265 | Train Loss: 0.3849003 Vali Loss: 0.6892347 Test Loss: 0.4021649
Validation loss decreased (0.706534 --> 0.689235).  Saving model ...
	iters: 100, epoch: 7 | loss: 0.3624932
	speed: 0.0642s/iter; left time: 231.8225s
	iters: 200, epoch: 7 | loss: 0.3994119
	speed: 0.0701s/iter; left time: 246.0524s
Epoch: 7 cost time: 17.6797456741333
Epoch: 7, Steps: 265 | Train Loss: 0.3766015 Vali Loss: 0.7012687 Test Loss: 0.4063891
EarlyStopping counter: 1 out of 3
	iters: 100, epoch: 8 | loss: 0.3623535
	speed: 0.0621s/iter; left time: 207.8466s
	iters: 200, epoch: 8 | loss: 0.2709623
	speed: 0.0643s/iter; left time: 208.5987s
Epoch: 8 cost time: 16.844409227371216
Epoch: 8, Steps: 265 | Train Loss: 0.3716543 Vali Loss: 0.7113944 Test Loss: 0.4171032
EarlyStopping counter: 2 out of 3
	iters: 100, epoch: 9 | loss: 0.3910844
	speed: 0.0629s/iter; left time: 193.8545s
	iters: 200, epoch: 9 | loss: 0.3587916
	speed: 0.0636s/iter; left time: 189.4646s
Epoch: 9 cost time: 16.924118280410767
Epoch: 9, Steps: 265 | Train Loss: 0.3649309 Vali Loss: 0.6982659 Test Loss: 0.4019445
EarlyStopping counter: 3 out of 3
Early stopping
>>>>>>>testing : Crossformer_ETTh1_il96_ol96_sl24_win2_fa10_dm64_nh2_el3_itr2<<<<<<<<<<<<<<<<<<<<<<<<<<<<<<<<<
test 2785
mse:0.4018763303756714, mae:0.4307134747505188
Use GPU: cuda:0
>>>>>>>start training : Crossformer_ETTh1_il96_ol96_sl24_win2_fa10_dm64_nh2_el3_itr3>>>>>>>>>>>>>>>>>>>>>>>>>>
train 8449
val 2785
test 2785
	iters: 100, epoch: 1 | loss: 0.8124805
	speed: 0.0635s/iter; left time: 330.3992s
	iters: 200, epoch: 1 | loss: 0.5434971
	speed: 0.0646s/iter; left time: 329.3395s
Epoch: 1 cost time: 16.916096925735474
Epoch: 1, Steps: 265 | Train Loss: 0.8793993 Vali Loss: 0.8697408 Test Loss: 0.5032553
Validation loss decreased (inf --> 0.869741).  Saving model ...
	iters: 100, epoch: 2 | loss: 0.4783777
	speed: 0.0630s/iter; left time: 310.7251s
	iters: 200, epoch: 2 | loss: 0.4504365
	speed: 0.0624s/iter; left time: 301.8893s
Epoch: 2 cost time: 16.62892770767212
Epoch: 2, Steps: 265 | Train Loss: 0.4967836 Vali Loss: 0.7820306 Test Loss: 0.4389851
Validation loss decreased (0.869741 --> 0.782031).  Saving model ...
	iters: 100, epoch: 3 | loss: 0.4088365
	speed: 0.0636s/iter; left time: 297.1339s
	iters: 200, epoch: 3 | loss: 0.3779591
	speed: 0.0641s/iter; left time: 292.8263s
Epoch: 3 cost time: 16.88154673576355
Epoch: 3, Steps: 265 | Train Loss: 0.4434484 Vali Loss: 0.7387849 Test Loss: 0.4184385
Validation loss decreased (0.782031 --> 0.738785).  Saving model ...
	iters: 100, epoch: 4 | loss: 0.4457290
	speed: 0.0643s/iter; left time: 283.1565s
	iters: 200, epoch: 4 | loss: 0.3845522
	speed: 0.0635s/iter; left time: 273.4401s
Epoch: 4 cost time: 17.02574133872986
Epoch: 4, Steps: 265 | Train Loss: 0.4145257 Vali Loss: 0.7297132 Test Loss: 0.4154129
Validation loss decreased (0.738785 --> 0.729713).  Saving model ...
	iters: 100, epoch: 5 | loss: 0.3793226
	speed: 0.0648s/iter; left time: 268.2572s
	iters: 200, epoch: 5 | loss: 0.3683543
	speed: 0.0641s/iter; left time: 258.9329s
Epoch: 5 cost time: 17.156280279159546
Epoch: 5, Steps: 265 | Train Loss: 0.3987274 Vali Loss: 0.7308083 Test Loss: 0.4181322
EarlyStopping counter: 1 out of 3
	iters: 100, epoch: 6 | loss: 0.3899207
	speed: 0.0627s/iter; left time: 243.1019s
	iters: 200, epoch: 6 | loss: 0.3745952
	speed: 0.0645s/iter; left time: 243.6099s
Epoch: 6 cost time: 16.911293745040894
Epoch: 6, Steps: 265 | Train Loss: 0.3877145 Vali Loss: 0.7126800 Test Loss: 0.4123260
Validation loss decreased (0.729713 --> 0.712680).  Saving model ...
	iters: 100, epoch: 7 | loss: 0.3714315
	speed: 0.0643s/iter; left time: 232.0805s
	iters: 200, epoch: 7 | loss: 0.3480425
	speed: 0.0636s/iter; left time: 223.3112s
Epoch: 7 cost time: 16.950111627578735
Epoch: 7, Steps: 265 | Train Loss: 0.3795939 Vali Loss: 0.7045737 Test Loss: 0.4066084
Validation loss decreased (0.712680 --> 0.704574).  Saving model ...
	iters: 100, epoch: 8 | loss: 0.4418691
	speed: 0.0633s/iter; left time: 211.7605s
	iters: 200, epoch: 8 | loss: 0.4103028
	speed: 0.0624s/iter; left time: 202.4922s
Epoch: 8 cost time: 16.727949380874634
Epoch: 8, Steps: 265 | Train Loss: 0.3729651 Vali Loss: 0.7182040 Test Loss: 0.4238538
EarlyStopping counter: 1 out of 3
	iters: 100, epoch: 9 | loss: 0.3287669
	speed: 0.0630s/iter; left time: 194.0068s
	iters: 200, epoch: 9 | loss: 0.4030167
	speed: 0.0631s/iter; left time: 188.2430s
Epoch: 9 cost time: 16.88102126121521
Epoch: 9, Steps: 265 | Train Loss: 0.3668792 Vali Loss: 0.6998857 Test Loss: 0.4039725
Validation loss decreased (0.704574 --> 0.699886).  Saving model ...
	iters: 100, epoch: 10 | loss: 0.3092375
	speed: 0.0625s/iter; left time: 176.1368s
	iters: 200, epoch: 10 | loss: 0.4174884
	speed: 0.0631s/iter; left time: 171.2912s
Epoch: 10 cost time: 16.742533922195435
Epoch: 10, Steps: 265 | Train Loss: 0.3630633 Vali Loss: 0.7029340 Test Loss: 0.4125329
EarlyStopping counter: 1 out of 3
	iters: 100, epoch: 11 | loss: 0.3127411
	speed: 0.0617s/iter; left time: 157.3580s
	iters: 200, epoch: 11 | loss: 0.3666834
	speed: 0.0648s/iter; left time: 158.8358s
Epoch: 11 cost time: 16.762739658355713
Epoch: 11, Steps: 265 | Train Loss: 0.3583367 Vali Loss: 0.7013045 Test Loss: 0.4009653
EarlyStopping counter: 2 out of 3
	iters: 100, epoch: 12 | loss: 0.3551272
	speed: 0.0655s/iter; left time: 149.7380s
	iters: 200, epoch: 12 | loss: 0.3777205
	speed: 0.0644s/iter; left time: 140.8142s
Epoch: 12 cost time: 17.152243852615356
Epoch: 12, Steps: 265 | Train Loss: 0.3554528 Vali Loss: 0.7005562 Test Loss: 0.4031649
EarlyStopping counter: 3 out of 3
Early stopping
>>>>>>>testing : Crossformer_ETTh1_il96_ol96_sl24_win2_fa10_dm64_nh2_el3_itr3<<<<<<<<<<<<<<<<<<<<<<<<<<<<<<<<<
test 2785
mse:0.40373495221138, mae:0.42974478006362915
Use GPU: cuda:0
>>>>>>>start training : Crossformer_ETTh1_il96_ol96_sl24_win2_fa10_dm64_nh2_el3_itr4>>>>>>>>>>>>>>>>>>>>>>>>>>
train 8449
val 2785
test 2785
	iters: 100, epoch: 1 | loss: 0.6591749
	speed: 0.0643s/iter; left time: 334.6537s
	iters: 200, epoch: 1 | loss: 0.5822124
	speed: 0.0633s/iter; left time: 323.1282s
Epoch: 1 cost time: 17.16114616394043
Epoch: 1, Steps: 265 | Train Loss: 0.8045467 Vali Loss: 0.8436529 Test Loss: 0.4971773
Validation loss decreased (inf --> 0.843653).  Saving model ...
	iters: 100, epoch: 2 | loss: 0.4858616
	speed: 0.0632s/iter; left time: 312.0795s
	iters: 200, epoch: 2 | loss: 0.4915625
	speed: 0.0639s/iter; left time: 309.1818s
Epoch: 2 cost time: 16.911362409591675
Epoch: 2, Steps: 265 | Train Loss: 0.4865660 Vali Loss: 0.7606621 Test Loss: 0.4394874
Validation loss decreased (0.843653 --> 0.760662).  Saving model ...
	iters: 100, epoch: 3 | loss: 0.4381882
	speed: 0.0610s/iter; left time: 285.1329s
	iters: 200, epoch: 3 | loss: 0.4086886
	speed: 0.0632s/iter; left time: 288.9857s
Epoch: 3 cost time: 16.52669906616211
Epoch: 3, Steps: 265 | Train Loss: 0.4412197 Vali Loss: 0.7460244 Test Loss: 0.4289200
Validation loss decreased (0.760662 --> 0.746024).  Saving model ...
	iters: 100, epoch: 4 | loss: 0.4207599
	speed: 0.0639s/iter; left time: 281.6849s
	iters: 200, epoch: 4 | loss: 0.3847135
	speed: 0.0627s/iter; left time: 269.8392s
Epoch: 4 cost time: 16.792659521102905
Epoch: 4, Steps: 265 | Train Loss: 0.4126792 Vali Loss: 0.7072540 Test Loss: 0.4058174
Validation loss decreased (0.746024 --> 0.707254).  Saving model ...
	iters: 100, epoch: 5 | loss: 0.4348221
	speed: 0.0631s/iter; left time: 261.4294s
	iters: 200, epoch: 5 | loss: 0.3375989
	speed: 0.0630s/iter; left time: 254.6861s
Epoch: 5 cost time: 16.79598355293274
Epoch: 5, Steps: 265 | Train Loss: 0.3950783 Vali Loss: 0.7110217 Test Loss: 0.4091694
EarlyStopping counter: 1 out of 3
	iters: 100, epoch: 6 | loss: 0.4155986
	speed: 0.0640s/iter; left time: 248.0849s
	iters: 200, epoch: 6 | loss: 0.4374977
	speed: 0.0617s/iter; left time: 233.1421s
Epoch: 6 cost time: 16.918416738510132
Epoch: 6, Steps: 265 | Train Loss: 0.3845545 Vali Loss: 0.7054700 Test Loss: 0.4080167
Validation loss decreased (0.707254 --> 0.705470).  Saving model ...
	iters: 100, epoch: 7 | loss: 0.3707073
	speed: 0.0675s/iter; left time: 243.5932s
	iters: 200, epoch: 7 | loss: 0.3643382
	speed: 0.0656s/iter; left time: 230.2401s
Epoch: 7 cost time: 17.754256010055542
Epoch: 7, Steps: 265 | Train Loss: 0.3769068 Vali Loss: 0.6962256 Test Loss: 0.4129246
Validation loss decreased (0.705470 --> 0.696226).  Saving model ...
	iters: 100, epoch: 8 | loss: 0.3687672
	speed: 0.0667s/iter; left time: 223.0732s
	iters: 200, epoch: 8 | loss: 0.4326816
	speed: 0.0700s/iter; left time: 227.2730s
Epoch: 8 cost time: 18.085867404937744
Epoch: 8, Steps: 265 | Train Loss: 0.3709795 Vali Loss: 0.7003504 Test Loss: 0.4068372
EarlyStopping counter: 1 out of 3
	iters: 100, epoch: 9 | loss: 0.3124908
	speed: 0.0679s/iter; left time: 209.3340s
	iters: 200, epoch: 9 | loss: 0.3394180
	speed: 0.0711s/iter; left time: 212.0663s
Epoch: 9 cost time: 18.315807580947876
Epoch: 9, Steps: 265 | Train Loss: 0.3652674 Vali Loss: 0.7157298 Test Loss: 0.4102600
EarlyStopping counter: 2 out of 3
	iters: 100, epoch: 10 | loss: 0.3649204
	speed: 0.0707s/iter; left time: 199.2044s
	iters: 200, epoch: 10 | loss: 0.3608687
	speed: 0.0679s/iter; left time: 184.5423s
Epoch: 10 cost time: 18.147202253341675
Epoch: 10, Steps: 265 | Train Loss: 0.3611407 Vali Loss: 0.6915675 Test Loss: 0.4053563
Validation loss decreased (0.696226 --> 0.691568).  Saving model ...
	iters: 100, epoch: 11 | loss: 0.3760999
	speed: 0.0751s/iter; left time: 191.4781s
	iters: 200, epoch: 11 | loss: 0.3362258
	speed: 0.0763s/iter; left time: 187.0621s
Epoch: 11 cost time: 20.878437519073486
Epoch: 11, Steps: 265 | Train Loss: 0.3570961 Vali Loss: 0.7099008 Test Loss: 0.4072503
EarlyStopping counter: 1 out of 3
	iters: 100, epoch: 12 | loss: 0.3845506
	speed: 0.0858s/iter; left time: 196.1744s
	iters: 200, epoch: 12 | loss: 0.3285787
	speed: 0.0836s/iter; left time: 182.6623s
Epoch: 12 cost time: 21.960490465164185
Epoch: 12, Steps: 265 | Train Loss: 0.3536267 Vali Loss: 0.7034630 Test Loss: 0.4074313
EarlyStopping counter: 2 out of 3
	iters: 100, epoch: 13 | loss: 0.3684393
	speed: 0.0785s/iter; left time: 158.6355s
	iters: 200, epoch: 13 | loss: 0.3788408
	speed: 0.0804s/iter; left time: 154.4063s
Epoch: 13 cost time: 21.222238779067993
Epoch: 13, Steps: 265 | Train Loss: 0.3521740 Vali Loss: 0.7255606 Test Loss: 0.4178949
EarlyStopping counter: 3 out of 3
Early stopping
>>>>>>>testing : Crossformer_ETTh1_il96_ol96_sl24_win2_fa10_dm64_nh2_el3_itr4<<<<<<<<<<<<<<<<<<<<<<<<<<<<<<<<<
test 2785
mse:0.40486228466033936, mae:0.43153151869773865
