Args in experiment:
Namespace(baseline=False, batch_size=32, checkpoints='./checkpoints/', d_ff=512, d_model=256, data='illness', data_dim=7, data_path='national_illness.csv', data_split=[0.7, 0.1, 0.2], devices='0,1,2,3', dropout=0.6, e_layers=2, factor=10, gpu=0, in_len=336, itr=5, learning_rate=0.0005, lradj='type1', n_heads=4, num_workers=0, out_len=36, patience=3, root_path='./datasets/', save_pred=False, seg_len=6, train_epochs=20, use_gpu=True, use_multi_gpu=False, win_size=2)
Use GPU: cuda:0
>>>>>>>start training : Crossformer_illness_il336_ol36_sl6_win2_fa10_dm256_nh4_el2_itr0>>>>>>>>>>>>>>>>>>>>>>>>>>
train 305
val 62
test 158
Epoch: 1 cost time: 7.035095930099487
Epoch: 1, Steps: 10 | Train Loss: 1.7366602 Vali Loss: 0.8097684 Test Loss: 4.9337407
Validation loss decreased (inf --> 0.809768).  Saving model ...
Epoch: 2 cost time: 1.5655314922332764
Epoch: 2, Steps: 10 | Train Loss: 1.1794394 Vali Loss: 0.6862785 Test Loss: 5.3136587
Validation loss decreased (0.809768 --> 0.686278).  Saving model ...
Updating learning rate to 0.00025
Epoch: 3 cost time: 1.5352849960327148
Epoch: 3, Steps: 10 | Train Loss: 1.0847212 Vali Loss: 0.6833480 Test Loss: 5.6698110
Validation loss decreased (0.686278 --> 0.683348).  Saving model ...
Epoch: 4 cost time: 1.9997327327728271
Epoch: 4, Steps: 10 | Train Loss: 1.0585162 Vali Loss: 0.6901468 Test Loss: 5.8763134
EarlyStopping counter: 1 out of 3
Updating learning rate to 0.000125
Epoch: 5 cost time: 1.3766062259674072
Epoch: 5, Steps: 10 | Train Loss: 1.0181475 Vali Loss: 0.6753262 Test Loss: 5.7401307
Validation loss decreased (0.683348 --> 0.675326).  Saving model ...
Epoch: 6 cost time: 1.3145160675048828
Epoch: 6, Steps: 10 | Train Loss: 1.0041072 Vali Loss: 0.6787115 Test Loss: 5.8376198
EarlyStopping counter: 1 out of 3
Updating learning rate to 6.25e-05
Epoch: 7 cost time: 1.7093329429626465
Epoch: 7, Steps: 10 | Train Loss: 0.9927576 Vali Loss: 0.6915968 Test Loss: 5.9368762
EarlyStopping counter: 2 out of 3
Epoch: 8 cost time: 1.5639746189117432
Epoch: 8, Steps: 10 | Train Loss: 0.9975881 Vali Loss: 0.6581997 Test Loss: 5.7944729
Validation loss decreased (0.675326 --> 0.658200).  Saving model ...
Updating learning rate to 3.125e-05
Epoch: 9 cost time: 1.4289467334747314
Epoch: 9, Steps: 10 | Train Loss: 0.9584334 Vali Loss: 0.6542345 Test Loss: 5.7985640
Validation loss decreased (0.658200 --> 0.654234).  Saving model ...
Epoch: 10 cost time: 1.589076280593872
Epoch: 10, Steps: 10 | Train Loss: 0.9544245 Vali Loss: 0.6509398 Test Loss: 5.8172239
Validation loss decreased (0.654234 --> 0.650940).  Saving model ...
Updating learning rate to 1.5625e-05
Epoch: 11 cost time: 1.3963563442230225
Epoch: 11, Steps: 10 | Train Loss: 0.9540229 Vali Loss: 0.6438567 Test Loss: 5.7898358
Validation loss decreased (0.650940 --> 0.643857).  Saving model ...
Epoch: 12 cost time: 1.29892897605896
Epoch: 12, Steps: 10 | Train Loss: 0.9539177 Vali Loss: 0.6434164 Test Loss: 5.7757751
Validation loss decreased (0.643857 --> 0.643416).  Saving model ...
Epoch: 13 cost time: 1.25858473777771
Epoch: 13, Steps: 10 | Train Loss: 0.9451995 Vali Loss: 0.6316253 Test Loss: 5.7432703
Validation loss decreased (0.643416 --> 0.631625).  Saving model ...
Epoch: 14 cost time: 1.2033038139343262
Epoch: 14, Steps: 10 | Train Loss: 0.9314744 Vali Loss: 0.6304898 Test Loss: 5.7548651
Validation loss decreased (0.631625 --> 0.630490).  Saving model ...
Epoch: 15 cost time: 1.7186474800109863
Epoch: 15, Steps: 10 | Train Loss: 0.9166794 Vali Loss: 0.6091430 Test Loss: 5.6711732
Validation loss decreased (0.630490 --> 0.609143).  Saving model ...
Epoch: 16 cost time: 1.7325241565704346
Epoch: 16, Steps: 10 | Train Loss: 0.9090046 Vali Loss: 0.6052772 Test Loss: 5.6597605
Validation loss decreased (0.609143 --> 0.605277).  Saving model ...
Epoch: 17 cost time: 1.8023066520690918
Epoch: 17, Steps: 10 | Train Loss: 0.8902508 Vali Loss: 0.5840817 Test Loss: 5.5332494
Validation loss decreased (0.605277 --> 0.584082).  Saving model ...
Epoch: 18 cost time: 1.7418859004974365
Epoch: 18, Steps: 10 | Train Loss: 0.8882150 Vali Loss: 0.5791496 Test Loss: 5.5605522
Validation loss decreased (0.584082 --> 0.579150).  Saving model ...
Epoch: 19 cost time: 1.6673815250396729
Epoch: 19, Steps: 10 | Train Loss: 0.8708227 Vali Loss: 0.5678584 Test Loss: 5.5383468
Validation loss decreased (0.579150 --> 0.567858).  Saving model ...
Epoch: 20 cost time: 1.7022809982299805
Epoch: 20, Steps: 10 | Train Loss: 0.8453519 Vali Loss: 0.5565373 Test Loss: 5.4557648
Validation loss decreased (0.567858 --> 0.556537).  Saving model ...
>>>>>>>testing : Crossformer_illness_il336_ol36_sl6_win2_fa10_dm256_nh4_el2_itr0<<<<<<<<<<<<<<<<<<<<<<<<<<<<<<<<<
test 158
mse:5.471648216247559, mae:1.5613980293273926
Use GPU: cuda:0
>>>>>>>start training : Crossformer_illness_il336_ol36_sl6_win2_fa10_dm256_nh4_el2_itr1>>>>>>>>>>>>>>>>>>>>>>>>>>
train 305
val 62
test 158
Epoch: 1 cost time: 1.8904075622558594
Epoch: 1, Steps: 10 | Train Loss: 1.7104643 Vali Loss: 0.9178241 Test Loss: 4.8278592
Validation loss decreased (inf --> 0.917824).  Saving model ...
Epoch: 2 cost time: 1.7772777080535889
Epoch: 2, Steps: 10 | Train Loss: 1.1795650 Vali Loss: 0.6909254 Test Loss: 5.5349904
Validation loss decreased (0.917824 --> 0.690925).  Saving model ...
Updating learning rate to 0.00025
Epoch: 3 cost time: 1.815110206604004
Epoch: 3, Steps: 10 | Train Loss: 1.0745099 Vali Loss: 0.6778623 Test Loss: 5.5953937
Validation loss decreased (0.690925 --> 0.677862).  Saving model ...
Epoch: 4 cost time: 1.7414262294769287
Epoch: 4, Steps: 10 | Train Loss: 1.0384330 Vali Loss: 0.7368090 Test Loss: 6.0551782
EarlyStopping counter: 1 out of 3
Updating learning rate to 0.000125
Epoch: 5 cost time: 1.6120126247406006
Epoch: 5, Steps: 10 | Train Loss: 1.0270687 Vali Loss: 0.6542465 Test Loss: 5.5766549
Validation loss decreased (0.677862 --> 0.654247).  Saving model ...
Epoch: 6 cost time: 1.7826948165893555
Epoch: 6, Steps: 10 | Train Loss: 1.0052640 Vali Loss: 0.6977544 Test Loss: 5.9137959
EarlyStopping counter: 1 out of 3
Updating learning rate to 6.25e-05
Epoch: 7 cost time: 1.2465641498565674
Epoch: 7, Steps: 10 | Train Loss: 0.9854146 Vali Loss: 0.6792959 Test Loss: 5.8631006
EarlyStopping counter: 2 out of 3
Epoch: 8 cost time: 1.187281847000122
Epoch: 8, Steps: 10 | Train Loss: 0.9915479 Vali Loss: 0.6914123 Test Loss: 5.9110148
EarlyStopping counter: 3 out of 3
Early stopping
>>>>>>>testing : Crossformer_illness_il336_ol36_sl6_win2_fa10_dm256_nh4_el2_itr1<<<<<<<<<<<<<<<<<<<<<<<<<<<<<<<<<
test 158
mse:5.593830108642578, mae:1.6100834608078003
Use GPU: cuda:0
>>>>>>>start training : Crossformer_illness_il336_ol36_sl6_win2_fa10_dm256_nh4_el2_itr2>>>>>>>>>>>>>>>>>>>>>>>>>>
train 305
val 62
test 158
Epoch: 1 cost time: 1.1848475933074951
Epoch: 1, Steps: 10 | Train Loss: 1.7242521 Vali Loss: 0.8207890 Test Loss: 5.2769852
Validation loss decreased (inf --> 0.820789).  Saving model ...
Epoch: 2 cost time: 1.1670811176300049
Epoch: 2, Steps: 10 | Train Loss: 1.1701241 Vali Loss: 0.6847177 Test Loss: 5.1701448
Validation loss decreased (0.820789 --> 0.684718).  Saving model ...
Updating learning rate to 0.00025
Epoch: 3 cost time: 1.166353702545166
Epoch: 3, Steps: 10 | Train Loss: 1.0772647 Vali Loss: 0.7154124 Test Loss: 5.8974105
EarlyStopping counter: 1 out of 3
Epoch: 4 cost time: 1.2030994892120361
Epoch: 4, Steps: 10 | Train Loss: 1.0594101 Vali Loss: 0.7047941 Test Loss: 5.9295543
EarlyStopping counter: 2 out of 3
Updating learning rate to 0.000125
Epoch: 5 cost time: 1.1817467212677002
Epoch: 5, Steps: 10 | Train Loss: 1.0263472 Vali Loss: 0.6812667 Test Loss: 5.8148124
Validation loss decreased (0.684718 --> 0.681267).  Saving model ...
Epoch: 6 cost time: 1.1743159294128418
Epoch: 6, Steps: 10 | Train Loss: 1.0053504 Vali Loss: 0.7066844 Test Loss: 6.0196222
EarlyStopping counter: 1 out of 3
Updating learning rate to 6.25e-05
Epoch: 7 cost time: 1.1837842464447021
Epoch: 7, Steps: 10 | Train Loss: 0.9860689 Vali Loss: 0.6757076 Test Loss: 5.8756788
Validation loss decreased (0.681267 --> 0.675708).  Saving model ...
Epoch: 8 cost time: 1.1873490810394287
Epoch: 8, Steps: 10 | Train Loss: 0.9696715 Vali Loss: 0.7064101 Test Loss: 6.0451098
EarlyStopping counter: 1 out of 3
Updating learning rate to 3.125e-05
Epoch: 9 cost time: 1.1790101528167725
Epoch: 9, Steps: 10 | Train Loss: 0.9408629 Vali Loss: 0.6665950 Test Loss: 5.8964949
Validation loss decreased (0.675708 --> 0.666595).  Saving model ...
Epoch: 10 cost time: 1.174581527709961
Epoch: 10, Steps: 10 | Train Loss: 0.9430965 Vali Loss: 0.6712953 Test Loss: 5.9030720
EarlyStopping counter: 1 out of 3
Updating learning rate to 1.5625e-05
Epoch: 11 cost time: 1.178257703781128
Epoch: 11, Steps: 10 | Train Loss: 0.9323575 Vali Loss: 0.6659059 Test Loss: 5.8811221
Validation loss decreased (0.666595 --> 0.665906).  Saving model ...
Epoch: 12 cost time: 1.1538124084472656
Epoch: 12, Steps: 10 | Train Loss: 0.9314931 Vali Loss: 0.6473455 Test Loss: 5.8198358
Validation loss decreased (0.665906 --> 0.647345).  Saving model ...
Epoch: 13 cost time: 1.232025384902954
Epoch: 13, Steps: 10 | Train Loss: 0.9207942 Vali Loss: 0.6476617 Test Loss: 5.8427157
EarlyStopping counter: 1 out of 3
Epoch: 14 cost time: 1.181640625
Epoch: 14, Steps: 10 | Train Loss: 0.9141842 Vali Loss: 0.6290618 Test Loss: 5.7486406
Validation loss decreased (0.647345 --> 0.629062).  Saving model ...
Epoch: 15 cost time: 1.1708762645721436
Epoch: 15, Steps: 10 | Train Loss: 0.8932977 Vali Loss: 0.6359986 Test Loss: 5.8213477
EarlyStopping counter: 1 out of 3
Epoch: 16 cost time: 1.220125675201416
Epoch: 16, Steps: 10 | Train Loss: 0.8939151 Vali Loss: 0.5995979 Test Loss: 5.6051186
Validation loss decreased (0.629062 --> 0.599598).  Saving model ...
Epoch: 17 cost time: 1.3327248096466064
Epoch: 17, Steps: 10 | Train Loss: 0.8874339 Vali Loss: 0.6019818 Test Loss: 5.6362387
EarlyStopping counter: 1 out of 3
Epoch: 18 cost time: 1.1773056983947754
Epoch: 18, Steps: 10 | Train Loss: 0.8512354 Vali Loss: 0.5821348 Test Loss: 5.5915687
Validation loss decreased (0.599598 --> 0.582135).  Saving model ...
Epoch: 19 cost time: 1.1839854717254639
Epoch: 19, Steps: 10 | Train Loss: 0.8759230 Vali Loss: 0.5788428 Test Loss: 5.5578084
Validation loss decreased (0.582135 --> 0.578843).  Saving model ...
Epoch: 20 cost time: 1.1614723205566406
Epoch: 20, Steps: 10 | Train Loss: 0.8530461 Vali Loss: 0.5446376 Test Loss: 5.4228531
Validation loss decreased (0.578843 --> 0.544638).  Saving model ...
>>>>>>>testing : Crossformer_illness_il336_ol36_sl6_win2_fa10_dm256_nh4_el2_itr2<<<<<<<<<<<<<<<<<<<<<<<<<<<<<<<<<
test 158
mse:5.436905384063721, mae:1.5851562023162842
Use GPU: cuda:0
>>>>>>>start training : Crossformer_illness_il336_ol36_sl6_win2_fa10_dm256_nh4_el2_itr3>>>>>>>>>>>>>>>>>>>>>>>>>>
train 305
val 62
test 158
Epoch: 1 cost time: 1.1350228786468506
Epoch: 1, Steps: 10 | Train Loss: 1.7319515 Vali Loss: 0.8285095 Test Loss: 5.1040690
Validation loss decreased (inf --> 0.828509).  Saving model ...
Epoch: 2 cost time: 1.1377251148223877
Epoch: 2, Steps: 10 | Train Loss: 1.1692856 Vali Loss: 0.6785278 Test Loss: 5.4114756
Validation loss decreased (0.828509 --> 0.678528).  Saving model ...
Updating learning rate to 0.00025
Epoch: 3 cost time: 1.200713872909546
Epoch: 3, Steps: 10 | Train Loss: 1.0769785 Vali Loss: 0.6969507 Test Loss: 5.8325421
EarlyStopping counter: 1 out of 3
Epoch: 4 cost time: 1.1824209690093994
Epoch: 4, Steps: 10 | Train Loss: 1.0214590 Vali Loss: 0.6909284 Test Loss: 6.0135641
EarlyStopping counter: 2 out of 3
Updating learning rate to 0.000125
Epoch: 5 cost time: 1.1554539203643799
Epoch: 5, Steps: 10 | Train Loss: 0.9856912 Vali Loss: 0.6471572 Test Loss: 5.7883171
Validation loss decreased (0.678528 --> 0.647157).  Saving model ...
Epoch: 6 cost time: 1.1445202827453613
Epoch: 6, Steps: 10 | Train Loss: 0.9708462 Vali Loss: 0.6315536 Test Loss: 5.8123483
Validation loss decreased (0.647157 --> 0.631554).  Saving model ...
Updating learning rate to 6.25e-05
Epoch: 7 cost time: 1.188220500946045
Epoch: 7, Steps: 10 | Train Loss: 0.9491623 Vali Loss: 0.5702369 Test Loss: 5.5839910
Validation loss decreased (0.631554 --> 0.570237).  Saving model ...
Epoch: 8 cost time: 1.15842866897583
Epoch: 8, Steps: 10 | Train Loss: 0.9187213 Vali Loss: 0.5484206 Test Loss: 5.5793678
Validation loss decreased (0.570237 --> 0.548421).  Saving model ...
Updating learning rate to 3.125e-05
Epoch: 9 cost time: 1.1374890804290771
Epoch: 9, Steps: 10 | Train Loss: 0.8826630 Vali Loss: 0.5057821 Test Loss: 5.4191343
Validation loss decreased (0.548421 --> 0.505782).  Saving model ...
Epoch: 10 cost time: 1.1508970260620117
Epoch: 10, Steps: 10 | Train Loss: 0.8656300 Vali Loss: 0.4909724 Test Loss: 5.3010720
Validation loss decreased (0.505782 --> 0.490972).  Saving model ...
Updating learning rate to 1.5625e-05
Epoch: 11 cost time: 1.1616053581237793
Epoch: 11, Steps: 10 | Train Loss: 0.8438365 Vali Loss: 0.4711683 Test Loss: 5.1812942
Validation loss decreased (0.490972 --> 0.471168).  Saving model ...
Epoch: 12 cost time: 1.172222375869751
Epoch: 12, Steps: 10 | Train Loss: 0.8250293 Vali Loss: 0.4735153 Test Loss: 5.1991649
EarlyStopping counter: 1 out of 3
Epoch: 13 cost time: 1.1739263534545898
Epoch: 13, Steps: 10 | Train Loss: 0.8058507 Vali Loss: 0.4517484 Test Loss: 5.0467165
Validation loss decreased (0.471168 --> 0.451748).  Saving model ...
Epoch: 14 cost time: 1.2041866779327393
Epoch: 14, Steps: 10 | Train Loss: 0.7966517 Vali Loss: 0.4425513 Test Loss: 4.9949429
Validation loss decreased (0.451748 --> 0.442551).  Saving model ...
Epoch: 15 cost time: 1.1648499965667725
Epoch: 15, Steps: 10 | Train Loss: 0.7961786 Vali Loss: 0.4457949 Test Loss: 4.9953971
EarlyStopping counter: 1 out of 3
Epoch: 16 cost time: 1.2682571411132812
Epoch: 16, Steps: 10 | Train Loss: 0.7844474 Vali Loss: 0.4397167 Test Loss: 4.9428917
Validation loss decreased (0.442551 --> 0.439717).  Saving model ...
Epoch: 17 cost time: 1.1532282829284668
Epoch: 17, Steps: 10 | Train Loss: 0.7510669 Vali Loss: 0.4383852 Test Loss: 4.9381817
Validation loss decreased (0.439717 --> 0.438385).  Saving model ...
Epoch: 18 cost time: 1.1477489471435547
Epoch: 18, Steps: 10 | Train Loss: 0.7447381 Vali Loss: 0.4330346 Test Loss: 4.8475235
Validation loss decreased (0.438385 --> 0.433035).  Saving model ...
Epoch: 19 cost time: 1.1068646907806396
Epoch: 19, Steps: 10 | Train Loss: 0.7341518 Vali Loss: 0.4299781 Test Loss: 4.7162142
Validation loss decreased (0.433035 --> 0.429978).  Saving model ...
Epoch: 20 cost time: 1.155705213546753
Epoch: 20, Steps: 10 | Train Loss: 0.7341046 Vali Loss: 0.4295840 Test Loss: 4.6668503
Validation loss decreased (0.429978 --> 0.429584).  Saving model ...
>>>>>>>testing : Crossformer_illness_il336_ol36_sl6_win2_fa10_dm256_nh4_el2_itr3<<<<<<<<<<<<<<<<<<<<<<<<<<<<<<<<<
test 158
mse:4.672702312469482, mae:1.5103263854980469
Use GPU: cuda:0
>>>>>>>start training : Crossformer_illness_il336_ol36_sl6_win2_fa10_dm256_nh4_el2_itr4>>>>>>>>>>>>>>>>>>>>>>>>>>
train 305
val 62
test 158
Epoch: 1 cost time: 1.1442153453826904
Epoch: 1, Steps: 10 | Train Loss: 1.7421402 Vali Loss: 0.7927955 Test Loss: 5.4353596
Validation loss decreased (inf --> 0.792796).  Saving model ...
Epoch: 2 cost time: 1.1391570568084717
Epoch: 2, Steps: 10 | Train Loss: 1.1453882 Vali Loss: 0.6722359 Test Loss: 5.3200919
Validation loss decreased (0.792796 --> 0.672236).  Saving model ...
Updating learning rate to 0.00025
Epoch: 3 cost time: 1.1479556560516357
Epoch: 3, Steps: 10 | Train Loss: 1.0855737 Vali Loss: 0.7149568 Test Loss: 5.9022378
EarlyStopping counter: 1 out of 3
Epoch: 4 cost time: 1.188136100769043
Epoch: 4, Steps: 10 | Train Loss: 1.0503372 Vali Loss: 0.6965627 Test Loss: 5.9127849
EarlyStopping counter: 2 out of 3
Updating learning rate to 0.000125
Epoch: 5 cost time: 1.0991275310516357
Epoch: 5, Steps: 10 | Train Loss: 1.0111529 Vali Loss: 0.6641744 Test Loss: 5.7740374
Validation loss decreased (0.672236 --> 0.664174).  Saving model ...
Epoch: 6 cost time: 1.6276061534881592
Epoch: 6, Steps: 10 | Train Loss: 0.9800589 Vali Loss: 0.6956210 Test Loss: 6.0008650
EarlyStopping counter: 1 out of 3
Updating learning rate to 6.25e-05
Epoch: 7 cost time: 1.8991286754608154
Epoch: 7, Steps: 10 | Train Loss: 0.9710433 Vali Loss: 0.6320335 Test Loss: 5.6967688
Validation loss decreased (0.664174 --> 0.632034).  Saving model ...
Epoch: 8 cost time: 1.6143078804016113
Epoch: 8, Steps: 10 | Train Loss: 0.9452295 Vali Loss: 0.6483748 Test Loss: 5.8873065
EarlyStopping counter: 1 out of 3
Updating learning rate to 3.125e-05
Epoch: 9 cost time: 1.6716406345367432
Epoch: 9, Steps: 10 | Train Loss: 0.9320842 Vali Loss: 0.6001742 Test Loss: 5.5923756
Validation loss decreased (0.632034 --> 0.600174).  Saving model ...
Epoch: 10 cost time: 2.331073045730591
Epoch: 10, Steps: 10 | Train Loss: 0.9238151 Vali Loss: 0.5928825 Test Loss: 5.6548077
Validation loss decreased (0.600174 --> 0.592882).  Saving model ...
Updating learning rate to 1.5625e-05
Epoch: 11 cost time: 2.3317043781280518
Epoch: 11, Steps: 10 | Train Loss: 0.8983816 Vali Loss: 0.5687752 Test Loss: 5.5159880
Validation loss decreased (0.592882 --> 0.568775).  Saving model ...
Epoch: 12 cost time: 3.0976645946502686
Epoch: 12, Steps: 10 | Train Loss: 0.8950739 Vali Loss: 0.5552107 Test Loss: 5.4225140
Validation loss decreased (0.568775 --> 0.555211).  Saving model ...
Epoch: 13 cost time: 2.346848964691162
Epoch: 13, Steps: 10 | Train Loss: 0.8821869 Vali Loss: 0.5351343 Test Loss: 5.3088554
Validation loss decreased (0.555211 --> 0.535134).  Saving model ...
Epoch: 14 cost time: 2.158932685852051
Epoch: 14, Steps: 10 | Train Loss: 0.8734035 Vali Loss: 0.5347406 Test Loss: 5.3549977
Validation loss decreased (0.535134 --> 0.534741).  Saving model ...
Epoch: 15 cost time: 2.470940589904785
Epoch: 15, Steps: 10 | Train Loss: 0.8408036 Vali Loss: 0.5143935 Test Loss: 5.1908173
Validation loss decreased (0.534741 --> 0.514393).  Saving model ...
Epoch: 16 cost time: 2.1234471797943115
Epoch: 16, Steps: 10 | Train Loss: 0.8417998 Vali Loss: 0.4960792 Test Loss: 5.0501007
Validation loss decreased (0.514393 --> 0.496079).  Saving model ...
Epoch: 17 cost time: 2.772047996520996
Epoch: 17, Steps: 10 | Train Loss: 0.8197660 Vali Loss: 0.4994327 Test Loss: 5.1730685
EarlyStopping counter: 1 out of 3
Epoch: 18 cost time: 2.733769655227661
Epoch: 18, Steps: 10 | Train Loss: 0.8189487 Vali Loss: 0.4740316 Test Loss: 4.8305183
Validation loss decreased (0.496079 --> 0.474032).  Saving model ...
Epoch: 19 cost time: 2.5586891174316406
Epoch: 19, Steps: 10 | Train Loss: 0.7860363 Vali Loss: 0.4695929 Test Loss: 4.9041396
Validation loss decreased (0.474032 --> 0.469593).  Saving model ...
Epoch: 20 cost time: 2.5648491382598877
Epoch: 20, Steps: 10 | Train Loss: 0.7802573 Vali Loss: 0.4581908 Test Loss: 4.7949561
Validation loss decreased (0.469593 --> 0.458191).  Saving model ...
>>>>>>>testing : Crossformer_illness_il336_ol36_sl6_win2_fa10_dm256_nh4_el2_itr4<<<<<<<<<<<<<<<<<<<<<<<<<<<<<<<<<
test 158
mse:4.804429531097412, mae:1.4696582555770874
