Args in experiment:
Namespace(baseline=False, batch_size=32, checkpoints='./checkpoints/', d_ff=512, d_model=256, data='ETTm1', data_dim=7, data_path='ETTm1.csv', data_split=[34560, 11520, 11520], devices='0,1,2,3', dropout=0.2, e_layers=3, factor=10, gpu=0, in_len=336, itr=5, learning_rate=0.0001, lradj='type1', n_heads=4, num_workers=0, out_len=720, patience=3, root_path='./datasets/', save_pred=False, seg_len=24, train_epochs=20, use_gpu=True, use_multi_gpu=False, win_size=2)
Use GPU: cuda:0
>>>>>>>start training : Crossformer_ETTm1_il336_ol720_sl24_win2_fa10_dm256_nh4_el3_itr0>>>>>>>>>>>>>>>>>>>>>>>>>>
train 33505
val 10801
test 10801
	iters: 100, epoch: 1 | loss: 0.5995067
	speed: 0.2753s/iter; left time: 5743.8176s
	iters: 200, epoch: 1 | loss: 0.4766835
	speed: 0.2129s/iter; left time: 4420.5321s
	iters: 300, epoch: 1 | loss: 0.4407606
	speed: 0.1485s/iter; left time: 3068.7762s
	iters: 400, epoch: 1 | loss: 0.3958349
	speed: 0.1256s/iter; left time: 2583.2033s
	iters: 500, epoch: 1 | loss: 0.4705636
	speed: 0.1467s/iter; left time: 3000.9136s
	iters: 600, epoch: 1 | loss: 0.4299366
	speed: 0.2070s/iter; left time: 4214.8760s
	iters: 700, epoch: 1 | loss: 0.3710558
	speed: 0.2221s/iter; left time: 4499.0779s
	iters: 800, epoch: 1 | loss: 0.3832653
	speed: 0.2211s/iter; left time: 4458.0645s
	iters: 900, epoch: 1 | loss: 0.3974817
	speed: 0.1869s/iter; left time: 3750.1464s
	iters: 1000, epoch: 1 | loss: 0.3220327
	speed: 0.3026s/iter; left time: 6040.9932s
Epoch: 1 cost time: 221.30968594551086
Epoch: 1, Steps: 1048 | Train Loss: 0.4363708 Vali Loss: 0.9071828 Test Loss: 0.5927221
Validation loss decreased (inf --> 0.907183).  Saving model ...
	iters: 100, epoch: 2 | loss: 0.3632677
	speed: 0.2953s/iter; left time: 5851.3779s
	iters: 200, epoch: 2 | loss: 0.3141759
	speed: 0.1687s/iter; left time: 3325.4431s
	iters: 300, epoch: 2 | loss: 0.3342485
	speed: 0.2834s/iter; left time: 5558.7178s
	iters: 400, epoch: 2 | loss: 0.3502186
	speed: 0.2077s/iter; left time: 4052.2957s
	iters: 500, epoch: 2 | loss: 0.3207432
	speed: 0.1851s/iter; left time: 3593.4124s
	iters: 600, epoch: 2 | loss: 0.3224033
	speed: 0.2377s/iter; left time: 4590.3566s
	iters: 700, epoch: 2 | loss: 0.3100263
	speed: 0.1776s/iter; left time: 3411.5419s
	iters: 800, epoch: 2 | loss: 0.3112728
	speed: 0.2358s/iter; left time: 4506.7254s
	iters: 900, epoch: 2 | loss: 0.2716571
	speed: 0.1710s/iter; left time: 3250.6959s
	iters: 1000, epoch: 2 | loss: 0.3133708
	speed: 0.1950s/iter; left time: 3687.1979s
Epoch: 2 cost time: 228.41020560264587
Epoch: 2, Steps: 1048 | Train Loss: 0.3194950 Vali Loss: 0.9280649 Test Loss: 0.6431482
EarlyStopping counter: 1 out of 3
Updating learning rate to 5e-05
	iters: 100, epoch: 3 | loss: 0.2721747
	speed: 0.4145s/iter; left time: 7777.8128s
	iters: 200, epoch: 3 | loss: 0.2848649
	speed: 0.3237s/iter; left time: 6041.0102s
	iters: 300, epoch: 3 | loss: 0.2689256
	speed: 0.1732s/iter; left time: 3216.0270s
	iters: 400, epoch: 3 | loss: 0.2848261
	speed: 0.2501s/iter; left time: 4618.2302s
	iters: 500, epoch: 3 | loss: 0.2947579
	speed: 0.1741s/iter; left time: 3196.5486s
	iters: 600, epoch: 3 | loss: 0.2802126
	speed: 0.2225s/iter; left time: 4063.8661s
	iters: 700, epoch: 3 | loss: 0.2993814
	speed: 0.1775s/iter; left time: 3224.5207s
	iters: 800, epoch: 3 | loss: 0.2849922
	speed: 0.1875s/iter; left time: 3386.5583s
	iters: 900, epoch: 3 | loss: 0.2737438
	speed: 0.2273s/iter; left time: 4083.9963s
	iters: 1000, epoch: 3 | loss: 0.2629713
	speed: 0.1936s/iter; left time: 3459.2002s
Epoch: 3 cost time: 246.18488836288452
Epoch: 3, Steps: 1048 | Train Loss: 0.2862847 Vali Loss: 0.9649266 Test Loss: 0.6616915
EarlyStopping counter: 2 out of 3
	iters: 100, epoch: 4 | loss: 0.2597949
	speed: 0.2979s/iter; left time: 5278.3444s
	iters: 200, epoch: 4 | loss: 0.2895262
	speed: 0.3569s/iter; left time: 6287.9947s
	iters: 300, epoch: 4 | loss: 0.2710784
	speed: 0.3023s/iter; left time: 5296.1378s
	iters: 400, epoch: 4 | loss: 0.2892890
	speed: 0.2126s/iter; left time: 3702.3613s
	iters: 500, epoch: 4 | loss: 0.2592214
	speed: 0.2281s/iter; left time: 3950.7895s
	iters: 600, epoch: 4 | loss: 0.2773998
	speed: 0.1928s/iter; left time: 3319.2447s
	iters: 700, epoch: 4 | loss: 0.2436750
	speed: 0.2592s/iter; left time: 4436.8368s
	iters: 800, epoch: 4 | loss: 0.2538283
	speed: 0.3370s/iter; left time: 5735.2632s
	iters: 900, epoch: 4 | loss: 0.2771753
	speed: 0.2260s/iter; left time: 3823.5622s
	iters: 1000, epoch: 4 | loss: 0.2676170
	speed: 0.1253s/iter; left time: 2106.4226s
Epoch: 4 cost time: 260.12262415885925
Epoch: 4, Steps: 1048 | Train Loss: 0.2677040 Vali Loss: 0.9666440 Test Loss: 0.6733301
EarlyStopping counter: 3 out of 3
Early stopping
>>>>>>>testing : Crossformer_ETTm1_il336_ol720_sl24_win2_fa10_dm256_nh4_el3_itr0<<<<<<<<<<<<<<<<<<<<<<<<<<<<<<<<<
test 10801
mse:0.5927896499633789, mae:0.5710142850875854
Use GPU: cuda:0
>>>>>>>start training : Crossformer_ETTm1_il336_ol720_sl24_win2_fa10_dm256_nh4_el3_itr1>>>>>>>>>>>>>>>>>>>>>>>>>>
train 33505
val 10801
test 10801
	iters: 100, epoch: 1 | loss: 0.5896825
	speed: 0.3690s/iter; left time: 7697.8025s
	iters: 200, epoch: 1 | loss: 0.4431445
	speed: 0.3774s/iter; left time: 7834.3598s
	iters: 300, epoch: 1 | loss: 0.4866139
	speed: 0.3649s/iter; left time: 7539.0132s
	iters: 400, epoch: 1 | loss: 0.4177081
	speed: 0.2239s/iter; left time: 4603.6472s
	iters: 500, epoch: 1 | loss: 0.4216956
	speed: 0.1789s/iter; left time: 3661.2964s
	iters: 600, epoch: 1 | loss: 0.4047744
	speed: 0.1673s/iter; left time: 3405.4357s
	iters: 700, epoch: 1 | loss: 0.3464337
	speed: 0.2515s/iter; left time: 5096.5852s
	iters: 800, epoch: 1 | loss: 0.3131763
	speed: 0.3318s/iter; left time: 6688.5502s
	iters: 900, epoch: 1 | loss: 0.4261944
	speed: 0.2046s/iter; left time: 4103.7142s
	iters: 1000, epoch: 1 | loss: 0.3477434
	speed: 0.1851s/iter; left time: 3694.6377s
Epoch: 1 cost time: 273.4695415496826
Epoch: 1, Steps: 1048 | Train Loss: 0.4353186 Vali Loss: 0.9374269 Test Loss: 0.6426623
Validation loss decreased (inf --> 0.937427).  Saving model ...
	iters: 100, epoch: 2 | loss: 0.3470249
	speed: 0.3849s/iter; left time: 7625.9170s
	iters: 200, epoch: 2 | loss: 0.3439190
	speed: 0.3336s/iter; left time: 6575.5594s
	iters: 300, epoch: 2 | loss: 0.3568462
	speed: 0.3147s/iter; left time: 6171.8695s
	iters: 400, epoch: 2 | loss: 0.2658247
	speed: 0.3333s/iter; left time: 6502.8140s
	iters: 500, epoch: 2 | loss: 0.3130935
	speed: 0.2801s/iter; left time: 5437.2033s
	iters: 600, epoch: 2 | loss: 0.3372375
	speed: 0.2303s/iter; left time: 4447.6707s
	iters: 700, epoch: 2 | loss: 0.2938897
	speed: 0.1727s/iter; left time: 3319.0165s
	iters: 800, epoch: 2 | loss: 0.3381286
	speed: 0.2044s/iter; left time: 3907.0576s
	iters: 900, epoch: 2 | loss: 0.3267010
	speed: 0.2075s/iter; left time: 3944.8720s
	iters: 1000, epoch: 2 | loss: 0.2825929
	speed: 0.2508s/iter; left time: 4742.5653s
Epoch: 2 cost time: 284.4440727233887
Epoch: 2, Steps: 1048 | Train Loss: 0.3169565 Vali Loss: 0.9289564 Test Loss: 0.5864379
Validation loss decreased (0.937427 --> 0.928956).  Saving model ...
Updating learning rate to 5e-05
	iters: 100, epoch: 3 | loss: 0.2859109
	speed: 0.2277s/iter; left time: 4272.3419s
	iters: 200, epoch: 3 | loss: 0.3006398
	speed: 0.3730s/iter; left time: 6962.4327s
	iters: 300, epoch: 3 | loss: 0.2947333
	speed: 0.4201s/iter; left time: 7798.5386s
	iters: 400, epoch: 3 | loss: 0.2852024
	speed: 0.4258s/iter; left time: 7862.7173s
	iters: 500, epoch: 3 | loss: 0.3001059
	speed: 0.4159s/iter; left time: 7638.2864s
	iters: 600, epoch: 3 | loss: 0.2850923
	speed: 0.4110s/iter; left time: 7507.8237s
	iters: 700, epoch: 3 | loss: 0.2688517
	speed: 0.3903s/iter; left time: 7089.4546s
	iters: 800, epoch: 3 | loss: 0.2866529
	speed: 0.3539s/iter; left time: 6393.3462s
	iters: 900, epoch: 3 | loss: 0.2575176
	speed: 0.3260s/iter; left time: 5856.2783s
	iters: 1000, epoch: 3 | loss: 0.2712831
	speed: 0.3113s/iter; left time: 5560.8040s
Epoch: 3 cost time: 377.12614154815674
Epoch: 3, Steps: 1048 | Train Loss: 0.2795735 Vali Loss: 0.9649749 Test Loss: 0.7530822
EarlyStopping counter: 1 out of 3
	iters: 100, epoch: 4 | loss: 0.2675227
	speed: 0.3779s/iter; left time: 6695.1696s
	iters: 200, epoch: 4 | loss: 0.2476791
	speed: 0.4150s/iter; left time: 7311.0020s
	iters: 300, epoch: 4 | loss: 0.2613843
	speed: 0.4092s/iter; left time: 7168.0387s
	iters: 400, epoch: 4 | loss: 0.2772994
	speed: 0.4138s/iter; left time: 7207.1221s
	iters: 500, epoch: 4 | loss: 0.2494507
	speed: 0.4231s/iter; left time: 7326.8537s
	iters: 600, epoch: 4 | loss: 0.2541946
	speed: 0.4014s/iter; left time: 6910.3358s
	iters: 700, epoch: 4 | loss: 0.2602911
	speed: 0.3797s/iter; left time: 6499.4640s
	iters: 800, epoch: 4 | loss: 0.2404154
	speed: 0.4024s/iter; left time: 6848.0285s
	iters: 900, epoch: 4 | loss: 0.2541081
	speed: 0.2811s/iter; left time: 4755.5546s
	iters: 1000, epoch: 4 | loss: 0.2614381
	speed: 0.3284s/iter; left time: 5522.8256s
Epoch: 4 cost time: 395.2292516231537
Epoch: 4, Steps: 1048 | Train Loss: 0.2648609 Vali Loss: 0.9212718 Test Loss: 0.7026265
Validation loss decreased (0.928956 --> 0.921272).  Saving model ...
Updating learning rate to 2.5e-05
	iters: 100, epoch: 5 | loss: 0.2648248
	speed: 0.3474s/iter; left time: 5790.6344s
	iters: 200, epoch: 5 | loss: 0.2871420
	speed: 0.4020s/iter; left time: 6660.7422s
	iters: 300, epoch: 5 | loss: 0.2431071
	speed: 0.4192s/iter; left time: 6903.7872s
	iters: 400, epoch: 5 | loss: 0.2573551
	speed: 0.4208s/iter; left time: 6888.3543s
	iters: 500, epoch: 5 | loss: 0.2215644
	speed: 0.4192s/iter; left time: 6820.4396s
	iters: 600, epoch: 5 | loss: 0.2189746
	speed: 0.4088s/iter; left time: 6610.3221s
	iters: 700, epoch: 5 | loss: 0.2455118
	speed: 0.4021s/iter; left time: 6461.7868s
	iters: 800, epoch: 5 | loss: 0.2272067
	speed: 0.3574s/iter; left time: 5706.9397s
	iters: 900, epoch: 5 | loss: 0.2560159
	speed: 0.2129s/iter; left time: 3378.2238s
	iters: 1000, epoch: 5 | loss: 0.2647842
	speed: 0.1933s/iter; left time: 3047.5552s
Epoch: 5 cost time: 367.01486706733704
Epoch: 5, Steps: 1048 | Train Loss: 0.2508549 Vali Loss: 0.9501301 Test Loss: 0.7801982
EarlyStopping counter: 1 out of 3
	iters: 100, epoch: 6 | loss: 0.2529618
	speed: 0.3372s/iter; left time: 5268.1748s
	iters: 200, epoch: 6 | loss: 0.2500197
	speed: 0.3420s/iter; left time: 5308.0662s
	iters: 300, epoch: 6 | loss: 0.2396548
	speed: 0.2834s/iter; left time: 4369.6598s
	iters: 400, epoch: 6 | loss: 0.2506101
	speed: 0.2943s/iter; left time: 4508.8602s
	iters: 500, epoch: 6 | loss: 0.2399153
	speed: 0.2245s/iter; left time: 3417.3216s
	iters: 600, epoch: 6 | loss: 0.2462966
	speed: 0.1784s/iter; left time: 2697.0772s
	iters: 700, epoch: 6 | loss: 0.2345585
	speed: 0.1843s/iter; left time: 2768.3927s
	iters: 800, epoch: 6 | loss: 0.2457799
	speed: 0.1798s/iter; left time: 2682.1056s
	iters: 900, epoch: 6 | loss: 0.2233514
	speed: 0.2898s/iter; left time: 4295.6179s
	iters: 1000, epoch: 6 | loss: 0.2521940
	speed: 0.3464s/iter; left time: 5098.8281s
Epoch: 6 cost time: 276.5242803096771
Epoch: 6, Steps: 1048 | Train Loss: 0.2433903 Vali Loss: 0.9659030 Test Loss: 0.8219635
EarlyStopping counter: 2 out of 3
Updating learning rate to 1.25e-05
	iters: 100, epoch: 7 | loss: 0.2340291
	speed: 0.3870s/iter; left time: 5639.1741s
	iters: 200, epoch: 7 | loss: 0.2390272
	speed: 0.2805s/iter; left time: 4059.8883s
	iters: 300, epoch: 7 | loss: 0.2256558
	speed: 0.1894s/iter; left time: 2721.8249s
	iters: 400, epoch: 7 | loss: 0.2433628
	speed: 0.1852s/iter; left time: 2643.1583s
	iters: 500, epoch: 7 | loss: 0.2349073
	speed: 0.1889s/iter; left time: 2677.2470s
	iters: 600, epoch: 7 | loss: 0.2227787
	speed: 0.2445s/iter; left time: 3440.7870s
	iters: 700, epoch: 7 | loss: 0.2543555
	speed: 0.2159s/iter; left time: 3016.9332s
	iters: 800, epoch: 7 | loss: 0.2563115
	speed: 0.1347s/iter; left time: 1869.0245s
	iters: 900, epoch: 7 | loss: 0.2285751
	speed: 0.1403s/iter; left time: 1931.8322s
	iters: 1000, epoch: 7 | loss: 0.2488816
	speed: 0.2357s/iter; left time: 3222.1591s
Epoch: 7 cost time: 235.25335359573364
Epoch: 7, Steps: 1048 | Train Loss: 0.2358662 Vali Loss: 0.9664920 Test Loss: 0.8234802
EarlyStopping counter: 3 out of 3
Early stopping
>>>>>>>testing : Crossformer_ETTm1_il336_ol720_sl24_win2_fa10_dm256_nh4_el3_itr1<<<<<<<<<<<<<<<<<<<<<<<<<<<<<<<<<
test 10801
mse:0.7029098272323608, mae:0.632841944694519
Use GPU: cuda:0
>>>>>>>start training : Crossformer_ETTm1_il336_ol720_sl24_win2_fa10_dm256_nh4_el3_itr2>>>>>>>>>>>>>>>>>>>>>>>>>>
train 33505
val 10801
test 10801
	iters: 100, epoch: 1 | loss: 0.5646144
	speed: 0.2760s/iter; left time: 5758.6388s
	iters: 200, epoch: 1 | loss: 0.4546599
	speed: 0.3145s/iter; left time: 6530.1959s
	iters: 300, epoch: 1 | loss: 0.4813713
	speed: 0.2513s/iter; left time: 5191.1639s
	iters: 400, epoch: 1 | loss: 0.3766651
	speed: 0.2350s/iter; left time: 4831.1466s
	iters: 500, epoch: 1 | loss: 0.3872889
	speed: 0.2939s/iter; left time: 6012.9652s
	iters: 600, epoch: 1 | loss: 0.3927043
	speed: 0.3438s/iter; left time: 7000.8258s
	iters: 700, epoch: 1 | loss: 0.3551027
	speed: 0.2340s/iter; left time: 4740.1748s
	iters: 800, epoch: 1 | loss: 0.3482451
	speed: 0.2323s/iter; left time: 4683.6502s
	iters: 900, epoch: 1 | loss: 0.3340979
	speed: 0.3760s/iter; left time: 7542.4056s
	iters: 1000, epoch: 1 | loss: 0.3451720
	speed: 0.3839s/iter; left time: 7663.8698s
Epoch: 1 cost time: 312.350460767746
Epoch: 1, Steps: 1048 | Train Loss: 0.4306535 Vali Loss: 1.0527767 Test Loss: 0.5673801
Validation loss decreased (inf --> 1.052777).  Saving model ...
	iters: 100, epoch: 2 | loss: 0.3443027
	speed: 0.3453s/iter; left time: 6840.7704s
	iters: 200, epoch: 2 | loss: 0.3375231
	speed: 0.2744s/iter; left time: 5408.9268s
	iters: 300, epoch: 2 | loss: 0.3017988
	speed: 0.2145s/iter; left time: 4206.4708s
	iters: 400, epoch: 2 | loss: 0.3051840
	speed: 0.2994s/iter; left time: 5842.3770s
	iters: 500, epoch: 2 | loss: 0.3163113
	speed: 0.3089s/iter; left time: 5997.4109s
	iters: 600, epoch: 2 | loss: 0.3180676
	speed: 0.2182s/iter; left time: 4213.6003s
	iters: 700, epoch: 2 | loss: 0.3350342
	speed: 0.3307s/iter; left time: 6354.0292s
	iters: 800, epoch: 2 | loss: 0.3132278
	speed: 0.3781s/iter; left time: 7227.4666s
	iters: 900, epoch: 2 | loss: 0.2817394
	speed: 0.3719s/iter; left time: 7071.5528s
	iters: 1000, epoch: 2 | loss: 0.2796194
	speed: 0.3787s/iter; left time: 7161.6295s
Epoch: 2 cost time: 329.64371728897095
Epoch: 2, Steps: 1048 | Train Loss: 0.3137471 Vali Loss: 1.0261342 Test Loss: 0.7449874
Validation loss decreased (1.052777 --> 1.026134).  Saving model ...
Updating learning rate to 5e-05
	iters: 100, epoch: 3 | loss: 0.2884744
	speed: 0.2386s/iter; left time: 4476.9171s
	iters: 200, epoch: 3 | loss: 0.2813127
	speed: 0.2517s/iter; left time: 4697.3555s
	iters: 300, epoch: 3 | loss: 0.2633420
	speed: 0.3268s/iter; left time: 6066.2111s
	iters: 400, epoch: 3 | loss: 0.2626168
	speed: 0.3443s/iter; left time: 6358.0516s
	iters: 500, epoch: 3 | loss: 0.2464832
	speed: 0.3838s/iter; left time: 7047.7001s
	iters: 600, epoch: 3 | loss: 0.2895498
	speed: 0.3545s/iter; left time: 6475.0086s
	iters: 700, epoch: 3 | loss: 0.2539798
	speed: 0.2232s/iter; left time: 4053.8646s
	iters: 800, epoch: 3 | loss: 0.2669291
	speed: 0.2955s/iter; left time: 5337.6744s
	iters: 900, epoch: 3 | loss: 0.2639597
	speed: 0.2932s/iter; left time: 5267.0633s
	iters: 1000, epoch: 3 | loss: 0.2659324
	speed: 0.1967s/iter; left time: 3514.6962s
Epoch: 3 cost time: 300.3235549926758
Epoch: 3, Steps: 1048 | Train Loss: 0.2756025 Vali Loss: 1.0119674 Test Loss: 0.7234230
Validation loss decreased (1.026134 --> 1.011967).  Saving model ...
	iters: 100, epoch: 4 | loss: 0.2989056
	speed: 0.1970s/iter; left time: 3489.5950s
	iters: 200, epoch: 4 | loss: 0.2703577
	speed: 0.3567s/iter; left time: 6284.1021s
	iters: 300, epoch: 4 | loss: 0.2465129
	speed: 0.3788s/iter; left time: 6635.8400s
	iters: 400, epoch: 4 | loss: 0.2567588
	speed: 0.3763s/iter; left time: 6554.4844s
	iters: 500, epoch: 4 | loss: 0.2487356
	speed: 0.4108s/iter; left time: 7114.5839s
	iters: 600, epoch: 4 | loss: 0.2677941
	speed: 0.3809s/iter; left time: 6558.0169s
	iters: 700, epoch: 4 | loss: 0.2742582
	speed: 0.2940s/iter; left time: 5032.3299s
	iters: 800, epoch: 4 | loss: 0.2522557
	speed: 0.2132s/iter; left time: 3627.5869s
	iters: 900, epoch: 4 | loss: 0.2494420
	speed: 0.2590s/iter; left time: 4381.4871s
	iters: 1000, epoch: 4 | loss: 0.2561213
	speed: 0.3208s/iter; left time: 5394.3404s
Epoch: 4 cost time: 333.1808316707611
Epoch: 4, Steps: 1048 | Train Loss: 0.2614614 Vali Loss: 1.0509498 Test Loss: 0.9046298
EarlyStopping counter: 1 out of 3
Updating learning rate to 2.5e-05
	iters: 100, epoch: 5 | loss: 0.2398109
	speed: 0.3720s/iter; left time: 6200.9626s
	iters: 200, epoch: 5 | loss: 0.2511742
	speed: 0.3802s/iter; left time: 6299.3261s
	iters: 300, epoch: 5 | loss: 0.2574745
	speed: 0.3828s/iter; left time: 6305.0040s
	iters: 400, epoch: 5 | loss: 0.2722655
	speed: 0.3525s/iter; left time: 5770.2918s
	iters: 500, epoch: 5 | loss: 0.2409754
	speed: 0.3508s/iter; left time: 5707.7463s
	iters: 600, epoch: 5 | loss: 0.2575612
	speed: 0.2735s/iter; left time: 4421.7740s
	iters: 700, epoch: 5 | loss: 0.2308893
	speed: 0.2807s/iter; left time: 4510.2299s
	iters: 800, epoch: 5 | loss: 0.2577677
	speed: 0.3667s/iter; left time: 5855.3516s
	iters: 900, epoch: 5 | loss: 0.2361613
	speed: 0.2151s/iter; left time: 3413.5194s
	iters: 1000, epoch: 5 | loss: 0.2590572
	speed: 0.1928s/iter; left time: 3040.4897s
Epoch: 5 cost time: 325.4137065410614
Epoch: 5, Steps: 1048 | Train Loss: 0.2491623 Vali Loss: 1.0293400 Test Loss: 0.8357897
EarlyStopping counter: 2 out of 3
	iters: 100, epoch: 6 | loss: 0.2383325
	speed: 0.3247s/iter; left time: 5071.7887s
	iters: 200, epoch: 6 | loss: 0.2251083
	speed: 0.3512s/iter; left time: 5451.4610s
	iters: 300, epoch: 6 | loss: 0.2503214
	speed: 0.3470s/iter; left time: 5351.0643s
	iters: 400, epoch: 6 | loss: 0.2620477
	speed: 0.3383s/iter; left time: 5182.5547s
	iters: 500, epoch: 6 | loss: 0.2376409
	speed: 0.3269s/iter; left time: 4975.5049s
	iters: 600, epoch: 6 | loss: 0.2620763
	speed: 0.2085s/iter; left time: 3152.1960s
	iters: 700, epoch: 6 | loss: 0.2280549
	speed: 0.1888s/iter; left time: 2835.8014s
	iters: 800, epoch: 6 | loss: 0.2377622
	speed: 0.2174s/iter; left time: 3243.2404s
	iters: 900, epoch: 6 | loss: 0.2253343
	speed: 0.3391s/iter; left time: 5026.2043s
	iters: 1000, epoch: 6 | loss: 0.2377796
	speed: 0.3450s/iter; left time: 5078.2485s
Epoch: 6 cost time: 314.37953090667725
Epoch: 6, Steps: 1048 | Train Loss: 0.2427037 Vali Loss: 1.0198495 Test Loss: 0.8218993
EarlyStopping counter: 3 out of 3
Early stopping
>>>>>>>testing : Crossformer_ETTm1_il336_ol720_sl24_win2_fa10_dm256_nh4_el3_itr2<<<<<<<<<<<<<<<<<<<<<<<<<<<<<<<<<
test 10801
mse:0.7237470746040344, mae:0.6422618627548218
Use GPU: cuda:0
>>>>>>>start training : Crossformer_ETTm1_il336_ol720_sl24_win2_fa10_dm256_nh4_el3_itr3>>>>>>>>>>>>>>>>>>>>>>>>>>
train 33505
val 10801
test 10801
	iters: 100, epoch: 1 | loss: 0.5912032
	speed: 0.3695s/iter; left time: 7708.1618s
	iters: 200, epoch: 1 | loss: 0.4631790
	speed: 0.2516s/iter; left time: 5223.6782s
	iters: 300, epoch: 1 | loss: 0.4724990
	speed: 0.1837s/iter; left time: 3795.2378s
	iters: 400, epoch: 1 | loss: 0.4056551
	speed: 0.2243s/iter; left time: 4612.1657s
	iters: 500, epoch: 1 | loss: 0.3934361
	speed: 0.3275s/iter; left time: 6701.4350s
	iters: 600, epoch: 1 | loss: 0.4098195
	speed: 0.2784s/iter; left time: 5668.1401s
	iters: 700, epoch: 1 | loss: 0.3888952
	speed: 0.1853s/iter; left time: 3755.2379s
	iters: 800, epoch: 1 | loss: 0.3425085
	speed: 0.2018s/iter; left time: 4068.5701s
	iters: 900, epoch: 1 | loss: 0.3797320
	speed: 0.2979s/iter; left time: 5976.8840s
	iters: 1000, epoch: 1 | loss: 0.3350697
	speed: 0.3879s/iter; left time: 7743.6925s
Epoch: 1 cost time: 288.89486145973206
Epoch: 1, Steps: 1048 | Train Loss: 0.4366036 Vali Loss: 0.8981938 Test Loss: 0.4981481
Validation loss decreased (inf --> 0.898194).  Saving model ...
	iters: 100, epoch: 2 | loss: 0.3356742
	speed: 0.3667s/iter; left time: 7265.8608s
	iters: 200, epoch: 2 | loss: 0.3440515
	speed: 0.3017s/iter; left time: 5947.5579s
	iters: 300, epoch: 2 | loss: 0.3469645
	speed: 0.1894s/iter; left time: 3714.1725s
	iters: 400, epoch: 2 | loss: 0.3527723
	speed: 0.1806s/iter; left time: 3523.5201s
	iters: 500, epoch: 2 | loss: 0.3182516
	speed: 0.2343s/iter; left time: 4549.3844s
	iters: 600, epoch: 2 | loss: 0.2930759
	speed: 0.3207s/iter; left time: 6193.0876s
	iters: 700, epoch: 2 | loss: 0.3068239
	speed: 0.2832s/iter; left time: 5440.1689s
	iters: 800, epoch: 2 | loss: 0.3233632
	speed: 0.1769s/iter; left time: 3381.1881s
	iters: 900, epoch: 2 | loss: 0.2924796
	speed: 0.2432s/iter; left time: 4624.8705s
	iters: 1000, epoch: 2 | loss: 0.2851329
	speed: 0.3458s/iter; left time: 6540.5583s
Epoch: 2 cost time: 282.3902978897095
Epoch: 2, Steps: 1048 | Train Loss: 0.3170508 Vali Loss: 0.9884091 Test Loss: 0.7471179
EarlyStopping counter: 1 out of 3
Updating learning rate to 5e-05
	iters: 100, epoch: 3 | loss: 0.2475637
	speed: 0.2083s/iter; left time: 3908.2923s
	iters: 200, epoch: 3 | loss: 0.2719719
	speed: 0.2862s/iter; left time: 5342.3175s
	iters: 300, epoch: 3 | loss: 0.2479086
	speed: 0.2431s/iter; left time: 4513.4506s
	iters: 400, epoch: 3 | loss: 0.2683048
	speed: 0.1976s/iter; left time: 3648.6645s
	iters: 500, epoch: 3 | loss: 0.2687252
	speed: 0.1860s/iter; left time: 3415.5467s
	iters: 600, epoch: 3 | loss: 0.2844183
	speed: 0.2753s/iter; left time: 5028.6616s
	iters: 700, epoch: 3 | loss: 0.2813517
	speed: 0.3219s/iter; left time: 5847.5508s
	iters: 800, epoch: 3 | loss: 0.2735829
	speed: 0.2050s/iter; left time: 3703.2684s
	iters: 900, epoch: 3 | loss: 0.3116820
	speed: 0.3449s/iter; left time: 6195.6349s
	iters: 1000, epoch: 3 | loss: 0.3296811
	speed: 0.3619s/iter; left time: 6464.4533s
Epoch: 3 cost time: 280.0057713985443
Epoch: 3, Steps: 1048 | Train Loss: 0.2778904 Vali Loss: 1.0195438 Test Loss: 0.7665660
EarlyStopping counter: 2 out of 3
	iters: 100, epoch: 4 | loss: 0.2585045
	speed: 0.2456s/iter; left time: 4350.9633s
	iters: 200, epoch: 4 | loss: 0.2651756
	speed: 0.1926s/iter; left time: 3392.9231s
	iters: 300, epoch: 4 | loss: 0.2606337
	speed: 0.3167s/iter; left time: 5547.0517s
	iters: 400, epoch: 4 | loss: 0.2389885
	speed: 0.2573s/iter; left time: 4481.4610s
	iters: 500, epoch: 4 | loss: 0.2659964
	speed: 0.1466s/iter; left time: 2537.8401s
	iters: 600, epoch: 4 | loss: 0.2502032
	speed: 0.1375s/iter; left time: 2367.6046s
	iters: 700, epoch: 4 | loss: 0.2374970
	speed: 0.1829s/iter; left time: 3130.1590s
	iters: 800, epoch: 4 | loss: 0.2774955
	speed: 0.3187s/iter; left time: 5423.1674s
	iters: 900, epoch: 4 | loss: 0.2697048
	speed: 0.3283s/iter; left time: 5553.0297s
	iters: 1000, epoch: 4 | loss: 0.2346559
	speed: 0.3409s/iter; left time: 5733.6157s
Epoch: 4 cost time: 262.4017131328583
Epoch: 4, Steps: 1048 | Train Loss: 0.2634464 Vali Loss: 1.0104764 Test Loss: 0.7328465
EarlyStopping counter: 3 out of 3
Early stopping
>>>>>>>testing : Crossformer_ETTm1_il336_ol720_sl24_win2_fa10_dm256_nh4_el3_itr3<<<<<<<<<<<<<<<<<<<<<<<<<<<<<<<<<
test 10801
mse:0.4981503188610077, mae:0.505731463432312
Use GPU: cuda:0
>>>>>>>start training : Crossformer_ETTm1_il336_ol720_sl24_win2_fa10_dm256_nh4_el3_itr4>>>>>>>>>>>>>>>>>>>>>>>>>>
train 33505
val 10801
test 10801
	iters: 100, epoch: 1 | loss: 0.5525982
	speed: 0.2268s/iter; left time: 4731.7164s
	iters: 200, epoch: 1 | loss: 0.4827407
	speed: 0.3400s/iter; left time: 7057.9781s
	iters: 300, epoch: 1 | loss: 0.4160147
	speed: 0.3051s/iter; left time: 6304.6276s
	iters: 400, epoch: 1 | loss: 0.4599096
	speed: 0.3609s/iter; left time: 7419.6158s
	iters: 500, epoch: 1 | loss: 0.3991996
	speed: 0.4021s/iter; left time: 8228.2035s
	iters: 600, epoch: 1 | loss: 0.3707752
	speed: 0.3670s/iter; left time: 7471.9450s
	iters: 700, epoch: 1 | loss: 0.3743682
	speed: 0.2415s/iter; left time: 4893.5690s
	iters: 800, epoch: 1 | loss: 0.3612635
	speed: 0.1894s/iter; left time: 3819.4004s
	iters: 900, epoch: 1 | loss: 0.3444913
	speed: 0.1800s/iter; left time: 3611.8259s
	iters: 1000, epoch: 1 | loss: 0.3514637
	speed: 0.1903s/iter; left time: 3799.0419s
Epoch: 1 cost time: 289.10161328315735
Epoch: 1, Steps: 1048 | Train Loss: 0.4375085 Vali Loss: 0.9823509 Test Loss: 0.5374751
Validation loss decreased (inf --> 0.982351).  Saving model ...
	iters: 100, epoch: 2 | loss: 0.3508841
	speed: 0.3814s/iter; left time: 7556.0092s
	iters: 200, epoch: 2 | loss: 0.3529348
	speed: 0.3644s/iter; left time: 7182.4492s
	iters: 300, epoch: 2 | loss: 0.3076530
	speed: 0.3645s/iter; left time: 7149.2378s
	iters: 400, epoch: 2 | loss: 0.3180238
	speed: 0.3371s/iter; left time: 6578.5444s
	iters: 500, epoch: 2 | loss: 0.3228250
	speed: 0.2877s/iter; left time: 5585.2743s
	iters: 600, epoch: 2 | loss: 0.3070074
	speed: 0.1892s/iter; left time: 3654.4299s
	iters: 700, epoch: 2 | loss: 0.2922781
	speed: 0.3120s/iter; left time: 5994.9058s
	iters: 800, epoch: 2 | loss: 0.3280124
	speed: 0.2947s/iter; left time: 5633.5563s
	iters: 900, epoch: 2 | loss: 0.3091761
	speed: 0.2772s/iter; left time: 5270.7215s
	iters: 1000, epoch: 2 | loss: 0.3029298
	speed: 0.1904s/iter; left time: 3601.9587s
Epoch: 2 cost time: 309.65669798851013
Epoch: 2, Steps: 1048 | Train Loss: 0.3181018 Vali Loss: 1.0136165 Test Loss: 0.6712734
EarlyStopping counter: 1 out of 3
Updating learning rate to 5e-05
	iters: 100, epoch: 3 | loss: 0.2860862
	speed: 0.3815s/iter; left time: 7158.1478s
	iters: 200, epoch: 3 | loss: 0.3001929
	speed: 0.3537s/iter; left time: 6601.2522s
	iters: 300, epoch: 3 | loss: 0.2743790
	speed: 0.3867s/iter; left time: 7179.3092s
	iters: 400, epoch: 3 | loss: 0.2712072
	speed: 0.3750s/iter; left time: 6924.1961s
	iters: 500, epoch: 3 | loss: 0.2545240
	speed: 0.3595s/iter; left time: 6602.3444s
	iters: 600, epoch: 3 | loss: 0.3217844
	speed: 0.2392s/iter; left time: 4368.2278s
	iters: 700, epoch: 3 | loss: 0.2948418
	speed: 0.1948s/iter; left time: 3537.6605s
	iters: 800, epoch: 3 | loss: 0.2723336
	speed: 0.2008s/iter; left time: 3626.8637s
	iters: 900, epoch: 3 | loss: 0.2948819
	speed: 0.1878s/iter; left time: 3374.6834s
	iters: 1000, epoch: 3 | loss: 0.2581222
	speed: 0.2790s/iter; left time: 4985.2196s
Epoch: 3 cost time: 309.4401078224182
Epoch: 3, Steps: 1048 | Train Loss: 0.2814564 Vali Loss: 1.0166165 Test Loss: 0.7052491
EarlyStopping counter: 2 out of 3
	iters: 100, epoch: 4 | loss: 0.2535657
	speed: 0.3234s/iter; left time: 5730.4217s
	iters: 200, epoch: 4 | loss: 0.2793334
	speed: 0.3762s/iter; left time: 6626.7593s
	iters: 300, epoch: 4 | loss: 0.2462739
	speed: 0.3902s/iter; left time: 6834.6467s
	iters: 400, epoch: 4 | loss: 0.2587670
	speed: 0.3057s/iter; left time: 5323.8732s
	iters: 500, epoch: 4 | loss: 0.2829017
	speed: 0.2170s/iter; left time: 3757.7657s
	iters: 600, epoch: 4 | loss: 0.2628250
	speed: 0.2204s/iter; left time: 3795.4487s
	iters: 700, epoch: 4 | loss: 0.2601578
	speed: 0.1620s/iter; left time: 2772.1982s
	iters: 800, epoch: 4 | loss: 0.2569855
	speed: 0.1660s/iter; left time: 2824.6947s
	iters: 900, epoch: 4 | loss: 0.2486579
	speed: 0.1900s/iter; left time: 3213.8743s
	iters: 1000, epoch: 4 | loss: 0.2366117
	speed: 0.2356s/iter; left time: 3961.4508s
Epoch: 4 cost time: 272.84891414642334
Epoch: 4, Steps: 1048 | Train Loss: 0.2662763 Vali Loss: 1.0115313 Test Loss: 0.7183300
EarlyStopping counter: 3 out of 3
Early stopping
>>>>>>>testing : Crossformer_ETTm1_il336_ol720_sl24_win2_fa10_dm256_nh4_el3_itr4<<<<<<<<<<<<<<<<<<<<<<<<<<<<<<<<<
test 10801
mse:0.5375427007675171, mae:0.5298371911048889
