Args in experiment:
Namespace(baseline=False, batch_size=32, checkpoints='./checkpoints/', d_ff=512, d_model=256, data='ETTm2', data_dim=7, data_path='ETTm2.csv', data_split=[34560, 11520, 11520], devices='0,1,2,3', dropout=0.2, e_layers=3, factor=10, gpu=0, in_len=96, itr=5, learning_rate=0.0001, lradj='type1', n_heads=4, num_workers=0, out_len=96, patience=3, root_path='./datasets/', save_pred=False, seg_len=24, train_epochs=20, use_gpu=True, use_multi_gpu=False, win_size=2)
Use GPU: cuda:0
>>>>>>>start training : Crossformer_ETTm2_il96_ol96_sl24_win2_fa10_dm256_nh4_el3_itr0>>>>>>>>>>>>>>>>>>>>>>>>>>
train 34369
val 11425
test 11425
	iters: 100, epoch: 1 | loss: 0.4160276
	speed: 0.1954s/iter; left time: 4181.6332s
	iters: 200, epoch: 1 | loss: 0.3934532
	speed: 0.1215s/iter; left time: 2587.9495s
	iters: 300, epoch: 1 | loss: 0.2617927
	speed: 0.1340s/iter; left time: 2841.0555s
	iters: 400, epoch: 1 | loss: 0.1796849
	speed: 0.1199s/iter; left time: 2529.7083s
	iters: 500, epoch: 1 | loss: 0.2140303
	speed: 0.1242s/iter; left time: 2608.5806s
	iters: 600, epoch: 1 | loss: 0.2552589
	speed: 0.2208s/iter; left time: 4614.2114s
	iters: 700, epoch: 1 | loss: 0.1844346
	speed: 0.2283s/iter; left time: 4748.8421s
	iters: 800, epoch: 1 | loss: 0.3303082
	speed: 0.2149s/iter; left time: 4448.7472s
	iters: 900, epoch: 1 | loss: 0.1607143
	speed: 0.2828s/iter; left time: 5826.1780s
	iters: 1000, epoch: 1 | loss: 0.1869521
	speed: 0.2639s/iter; left time: 5410.1769s
Epoch: 1 cost time: 208.88046169281006
Epoch: 1, Steps: 1075 | Train Loss: 0.2649614 Vali Loss: 0.1946063 Test Loss: 0.3260238
Validation loss decreased (inf --> 0.194606).  Saving model ...
	iters: 100, epoch: 2 | loss: 0.2877237
	speed: 0.1102s/iter; left time: 2240.9393s
	iters: 200, epoch: 2 | loss: 0.1920994
	speed: 0.1090s/iter; left time: 2204.1603s
	iters: 300, epoch: 2 | loss: 0.1533656
	speed: 0.1239s/iter; left time: 2492.9349s
	iters: 400, epoch: 2 | loss: 0.3306346
	speed: 0.1332s/iter; left time: 2667.3613s
	iters: 500, epoch: 2 | loss: 0.2027419
	speed: 0.1893s/iter; left time: 3772.2128s
	iters: 600, epoch: 2 | loss: 0.1810196
	speed: 0.1398s/iter; left time: 2771.9778s
	iters: 700, epoch: 2 | loss: 0.2565105
	speed: 0.1140s/iter; left time: 2248.7312s
	iters: 800, epoch: 2 | loss: 0.1886082
	speed: 0.1134s/iter; left time: 2224.9617s
	iters: 900, epoch: 2 | loss: 0.2345845
	speed: 0.1171s/iter; left time: 2286.3277s
	iters: 1000, epoch: 2 | loss: 0.2510263
	speed: 0.1142s/iter; left time: 2217.5422s
Epoch: 2 cost time: 134.72092294692993
Epoch: 2, Steps: 1075 | Train Loss: 0.1991843 Vali Loss: 0.1589960 Test Loss: 0.2494205
Validation loss decreased (0.194606 --> 0.158996).  Saving model ...
Updating learning rate to 5e-05
	iters: 100, epoch: 3 | loss: 0.1612587
	speed: 0.1280s/iter; left time: 2463.6725s
	iters: 200, epoch: 3 | loss: 0.1411121
	speed: 0.1675s/iter; left time: 3207.9539s
	iters: 300, epoch: 3 | loss: 0.1327298
	speed: 0.2182s/iter; left time: 4157.3551s
	iters: 400, epoch: 3 | loss: 0.1515395
	speed: 0.1858s/iter; left time: 3520.7000s
	iters: 500, epoch: 3 | loss: 0.1492118
	speed: 0.2000s/iter; left time: 3770.9880s
	iters: 600, epoch: 3 | loss: 0.1697684
	speed: 0.2849s/iter; left time: 5342.1549s
	iters: 700, epoch: 3 | loss: 0.1523220
	speed: 0.1814s/iter; left time: 3384.0861s
	iters: 800, epoch: 3 | loss: 0.1184742
	speed: 0.1275s/iter; left time: 2364.3914s
	iters: 900, epoch: 3 | loss: 0.1788301
	speed: 0.1102s/iter; left time: 2033.2814s
	iters: 1000, epoch: 3 | loss: 0.1806656
	speed: 0.1119s/iter; left time: 2053.4803s
Epoch: 3 cost time: 179.79125547409058
Epoch: 3, Steps: 1075 | Train Loss: 0.1743489 Vali Loss: 0.1987571 Test Loss: 0.3086259
EarlyStopping counter: 1 out of 3
	iters: 100, epoch: 4 | loss: 0.1587249
	speed: 0.1236s/iter; left time: 2247.0118s
	iters: 200, epoch: 4 | loss: 0.1629268
	speed: 0.1288s/iter; left time: 2327.9729s
	iters: 300, epoch: 4 | loss: 0.1380086
	speed: 0.1011s/iter; left time: 1816.7041s
	iters: 400, epoch: 4 | loss: 0.2140307
	speed: 0.0882s/iter; left time: 1575.8100s
	iters: 500, epoch: 4 | loss: 0.1997046
	speed: 0.0917s/iter; left time: 1630.8222s
	iters: 600, epoch: 4 | loss: 0.1482671
	speed: 0.0873s/iter; left time: 1543.5858s
	iters: 700, epoch: 4 | loss: 0.1060691
	speed: 0.1111s/iter; left time: 1952.7876s
	iters: 800, epoch: 4 | loss: 0.1465680
	speed: 0.1075s/iter; left time: 1877.9918s
	iters: 900, epoch: 4 | loss: 0.2115254
	speed: 0.1067s/iter; left time: 1854.4497s
	iters: 1000, epoch: 4 | loss: 0.2081167
	speed: 0.1191s/iter; left time: 2057.3511s
Epoch: 4 cost time: 122.73393440246582
Epoch: 4, Steps: 1075 | Train Loss: 0.1635879 Vali Loss: 0.1868664 Test Loss: 0.2629190
EarlyStopping counter: 2 out of 3
Updating learning rate to 2.5e-05
	iters: 100, epoch: 5 | loss: 0.1548863
	speed: 0.1875s/iter; left time: 3207.0426s
	iters: 200, epoch: 5 | loss: 0.1650409
	speed: 0.2532s/iter; left time: 4305.0563s
	iters: 300, epoch: 5 | loss: 0.1568384
	speed: 0.2677s/iter; left time: 4524.6595s
	iters: 400, epoch: 5 | loss: 0.2283130
	speed: 0.2689s/iter; left time: 4517.3614s
	iters: 500, epoch: 5 | loss: 0.2006118
	speed: 0.1157s/iter; left time: 1932.7217s
	iters: 600, epoch: 5 | loss: 0.2017115
	speed: 0.0985s/iter; left time: 1635.6748s
	iters: 700, epoch: 5 | loss: 0.1418379
	speed: 0.1053s/iter; left time: 1737.6483s
	iters: 800, epoch: 5 | loss: 0.1871025
	speed: 0.0912s/iter; left time: 1496.3611s
	iters: 900, epoch: 5 | loss: 0.1576446
	speed: 0.1087s/iter; left time: 1771.1525s
	iters: 1000, epoch: 5 | loss: 0.1483062
	speed: 0.1070s/iter; left time: 1733.0333s
Epoch: 5 cost time: 168.71500968933105
Epoch: 5, Steps: 1075 | Train Loss: 0.1535763 Vali Loss: 0.2034256 Test Loss: 0.3035815
EarlyStopping counter: 3 out of 3
Early stopping
>>>>>>>testing : Crossformer_ETTm2_il96_ol96_sl24_win2_fa10_dm256_nh4_el3_itr0<<<<<<<<<<<<<<<<<<<<<<<<<<<<<<<<<
test 11425
mse:0.24988046288490295, mae:0.3353922665119171
Use GPU: cuda:0
>>>>>>>start training : Crossformer_ETTm2_il96_ol96_sl24_win2_fa10_dm256_nh4_el3_itr1>>>>>>>>>>>>>>>>>>>>>>>>>>
train 34369
val 11425
test 11425
	iters: 100, epoch: 1 | loss: 0.3507539
	speed: 0.1110s/iter; left time: 2376.3080s
	iters: 200, epoch: 1 | loss: 0.2202114
	speed: 0.1244s/iter; left time: 2650.2507s
	iters: 300, epoch: 1 | loss: 0.2524241
	speed: 0.1185s/iter; left time: 2511.3373s
	iters: 400, epoch: 1 | loss: 0.2822026
	speed: 0.1227s/iter; left time: 2588.1106s
	iters: 500, epoch: 1 | loss: 0.1817024
	speed: 0.1081s/iter; left time: 2269.6718s
	iters: 600, epoch: 1 | loss: 0.3266175
	speed: 0.1139s/iter; left time: 2380.2228s
	iters: 700, epoch: 1 | loss: 0.1311841
	speed: 0.1132s/iter; left time: 2354.2021s
	iters: 800, epoch: 1 | loss: 0.1448207
	speed: 0.1753s/iter; left time: 3629.7248s
	iters: 900, epoch: 1 | loss: 0.1666608
	speed: 0.1491s/iter; left time: 3072.4948s
	iters: 1000, epoch: 1 | loss: 0.1481679
	speed: 0.1658s/iter; left time: 3399.8014s
Epoch: 1 cost time: 144.61412000656128
Epoch: 1, Steps: 1075 | Train Loss: 0.2649396 Vali Loss: 0.1750801 Test Loss: 0.3161712
Validation loss decreased (inf --> 0.175080).  Saving model ...
	iters: 100, epoch: 2 | loss: 0.3125059
	speed: 0.1126s/iter; left time: 2287.8841s
	iters: 200, epoch: 2 | loss: 0.1336585
	speed: 0.1183s/iter; left time: 2392.3545s
	iters: 300, epoch: 2 | loss: 0.1469716
	speed: 0.1081s/iter; left time: 2174.9571s
	iters: 400, epoch: 2 | loss: 0.1265878
	speed: 0.1067s/iter; left time: 2135.8189s
	iters: 500, epoch: 2 | loss: 0.1599163
	speed: 0.1086s/iter; left time: 2163.8928s
	iters: 600, epoch: 2 | loss: 0.1516934
	speed: 0.1069s/iter; left time: 2119.8309s
	iters: 700, epoch: 2 | loss: 0.1246352
	speed: 0.1074s/iter; left time: 2117.8751s
	iters: 800, epoch: 2 | loss: 0.1677941
	speed: 0.1069s/iter; left time: 2097.2055s
	iters: 900, epoch: 2 | loss: 0.2342464
	speed: 0.1144s/iter; left time: 2234.3547s
	iters: 1000, epoch: 2 | loss: 0.1829273
	speed: 0.1082s/iter; left time: 2101.0187s
Epoch: 2 cost time: 117.75510454177856
Epoch: 2, Steps: 1075 | Train Loss: 0.1979562 Vali Loss: 0.1761074 Test Loss: 0.2846084
EarlyStopping counter: 1 out of 3
Updating learning rate to 5e-05
	iters: 100, epoch: 3 | loss: 0.2176238
	speed: 0.1142s/iter; left time: 2197.9675s
	iters: 200, epoch: 3 | loss: 0.1508976
	speed: 0.1208s/iter; left time: 2313.8328s
	iters: 300, epoch: 3 | loss: 0.1681487
	speed: 0.1112s/iter; left time: 2118.9233s
	iters: 400, epoch: 3 | loss: 0.1988078
	speed: 0.1291s/iter; left time: 2445.8980s
	iters: 500, epoch: 3 | loss: 0.1120598
	speed: 0.2206s/iter; left time: 4158.6755s
	iters: 600, epoch: 3 | loss: 0.1687199
	speed: 0.2204s/iter; left time: 4132.5098s
	iters: 700, epoch: 3 | loss: 0.2257874
	speed: 0.1752s/iter; left time: 3268.5374s
	iters: 800, epoch: 3 | loss: 0.1949054
	speed: 0.1629s/iter; left time: 3022.3951s
	iters: 900, epoch: 3 | loss: 0.2079607
	speed: 0.2137s/iter; left time: 3942.5831s
	iters: 1000, epoch: 3 | loss: 0.2884823
	speed: 0.1265s/iter; left time: 2322.2999s
Epoch: 3 cost time: 168.3904275894165
Epoch: 3, Steps: 1075 | Train Loss: 0.1721592 Vali Loss: 0.1851335 Test Loss: 0.2753279
EarlyStopping counter: 2 out of 3
	iters: 100, epoch: 4 | loss: 0.1938500
	speed: 0.1138s/iter; left time: 2067.9979s
	iters: 200, epoch: 4 | loss: 0.1417313
	speed: 0.1047s/iter; left time: 1892.8914s
	iters: 300, epoch: 4 | loss: 0.1523778
	speed: 0.1082s/iter; left time: 1944.5697s
	iters: 400, epoch: 4 | loss: 0.1374499
	speed: 0.1114s/iter; left time: 1991.1413s
	iters: 500, epoch: 4 | loss: 0.1467512
	speed: 0.1081s/iter; left time: 1920.9971s
	iters: 600, epoch: 4 | loss: 0.1693788
	speed: 0.1121s/iter; left time: 1981.7475s
	iters: 700, epoch: 4 | loss: 0.1498007
	speed: 0.1081s/iter; left time: 1900.6469s
	iters: 800, epoch: 4 | loss: 0.1608637
	speed: 0.1096s/iter; left time: 1915.5149s
	iters: 900, epoch: 4 | loss: 0.1499581
	speed: 0.1204s/iter; left time: 2092.3918s
	iters: 1000, epoch: 4 | loss: 0.2449765
	speed: 0.1124s/iter; left time: 1941.8696s
Epoch: 4 cost time: 119.37440419197083
Epoch: 4, Steps: 1075 | Train Loss: 0.1625463 Vali Loss: 0.1909970 Test Loss: 0.2951303
EarlyStopping counter: 3 out of 3
Early stopping
>>>>>>>testing : Crossformer_ETTm2_il96_ol96_sl24_win2_fa10_dm256_nh4_el3_itr1<<<<<<<<<<<<<<<<<<<<<<<<<<<<<<<<<
test 11425
mse:0.31680747866630554, mae:0.3842586278915405
Use GPU: cuda:0
>>>>>>>start training : Crossformer_ETTm2_il96_ol96_sl24_win2_fa10_dm256_nh4_el3_itr2>>>>>>>>>>>>>>>>>>>>>>>>>>
train 34369
val 11425
test 11425
	iters: 100, epoch: 1 | loss: 0.3398594
	speed: 0.1604s/iter; left time: 3432.2766s
	iters: 200, epoch: 1 | loss: 0.1813075
	speed: 0.1393s/iter; left time: 2968.2256s
	iters: 300, epoch: 1 | loss: 0.1790986
	speed: 0.1640s/iter; left time: 3476.9141s
	iters: 400, epoch: 1 | loss: 0.2118211
	speed: 0.1990s/iter; left time: 4200.1436s
	iters: 500, epoch: 1 | loss: 0.2207975
	speed: 0.1419s/iter; left time: 2979.1883s
	iters: 600, epoch: 1 | loss: 0.2839172
	speed: 0.1109s/iter; left time: 2317.7439s
	iters: 700, epoch: 1 | loss: 0.2657178
	speed: 0.1220s/iter; left time: 2537.3085s
	iters: 800, epoch: 1 | loss: 0.1661846
	speed: 0.1121s/iter; left time: 2319.8832s
	iters: 900, epoch: 1 | loss: 0.2036775
	speed: 0.1053s/iter; left time: 2169.5463s
	iters: 1000, epoch: 1 | loss: 0.3365887
	speed: 0.1119s/iter; left time: 2293.1323s
Epoch: 1 cost time: 144.82820177078247
Epoch: 1, Steps: 1075 | Train Loss: 0.2671585 Vali Loss: 0.2309868 Test Loss: 0.3924360
Validation loss decreased (inf --> 0.230987).  Saving model ...
	iters: 100, epoch: 2 | loss: 0.1692210
	speed: 0.1056s/iter; left time: 2147.1938s
	iters: 200, epoch: 2 | loss: 0.2342409
	speed: 0.1131s/iter; left time: 2287.3372s
	iters: 300, epoch: 2 | loss: 0.2215784
	speed: 0.1088s/iter; left time: 2189.5296s
	iters: 400, epoch: 2 | loss: 0.2450845
	speed: 0.1069s/iter; left time: 2140.8973s
	iters: 500, epoch: 2 | loss: 0.1981975
	speed: 0.1084s/iter; left time: 2160.2062s
	iters: 600, epoch: 2 | loss: 0.2441430
	speed: 0.1069s/iter; left time: 2119.0735s
	iters: 700, epoch: 2 | loss: 0.1212890
	speed: 0.1237s/iter; left time: 2440.0337s
	iters: 800, epoch: 2 | loss: 0.1600102
	speed: 0.1285s/iter; left time: 2522.3756s
	iters: 900, epoch: 2 | loss: 0.1868358
	speed: 0.1323s/iter; left time: 2584.1119s
	iters: 1000, epoch: 2 | loss: 0.2404098
	speed: 0.1653s/iter; left time: 3210.4642s
Epoch: 2 cost time: 132.8809196949005
Epoch: 2, Steps: 1075 | Train Loss: 0.1982913 Vali Loss: 0.1631220 Test Loss: 0.2562631
Validation loss decreased (0.230987 --> 0.163122).  Saving model ...
Updating learning rate to 5e-05
	iters: 100, epoch: 3 | loss: 0.1561684
	speed: 0.1464s/iter; left time: 2817.5971s
	iters: 200, epoch: 3 | loss: 0.1434892
	speed: 0.1113s/iter; left time: 2130.6986s
	iters: 300, epoch: 3 | loss: 0.1350226
	speed: 0.1154s/iter; left time: 2197.6089s
	iters: 400, epoch: 3 | loss: 0.1547060
	speed: 0.1067s/iter; left time: 2021.7056s
	iters: 500, epoch: 3 | loss: 0.1603224
	speed: 0.1150s/iter; left time: 2168.1988s
	iters: 600, epoch: 3 | loss: 0.2419033
	speed: 0.1181s/iter; left time: 2213.7854s
	iters: 700, epoch: 3 | loss: 0.1446676
	speed: 0.1077s/iter; left time: 2008.2083s
	iters: 800, epoch: 3 | loss: 0.1932544
	speed: 0.1088s/iter; left time: 2019.1062s
	iters: 900, epoch: 3 | loss: 0.2137091
	speed: 0.1104s/iter; left time: 2037.8011s
	iters: 1000, epoch: 3 | loss: 0.1380766
	speed: 0.1063s/iter; left time: 1951.0917s
Epoch: 3 cost time: 122.55666875839233
Epoch: 3, Steps: 1075 | Train Loss: 0.1730433 Vali Loss: 0.1938210 Test Loss: 0.3437246
EarlyStopping counter: 1 out of 3
	iters: 100, epoch: 4 | loss: 0.1556117
	speed: 0.1069s/iter; left time: 1942.2752s
	iters: 200, epoch: 4 | loss: 0.1345556
	speed: 0.1118s/iter; left time: 2020.5240s
	iters: 300, epoch: 4 | loss: 0.1758088
	speed: 0.1093s/iter; left time: 1965.3336s
	iters: 400, epoch: 4 | loss: 0.1424452
	speed: 0.1055s/iter; left time: 1886.7307s
	iters: 500, epoch: 4 | loss: 0.1538906
	speed: 0.1123s/iter; left time: 1996.5943s
	iters: 600, epoch: 4 | loss: 0.1316367
	speed: 0.2277s/iter; left time: 4025.5325s
	iters: 700, epoch: 4 | loss: 0.2862142
	speed: 0.2658s/iter; left time: 4671.0012s
	iters: 800, epoch: 4 | loss: 0.1157703
	speed: 0.1629s/iter; left time: 2846.6595s
	iters: 900, epoch: 4 | loss: 0.1050976
	speed: 0.1712s/iter; left time: 2974.5700s
	iters: 1000, epoch: 4 | loss: 0.1609072
	speed: 0.1598s/iter; left time: 2759.8991s
Epoch: 4 cost time: 162.55862021446228
Epoch: 4, Steps: 1075 | Train Loss: 0.1637206 Vali Loss: 0.1928751 Test Loss: 0.2958857
EarlyStopping counter: 2 out of 3
Updating learning rate to 2.5e-05
	iters: 100, epoch: 5 | loss: 0.2092934
	speed: 0.1071s/iter; left time: 1830.6711s
	iters: 200, epoch: 5 | loss: 0.1578637
	speed: 0.0899s/iter; left time: 1527.8953s
	iters: 300, epoch: 5 | loss: 0.1122816
	speed: 0.0912s/iter; left time: 1542.1514s
	iters: 400, epoch: 5 | loss: 0.1260291
	speed: 0.0875s/iter; left time: 1470.3192s
	iters: 500, epoch: 5 | loss: 0.1323206
	speed: 0.1334s/iter; left time: 2228.4116s
	iters: 600, epoch: 5 | loss: 0.1161245
	speed: 0.1294s/iter; left time: 2147.6601s
	iters: 700, epoch: 5 | loss: 0.1623190
	speed: 0.1046s/iter; left time: 1726.7312s
	iters: 800, epoch: 5 | loss: 0.0896441
	speed: 0.1110s/iter; left time: 1821.1425s
	iters: 900, epoch: 5 | loss: 0.1517026
	speed: 0.1088s/iter; left time: 1773.1709s
	iters: 1000, epoch: 5 | loss: 0.1317664
	speed: 0.1081s/iter; left time: 1752.0759s
Epoch: 5 cost time: 115.47151708602905
Epoch: 5, Steps: 1075 | Train Loss: 0.1543316 Vali Loss: 0.2125280 Test Loss: 0.3293774
EarlyStopping counter: 3 out of 3
Early stopping
>>>>>>>testing : Crossformer_ETTm2_il96_ol96_sl24_win2_fa10_dm256_nh4_el3_itr2<<<<<<<<<<<<<<<<<<<<<<<<<<<<<<<<<
test 11425
mse:0.2566850185394287, mae:0.3406040668487549
Use GPU: cuda:0
>>>>>>>start training : Crossformer_ETTm2_il96_ol96_sl24_win2_fa10_dm256_nh4_el3_itr3>>>>>>>>>>>>>>>>>>>>>>>>>>
train 34369
val 11425
test 11425
	iters: 100, epoch: 1 | loss: 0.2592116
	speed: 0.1035s/iter; left time: 2214.0774s
	iters: 200, epoch: 1 | loss: 0.2056198
	speed: 0.1092s/iter; left time: 2326.2625s
	iters: 300, epoch: 1 | loss: 0.2321056
	speed: 0.2009s/iter; left time: 4259.8676s
	iters: 400, epoch: 1 | loss: 0.1578450
	speed: 0.2487s/iter; left time: 5247.1373s
	iters: 500, epoch: 1 | loss: 0.5338936
	speed: 0.2814s/iter; left time: 5909.6796s
	iters: 600, epoch: 1 | loss: 0.4321006
	speed: 0.2230s/iter; left time: 4661.4771s
	iters: 700, epoch: 1 | loss: 0.1995772
	speed: 0.1102s/iter; left time: 2291.3608s
	iters: 800, epoch: 1 | loss: 0.3471683
	speed: 0.1111s/iter; left time: 2299.4942s
	iters: 900, epoch: 1 | loss: 0.1260678
	speed: 0.1066s/iter; left time: 2197.0488s
	iters: 1000, epoch: 1 | loss: 0.2566658
	speed: 0.1175s/iter; left time: 2408.1642s
Epoch: 1 cost time: 169.58820176124573
Epoch: 1, Steps: 1075 | Train Loss: 0.2663173 Vali Loss: 0.1816233 Test Loss: 0.3058030
Validation loss decreased (inf --> 0.181623).  Saving model ...
	iters: 100, epoch: 2 | loss: 0.1302835
	speed: 0.1101s/iter; left time: 2236.9738s
	iters: 200, epoch: 2 | loss: 0.2472668
	speed: 0.1076s/iter; left time: 2175.8747s
	iters: 300, epoch: 2 | loss: 0.2753277
	speed: 0.1110s/iter; left time: 2233.3009s
	iters: 400, epoch: 2 | loss: 0.2100359
	speed: 0.1235s/iter; left time: 2473.9148s
	iters: 500, epoch: 2 | loss: 0.1531462
	speed: 0.1122s/iter; left time: 2235.1050s
	iters: 600, epoch: 2 | loss: 0.2550014
	speed: 0.1710s/iter; left time: 3389.9033s
	iters: 700, epoch: 2 | loss: 0.1827008
	speed: 0.1704s/iter; left time: 3362.2650s
	iters: 800, epoch: 2 | loss: 0.1756462
	speed: 0.1809s/iter; left time: 3550.3382s
	iters: 900, epoch: 2 | loss: 0.1204288
	speed: 0.1521s/iter; left time: 2969.8114s
	iters: 1000, epoch: 2 | loss: 0.1295460
	speed: 0.1176s/iter; left time: 2283.9397s
Epoch: 2 cost time: 144.34481239318848
Epoch: 2, Steps: 1075 | Train Loss: 0.1963015 Vali Loss: 0.1697309 Test Loss: 0.2521256
Validation loss decreased (0.181623 --> 0.169731).  Saving model ...
Updating learning rate to 5e-05
	iters: 100, epoch: 3 | loss: 0.1632677
	speed: 0.1612s/iter; left time: 3103.4753s
	iters: 200, epoch: 3 | loss: 0.1314581
	speed: 0.1412s/iter; left time: 2704.3413s
	iters: 300, epoch: 3 | loss: 0.1854365
	speed: 0.1279s/iter; left time: 2436.9996s
	iters: 400, epoch: 3 | loss: 0.2307738
	speed: 0.1072s/iter; left time: 2032.0266s
	iters: 500, epoch: 3 | loss: 0.1536795
	speed: 0.1045s/iter; left time: 1969.0852s
	iters: 600, epoch: 3 | loss: 0.1179647
	speed: 0.1043s/iter; left time: 1955.1157s
	iters: 700, epoch: 3 | loss: 0.2026892
	speed: 0.1057s/iter; left time: 1971.0159s
	iters: 800, epoch: 3 | loss: 0.1927335
	speed: 0.1933s/iter; left time: 3586.3375s
	iters: 900, epoch: 3 | loss: 0.2136025
	speed: 0.1681s/iter; left time: 3101.5439s
	iters: 1000, epoch: 3 | loss: 0.2003869
	speed: 0.1755s/iter; left time: 3219.8250s
Epoch: 3 cost time: 152.41314482688904
Epoch: 3, Steps: 1075 | Train Loss: 0.1707044 Vali Loss: 0.1970083 Test Loss: 0.3847870
EarlyStopping counter: 1 out of 3
	iters: 100, epoch: 4 | loss: 0.1789074
	speed: 0.1169s/iter; left time: 2124.7701s
	iters: 200, epoch: 4 | loss: 0.2113092
	speed: 0.1028s/iter; left time: 1858.6576s
	iters: 300, epoch: 4 | loss: 0.1285343
	speed: 0.1063s/iter; left time: 1910.8417s
	iters: 400, epoch: 4 | loss: 0.1411994
	speed: 0.1069s/iter; left time: 1911.7911s
	iters: 500, epoch: 4 | loss: 0.1884242
	speed: 0.1089s/iter; left time: 1936.6153s
	iters: 600, epoch: 4 | loss: 0.1201372
	speed: 0.1044s/iter; left time: 1845.4839s
	iters: 700, epoch: 4 | loss: 0.1353658
	speed: 0.1070s/iter; left time: 1880.7814s
	iters: 800, epoch: 4 | loss: 0.1494959
	speed: 0.1031s/iter; left time: 1801.7721s
	iters: 900, epoch: 4 | loss: 0.1485370
	speed: 0.1090s/iter; left time: 1893.7584s
	iters: 1000, epoch: 4 | loss: 0.2253775
	speed: 0.1155s/iter; left time: 1994.8769s
Epoch: 4 cost time: 123.7623074054718
Epoch: 4, Steps: 1075 | Train Loss: 0.1627650 Vali Loss: 0.1952381 Test Loss: 0.3055964
EarlyStopping counter: 2 out of 3
Updating learning rate to 2.5e-05
	iters: 100, epoch: 5 | loss: 0.2120261
	speed: 0.2705s/iter; left time: 4626.4341s
	iters: 200, epoch: 5 | loss: 0.1361078
	speed: 0.1978s/iter; left time: 3362.6072s
	iters: 300, epoch: 5 | loss: 0.1104142
	speed: 0.1039s/iter; left time: 1755.6572s
	iters: 400, epoch: 5 | loss: 0.2297353
	speed: 0.1115s/iter; left time: 1872.6544s
	iters: 500, epoch: 5 | loss: 0.1305224
	speed: 0.1155s/iter; left time: 1928.7486s
	iters: 600, epoch: 5 | loss: 0.1025671
	speed: 0.1054s/iter; left time: 1749.5925s
	iters: 700, epoch: 5 | loss: 0.1378294
	speed: 0.1073s/iter; left time: 1769.8964s
	iters: 800, epoch: 5 | loss: 0.1116650
	speed: 0.1274s/iter; left time: 2089.7458s
	iters: 900, epoch: 5 | loss: 0.1685782
	speed: 0.1254s/iter; left time: 2043.7420s
	iters: 1000, epoch: 5 | loss: 0.1351154
	speed: 0.1201s/iter; left time: 1945.1950s
Epoch: 5 cost time: 150.39564394950867
Epoch: 5, Steps: 1075 | Train Loss: 0.1544540 Vali Loss: 0.1992735 Test Loss: 0.2969114
EarlyStopping counter: 3 out of 3
Early stopping
>>>>>>>testing : Crossformer_ETTm2_il96_ol96_sl24_win2_fa10_dm256_nh4_el3_itr3<<<<<<<<<<<<<<<<<<<<<<<<<<<<<<<<<
test 11425
mse:0.25256481766700745, mae:0.3478793799877167
Use GPU: cuda:0
>>>>>>>start training : Crossformer_ETTm2_il96_ol96_sl24_win2_fa10_dm256_nh4_el3_itr4>>>>>>>>>>>>>>>>>>>>>>>>>>
train 34369
val 11425
test 11425
	iters: 100, epoch: 1 | loss: 0.2826384
	speed: 0.2045s/iter; left time: 4376.9479s
	iters: 200, epoch: 1 | loss: 0.5801737
	speed: 0.1796s/iter; left time: 3826.2660s
	iters: 300, epoch: 1 | loss: 0.2033611
	speed: 0.1383s/iter; left time: 2931.9410s
	iters: 400, epoch: 1 | loss: 0.3353361
	speed: 0.1051s/iter; left time: 2216.8173s
	iters: 500, epoch: 1 | loss: 0.1557725
	speed: 0.1101s/iter; left time: 2312.4334s
	iters: 600, epoch: 1 | loss: 0.2245939
	speed: 0.1077s/iter; left time: 2250.8962s
	iters: 700, epoch: 1 | loss: 0.1714384
	speed: 0.1110s/iter; left time: 2308.5709s
	iters: 800, epoch: 1 | loss: 0.1395500
	speed: 0.1235s/iter; left time: 2556.1902s
	iters: 900, epoch: 1 | loss: 0.1392594
	speed: 0.1205s/iter; left time: 2483.2551s
	iters: 1000, epoch: 1 | loss: 0.2400565
	speed: 0.1207s/iter; left time: 2475.2108s
Epoch: 1 cost time: 140.1244819164276
Epoch: 1, Steps: 1075 | Train Loss: 0.2655822 Vali Loss: 0.1965642 Test Loss: 0.3324456
Validation loss decreased (inf --> 0.196564).  Saving model ...
	iters: 100, epoch: 2 | loss: 0.1663687
	speed: 0.1064s/iter; left time: 2163.4049s
	iters: 200, epoch: 2 | loss: 0.1569556
	speed: 0.1366s/iter; left time: 2762.5013s
	iters: 300, epoch: 2 | loss: 0.1629456
	speed: 0.1870s/iter; left time: 3764.4492s
	iters: 400, epoch: 2 | loss: 0.1927125
	speed: 0.1812s/iter; left time: 3629.3599s
	iters: 500, epoch: 2 | loss: 0.1817189
	speed: 0.1952s/iter; left time: 3890.3075s
	iters: 600, epoch: 2 | loss: 0.1938228
	speed: 0.1239s/iter; left time: 2456.1251s
	iters: 700, epoch: 2 | loss: 0.2274597
	speed: 0.1177s/iter; left time: 2321.5355s
	iters: 800, epoch: 2 | loss: 0.1843821
	speed: 0.1408s/iter; left time: 2762.7796s
	iters: 900, epoch: 2 | loss: 0.1337637
	speed: 0.1043s/iter; left time: 2037.1086s
	iters: 1000, epoch: 2 | loss: 0.2675123
	speed: 0.1061s/iter; left time: 2060.4982s
Epoch: 2 cost time: 148.25371146202087
Epoch: 2, Steps: 1075 | Train Loss: 0.1953808 Vali Loss: 0.1639806 Test Loss: 0.2870468
Validation loss decreased (0.196564 --> 0.163981).  Saving model ...
Updating learning rate to 5e-05
	iters: 100, epoch: 3 | loss: 0.1299603
	speed: 0.1043s/iter; left time: 2008.7403s
	iters: 200, epoch: 3 | loss: 0.1488669
	speed: 0.1037s/iter; left time: 1985.4030s
	iters: 300, epoch: 3 | loss: 0.1469326
	speed: 0.1124s/iter; left time: 2141.4438s
	iters: 400, epoch: 3 | loss: 0.2444070
	speed: 0.1080s/iter; left time: 2047.0969s
	iters: 500, epoch: 3 | loss: 0.1660846
	speed: 0.1638s/iter; left time: 3087.4647s
	iters: 600, epoch: 3 | loss: 0.1860395
	speed: 0.2075s/iter; left time: 3889.9317s
	iters: 700, epoch: 3 | loss: 0.2159639
	speed: 0.2811s/iter; left time: 5243.0189s
	iters: 800, epoch: 3 | loss: 0.2238466
	speed: 0.2679s/iter; left time: 4970.6985s
	iters: 900, epoch: 3 | loss: 0.1653415
	speed: 0.1499s/iter; left time: 2765.2233s
	iters: 1000, epoch: 3 | loss: 0.1950492
	speed: 0.1051s/iter; left time: 1929.0528s
Epoch: 3 cost time: 169.22496271133423
Epoch: 3, Steps: 1075 | Train Loss: 0.1703210 Vali Loss: 0.1776547 Test Loss: 0.3056857
EarlyStopping counter: 1 out of 3
	iters: 100, epoch: 4 | loss: 0.1569206
	speed: 0.1099s/iter; left time: 1998.0178s
	iters: 200, epoch: 4 | loss: 0.1590463
	speed: 0.1126s/iter; left time: 2035.9292s
	iters: 300, epoch: 4 | loss: 0.1996166
	speed: 0.1073s/iter; left time: 1928.9835s
	iters: 400, epoch: 4 | loss: 0.2443241
	speed: 0.1070s/iter; left time: 1913.1993s
	iters: 500, epoch: 4 | loss: 0.1912273
	speed: 0.1114s/iter; left time: 1980.1719s
	iters: 600, epoch: 4 | loss: 0.1721950
	speed: 0.1058s/iter; left time: 1869.8892s
	iters: 700, epoch: 4 | loss: 0.1470249
	speed: 0.1093s/iter; left time: 1921.5264s
	iters: 800, epoch: 4 | loss: 0.1416552
	speed: 0.2124s/iter; left time: 3711.2524s
	iters: 900, epoch: 4 | loss: 0.1601257
	speed: 0.2696s/iter; left time: 4684.6288s
	iters: 1000, epoch: 4 | loss: 0.1110768
	speed: 0.2120s/iter; left time: 3663.3634s
Epoch: 4 cost time: 158.6325123310089
Epoch: 4, Steps: 1075 | Train Loss: 0.1613964 Vali Loss: 0.1853077 Test Loss: 0.3416827
EarlyStopping counter: 2 out of 3
Updating learning rate to 2.5e-05
	iters: 100, epoch: 5 | loss: 0.1766180
	speed: 0.0905s/iter; left time: 1548.4459s
	iters: 200, epoch: 5 | loss: 0.1016650
	speed: 0.1089s/iter; left time: 1851.6290s
	iters: 300, epoch: 5 | loss: 0.1740950
	speed: 0.1036s/iter; left time: 1750.6263s
	iters: 400, epoch: 5 | loss: 0.1275330
	speed: 0.1077s/iter; left time: 1809.8345s
	iters: 500, epoch: 5 | loss: 0.1081238
	speed: 0.1073s/iter; left time: 1792.0545s
	iters: 600, epoch: 5 | loss: 0.1709130
	speed: 0.1089s/iter; left time: 1808.1091s
	iters: 700, epoch: 5 | loss: 0.1609798
	speed: 0.1083s/iter; left time: 1786.4058s
	iters: 800, epoch: 5 | loss: 0.2088329
	speed: 0.1126s/iter; left time: 1846.1881s
	iters: 900, epoch: 5 | loss: 0.1127087
	speed: 0.1200s/iter; left time: 1955.5540s
	iters: 1000, epoch: 5 | loss: 0.2627420
	speed: 0.1079s/iter; left time: 1747.2828s
Epoch: 5 cost time: 123.45216083526611
Epoch: 5, Steps: 1075 | Train Loss: 0.1520708 Vali Loss: 0.1934062 Test Loss: 0.3208808
EarlyStopping counter: 3 out of 3
Early stopping
>>>>>>>testing : Crossformer_ETTm2_il96_ol96_sl24_win2_fa10_dm256_nh4_el3_itr4<<<<<<<<<<<<<<<<<<<<<<<<<<<<<<<<<
test 11425
mse:0.2876116633415222, mae:0.3751746714115143
