Args in experiment:
Namespace(baseline=False, batch_size=32, checkpoints='./checkpoints/', d_ff=512, d_model=256, data='ETTm1', data_dim=7, data_path='ETTm1.csv', data_split=[34560, 11520, 11520], devices='0,1,2,3', dropout=0.2, e_layers=3, factor=10, gpu=0, in_len=192, itr=5, learning_rate=0.0001, lradj='type1', n_heads=4, num_workers=0, out_len=96, patience=3, root_path='./datasets/', save_pred=False, seg_len=24, train_epochs=20, use_gpu=True, use_multi_gpu=False, win_size=2)
Use GPU: cuda:0
>>>>>>>start training : Crossformer_ETTm1_il192_ol96_sl24_win2_fa10_dm256_nh4_el3_itr0>>>>>>>>>>>>>>>>>>>>>>>>>>
train 34273
val 11425
test 11425
	iters: 100, epoch: 1 | loss: 0.3805999
	speed: 0.1881s/iter; left time: 4014.3721s
	iters: 200, epoch: 1 | loss: 0.3594190
	speed: 0.1055s/iter; left time: 2241.8784s
	iters: 300, epoch: 1 | loss: 0.3031681
	speed: 0.1246s/iter; left time: 2633.1948s
	iters: 400, epoch: 1 | loss: 0.2828863
	speed: 0.2373s/iter; left time: 4992.3073s
	iters: 500, epoch: 1 | loss: 0.2959087
	speed: 0.2355s/iter; left time: 4931.5071s
	iters: 600, epoch: 1 | loss: 0.2782654
	speed: 0.1947s/iter; left time: 4058.3830s
	iters: 700, epoch: 1 | loss: 0.2674933
	speed: 0.1633s/iter; left time: 3387.4904s
	iters: 800, epoch: 1 | loss: 0.2124504
	speed: 0.1442s/iter; left time: 2976.8750s
	iters: 900, epoch: 1 | loss: 0.3141836
	speed: 0.1057s/iter; left time: 2172.0876s
	iters: 1000, epoch: 1 | loss: 0.2231467
	speed: 0.1076s/iter; left time: 2199.2367s
Epoch: 1 cost time: 173.95425629615784
Epoch: 1, Steps: 1072 | Train Loss: 0.3201195 Vali Loss: 0.4239945 Test Loss: 0.3028788
Validation loss decreased (inf --> 0.423994).  Saving model ...
	iters: 100, epoch: 2 | loss: 0.2190222
	speed: 0.1783s/iter; left time: 3614.8777s
	iters: 200, epoch: 2 | loss: 0.2360761
	speed: 0.1285s/iter; left time: 2592.2688s
	iters: 300, epoch: 2 | loss: 0.2331806
	speed: 0.1078s/iter; left time: 2164.1473s
	iters: 400, epoch: 2 | loss: 0.2585100
	speed: 0.1056s/iter; left time: 2107.8312s
	iters: 500, epoch: 2 | loss: 0.2744407
	speed: 0.1232s/iter; left time: 2447.7694s
	iters: 600, epoch: 2 | loss: 0.2835232
	speed: 0.1949s/iter; left time: 3852.6977s
	iters: 700, epoch: 2 | loss: 0.2064319
	speed: 0.1207s/iter; left time: 2374.3350s
	iters: 800, epoch: 2 | loss: 0.2088309
	speed: 0.1275s/iter; left time: 2495.2576s
	iters: 900, epoch: 2 | loss: 0.2324450
	speed: 0.2617s/iter; left time: 5094.4927s
	iters: 1000, epoch: 2 | loss: 0.2436473
	speed: 0.2851s/iter; left time: 5522.6320s
Epoch: 2 cost time: 181.14100861549377
Epoch: 2, Steps: 1072 | Train Loss: 0.2445927 Vali Loss: 0.4723742 Test Loss: 0.3700047
EarlyStopping counter: 1 out of 3
Updating learning rate to 5e-05
	iters: 100, epoch: 3 | loss: 0.2099261
	speed: 0.1067s/iter; left time: 2047.5232s
	iters: 200, epoch: 3 | loss: 0.2081663
	speed: 0.1055s/iter; left time: 2014.8278s
	iters: 300, epoch: 3 | loss: 0.1851974
	speed: 0.1049s/iter; left time: 1992.0575s
	iters: 400, epoch: 3 | loss: 0.2241305
	speed: 0.1054s/iter; left time: 1990.9688s
	iters: 500, epoch: 3 | loss: 0.2002835
	speed: 0.1268s/iter; left time: 2383.0840s
	iters: 600, epoch: 3 | loss: 0.2269525
	speed: 0.1678s/iter; left time: 3136.6230s
	iters: 700, epoch: 3 | loss: 0.1853385
	speed: 0.2386s/iter; left time: 4437.6387s
	iters: 800, epoch: 3 | loss: 0.1843918
	speed: 0.1564s/iter; left time: 2892.7281s
	iters: 900, epoch: 3 | loss: 0.2342089
	speed: 0.1058s/iter; left time: 1946.1667s
	iters: 1000, epoch: 3 | loss: 0.1983943
	speed: 0.1077s/iter; left time: 1971.0681s
Epoch: 3 cost time: 140.15822052955627
Epoch: 3, Steps: 1072 | Train Loss: 0.2181988 Vali Loss: 0.5575455 Test Loss: 0.3964345
EarlyStopping counter: 2 out of 3
	iters: 100, epoch: 4 | loss: 0.1891049
	speed: 0.3139s/iter; left time: 5689.6110s
	iters: 200, epoch: 4 | loss: 0.1957493
	speed: 0.3335s/iter; left time: 6011.7530s
	iters: 300, epoch: 4 | loss: 0.2277407
	speed: 0.3276s/iter; left time: 5872.3519s
	iters: 400, epoch: 4 | loss: 0.2344092
	speed: 0.1057s/iter; left time: 1884.7016s
	iters: 500, epoch: 4 | loss: 0.2007123
	speed: 0.1061s/iter; left time: 1881.4218s
	iters: 600, epoch: 4 | loss: 0.2197267
	speed: 0.1053s/iter; left time: 1856.0828s
	iters: 700, epoch: 4 | loss: 0.1985131
	speed: 0.1068s/iter; left time: 1871.7842s
	iters: 800, epoch: 4 | loss: 0.2470246
	speed: 0.1056s/iter; left time: 1840.3096s
	iters: 900, epoch: 4 | loss: 0.2220903
	speed: 0.1052s/iter; left time: 1823.0919s
	iters: 1000, epoch: 4 | loss: 0.2243288
	speed: 0.1102s/iter; left time: 1898.6446s
Epoch: 4 cost time: 186.70199418067932
Epoch: 4, Steps: 1072 | Train Loss: 0.2048812 Vali Loss: 0.5325955 Test Loss: 0.3598025
EarlyStopping counter: 3 out of 3
Early stopping
>>>>>>>testing : Crossformer_ETTm1_il192_ol96_sl24_win2_fa10_dm256_nh4_el3_itr0<<<<<<<<<<<<<<<<<<<<<<<<<<<<<<<<<
test 11425
mse:0.3034539520740509, mae:0.35453134775161743
Use GPU: cuda:0
>>>>>>>start training : Crossformer_ETTm1_il192_ol96_sl24_win2_fa10_dm256_nh4_el3_itr1>>>>>>>>>>>>>>>>>>>>>>>>>>
train 34273
val 11425
test 11425
	iters: 100, epoch: 1 | loss: 0.5048383
	speed: 0.1035s/iter; left time: 2208.3091s
	iters: 200, epoch: 1 | loss: 0.4311107
	speed: 0.1055s/iter; left time: 2240.3410s
	iters: 300, epoch: 1 | loss: 0.3805293
	speed: 0.1559s/iter; left time: 3295.9670s
	iters: 400, epoch: 1 | loss: 0.3180949
	speed: 0.2343s/iter; left time: 4928.9970s
	iters: 500, epoch: 1 | loss: 0.2953867
	speed: 0.2377s/iter; left time: 4978.1024s
	iters: 600, epoch: 1 | loss: 0.2865766
	speed: 0.1894s/iter; left time: 3947.7979s
	iters: 700, epoch: 1 | loss: 0.2548295
	speed: 0.1846s/iter; left time: 3828.6608s
	iters: 800, epoch: 1 | loss: 0.3129941
	speed: 0.1266s/iter; left time: 2613.1069s
	iters: 900, epoch: 1 | loss: 0.2488749
	speed: 0.1080s/iter; left time: 2217.5074s
	iters: 1000, epoch: 1 | loss: 0.2394289
	speed: 0.1068s/iter; left time: 2182.3326s
Epoch: 1 cost time: 163.33265924453735
Epoch: 1, Steps: 1072 | Train Loss: 0.3227896 Vali Loss: 0.4286399 Test Loss: 0.3202413
Validation loss decreased (inf --> 0.428640).  Saving model ...
	iters: 100, epoch: 2 | loss: 0.2710561
	speed: 0.1105s/iter; left time: 2240.1275s
	iters: 200, epoch: 2 | loss: 0.2895125
	speed: 0.1191s/iter; left time: 2402.7884s
	iters: 300, epoch: 2 | loss: 0.2456008
	speed: 0.1286s/iter; left time: 2581.5015s
	iters: 400, epoch: 2 | loss: 0.2484384
	speed: 0.0980s/iter; left time: 1957.1766s
	iters: 500, epoch: 2 | loss: 0.2321527
	speed: 0.1244s/iter; left time: 2471.4185s
	iters: 600, epoch: 2 | loss: 0.2613355
	speed: 0.1350s/iter; left time: 2667.9334s
	iters: 700, epoch: 2 | loss: 0.2101644
	speed: 0.1117s/iter; left time: 2196.6747s
	iters: 800, epoch: 2 | loss: 0.2100704
	speed: 0.1061s/iter; left time: 2076.8484s
	iters: 900, epoch: 2 | loss: 0.2324179
	speed: 0.1065s/iter; left time: 2072.5657s
	iters: 1000, epoch: 2 | loss: 0.2285076
	speed: 0.1056s/iter; left time: 2045.9497s
Epoch: 2 cost time: 122.36220359802246
Epoch: 2, Steps: 1072 | Train Loss: 0.2453325 Vali Loss: 0.4590795 Test Loss: 0.3312719
EarlyStopping counter: 1 out of 3
Updating learning rate to 5e-05
	iters: 100, epoch: 3 | loss: 0.2055945
	speed: 0.2310s/iter; left time: 4434.4456s
	iters: 200, epoch: 3 | loss: 0.1865714
	speed: 0.1054s/iter; left time: 2012.1641s
	iters: 300, epoch: 3 | loss: 0.2138751
	speed: 0.1077s/iter; left time: 2046.5144s
	iters: 400, epoch: 3 | loss: 0.3009834
	speed: 0.1060s/iter; left time: 2002.7079s
	iters: 500, epoch: 3 | loss: 0.1832274
	speed: 0.1063s/iter; left time: 1998.4327s
	iters: 600, epoch: 3 | loss: 0.2554961
	speed: 0.1058s/iter; left time: 1978.8371s
	iters: 700, epoch: 3 | loss: 0.1988039
	speed: 0.1407s/iter; left time: 2616.0671s
	iters: 800, epoch: 3 | loss: 0.2019307
	speed: 0.1532s/iter; left time: 2833.2652s
	iters: 900, epoch: 3 | loss: 0.1961984
	speed: 0.2258s/iter; left time: 4154.8046s
	iters: 1000, epoch: 3 | loss: 0.1718889
	speed: 0.2631s/iter; left time: 4813.9108s
Epoch: 3 cost time: 172.37944960594177
Epoch: 3, Steps: 1072 | Train Loss: 0.2184965 Vali Loss: 0.4760761 Test Loss: 0.3595546
EarlyStopping counter: 2 out of 3
	iters: 100, epoch: 4 | loss: 0.1758862
	speed: 0.1046s/iter; left time: 1895.9535s
	iters: 200, epoch: 4 | loss: 0.2081768
	speed: 0.1051s/iter; left time: 1894.0614s
	iters: 300, epoch: 4 | loss: 0.1802286
	speed: 0.1052s/iter; left time: 1886.1987s
	iters: 400, epoch: 4 | loss: 0.2209900
	speed: 0.1082s/iter; left time: 1928.9336s
	iters: 500, epoch: 4 | loss: 0.2087066
	speed: 0.1075s/iter; left time: 1905.3149s
	iters: 600, epoch: 4 | loss: 0.1754306
	speed: 0.1048s/iter; left time: 1846.4731s
	iters: 700, epoch: 4 | loss: 0.2303832
	speed: 0.2506s/iter; left time: 4390.9484s
	iters: 800, epoch: 4 | loss: 0.2317827
	speed: 0.2731s/iter; left time: 4758.6938s
	iters: 900, epoch: 4 | loss: 0.2311609
	speed: 0.1771s/iter; left time: 3068.5225s
	iters: 1000, epoch: 4 | loss: 0.2015275
	speed: 0.1427s/iter; left time: 2458.8407s
Epoch: 4 cost time: 154.73247933387756
Epoch: 4, Steps: 1072 | Train Loss: 0.2040865 Vali Loss: 0.5062955 Test Loss: 0.3881057
EarlyStopping counter: 3 out of 3
Early stopping
>>>>>>>testing : Crossformer_ETTm1_il192_ol96_sl24_win2_fa10_dm256_nh4_el3_itr1<<<<<<<<<<<<<<<<<<<<<<<<<<<<<<<<<
test 11425
mse:0.32075825333595276, mae:0.3753931522369385
Use GPU: cuda:0
>>>>>>>start training : Crossformer_ETTm1_il192_ol96_sl24_win2_fa10_dm256_nh4_el3_itr2>>>>>>>>>>>>>>>>>>>>>>>>>>
train 34273
val 11425
test 11425
	iters: 100, epoch: 1 | loss: 0.3922353
	speed: 0.2639s/iter; left time: 5630.8978s
	iters: 200, epoch: 1 | loss: 0.3649230
	speed: 0.2553s/iter; left time: 5422.6445s
	iters: 300, epoch: 1 | loss: 0.2876871
	speed: 0.1498s/iter; left time: 3165.8932s
	iters: 400, epoch: 1 | loss: 0.2861356
	speed: 0.1517s/iter; left time: 3192.4007s
	iters: 500, epoch: 1 | loss: 0.2682396
	speed: 0.2583s/iter; left time: 5409.4029s
	iters: 600, epoch: 1 | loss: 0.2945557
	speed: 0.1463s/iter; left time: 3048.9747s
	iters: 700, epoch: 1 | loss: 0.2535824
	speed: 0.1981s/iter; left time: 4108.4112s
	iters: 800, epoch: 1 | loss: 0.2130019
	speed: 0.2742s/iter; left time: 5658.7901s
	iters: 900, epoch: 1 | loss: 0.2885570
	speed: 0.2596s/iter; left time: 5332.8498s
	iters: 1000, epoch: 1 | loss: 0.2188616
	speed: 0.1468s/iter; left time: 3001.0675s
Epoch: 1 cost time: 225.87093663215637
Epoch: 1, Steps: 1072 | Train Loss: 0.3177837 Vali Loss: 0.4065039 Test Loss: 0.3128791
Validation loss decreased (inf --> 0.406504).  Saving model ...
	iters: 100, epoch: 2 | loss: 0.2375830
	speed: 0.3392s/iter; left time: 6874.7218s
	iters: 200, epoch: 2 | loss: 0.2099060
	speed: 0.2951s/iter; left time: 5951.3342s
	iters: 300, epoch: 2 | loss: 0.2085491
	speed: 0.2122s/iter; left time: 4257.6707s
	iters: 400, epoch: 2 | loss: 0.2735077
	speed: 0.1589s/iter; left time: 3173.7908s
	iters: 500, epoch: 2 | loss: 0.2098550
	speed: 0.2458s/iter; left time: 4883.6366s
	iters: 600, epoch: 2 | loss: 0.2270224
	speed: 0.1525s/iter; left time: 3015.4997s
	iters: 700, epoch: 2 | loss: 0.2850709
	speed: 0.1480s/iter; left time: 2911.9832s
	iters: 800, epoch: 2 | loss: 0.2038027
	speed: 0.2574s/iter; left time: 5037.4151s
	iters: 900, epoch: 2 | loss: 0.2595345
	speed: 0.2559s/iter; left time: 4982.6100s
	iters: 1000, epoch: 2 | loss: 0.2222021
	speed: 0.1944s/iter; left time: 3765.8122s
Epoch: 2 cost time: 241.62299227714539
Epoch: 2, Steps: 1072 | Train Loss: 0.2420021 Vali Loss: 0.4612693 Test Loss: 0.3510386
EarlyStopping counter: 1 out of 3
Updating learning rate to 5e-05
	iters: 100, epoch: 3 | loss: 0.2600589
	speed: 0.1418s/iter; left time: 2722.3516s
	iters: 200, epoch: 3 | loss: 0.1871146
	speed: 0.2816s/iter; left time: 5378.3334s
	iters: 300, epoch: 3 | loss: 0.1829176
	speed: 0.3394s/iter; left time: 6448.2972s
	iters: 400, epoch: 3 | loss: 0.2150094
	speed: 0.3384s/iter; left time: 6394.7314s
	iters: 500, epoch: 3 | loss: 0.2657901
	speed: 0.2458s/iter; left time: 4620.2986s
	iters: 600, epoch: 3 | loss: 0.2078481
	speed: 0.1568s/iter; left time: 2931.5869s
	iters: 700, epoch: 3 | loss: 0.1777304
	speed: 0.2439s/iter; left time: 4535.5825s
	iters: 800, epoch: 3 | loss: 0.2228504
	speed: 0.1509s/iter; left time: 2792.0178s
	iters: 900, epoch: 3 | loss: 0.2302871
	speed: 0.1553s/iter; left time: 2857.5177s
	iters: 1000, epoch: 3 | loss: 0.1952128
	speed: 0.2826s/iter; left time: 5170.0490s
Epoch: 3 cost time: 254.9650433063507
Epoch: 3, Steps: 1072 | Train Loss: 0.2133114 Vali Loss: 0.5139997 Test Loss: 0.3813010
EarlyStopping counter: 2 out of 3
	iters: 100, epoch: 4 | loss: 0.1810519
	speed: 0.1397s/iter; left time: 2531.2355s
	iters: 200, epoch: 4 | loss: 0.1911813
	speed: 0.1934s/iter; left time: 3485.2467s
	iters: 300, epoch: 4 | loss: 0.2065897
	speed: 0.1760s/iter; left time: 3153.9588s
	iters: 400, epoch: 4 | loss: 0.1986073
	speed: 0.1779s/iter; left time: 3171.8078s
	iters: 500, epoch: 4 | loss: 0.2225828
	speed: 0.2929s/iter; left time: 5192.0346s
	iters: 600, epoch: 4 | loss: 0.1750709
	speed: 0.3250s/iter; left time: 5727.5413s
	iters: 700, epoch: 4 | loss: 0.1966091
	speed: 0.3318s/iter; left time: 5815.0841s
	iters: 800, epoch: 4 | loss: 0.1873834
	speed: 0.2943s/iter; left time: 5128.2027s
	iters: 900, epoch: 4 | loss: 0.1754255
	speed: 0.2879s/iter; left time: 4988.0791s
	iters: 1000, epoch: 4 | loss: 0.1980051
	speed: 0.2190s/iter; left time: 3772.5453s
Epoch: 4 cost time: 255.98072218894958
Epoch: 4, Steps: 1072 | Train Loss: 0.1998915 Vali Loss: 0.5500886 Test Loss: 0.4137482
EarlyStopping counter: 3 out of 3
Early stopping
>>>>>>>testing : Crossformer_ETTm1_il192_ol96_sl24_win2_fa10_dm256_nh4_el3_itr2<<<<<<<<<<<<<<<<<<<<<<<<<<<<<<<<<
test 11425
mse:0.313435822725296, mae:0.3655557334423065
Use GPU: cuda:0
>>>>>>>start training : Crossformer_ETTm1_il192_ol96_sl24_win2_fa10_dm256_nh4_el3_itr3>>>>>>>>>>>>>>>>>>>>>>>>>>
train 34273
val 11425
test 11425
	iters: 100, epoch: 1 | loss: 0.4246584
	speed: 0.1667s/iter; left time: 3557.7387s
	iters: 200, epoch: 1 | loss: 0.4096262
	speed: 0.1709s/iter; left time: 3629.8642s
	iters: 300, epoch: 1 | loss: 0.3767904
	speed: 0.2658s/iter; left time: 5620.0807s
	iters: 400, epoch: 1 | loss: 0.3550619
	speed: 0.3019s/iter; left time: 6352.1542s
	iters: 500, epoch: 1 | loss: 0.2898858
	speed: 0.2067s/iter; left time: 4328.3424s
	iters: 600, epoch: 1 | loss: 0.3202102
	speed: 0.1898s/iter; left time: 3955.2118s
	iters: 700, epoch: 1 | loss: 0.2821271
	speed: 0.2412s/iter; left time: 5003.2939s
	iters: 800, epoch: 1 | loss: 0.2313622
	speed: 0.3220s/iter; left time: 6647.1759s
	iters: 900, epoch: 1 | loss: 0.2652165
	speed: 0.3193s/iter; left time: 6558.1618s
	iters: 1000, epoch: 1 | loss: 0.2539304
	speed: 0.3351s/iter; left time: 6849.1561s
Epoch: 1 cost time: 271.89844250679016
Epoch: 1, Steps: 1072 | Train Loss: 0.3201961 Vali Loss: 0.4643324 Test Loss: 0.3359358
Validation loss decreased (inf --> 0.464332).  Saving model ...
	iters: 100, epoch: 2 | loss: 0.2794713
	speed: 0.1887s/iter; left time: 3825.6382s
	iters: 200, epoch: 2 | loss: 0.2211930
	speed: 0.2729s/iter; left time: 5504.3452s
	iters: 300, epoch: 2 | loss: 0.2360048
	speed: 0.2529s/iter; left time: 5075.6023s
	iters: 400, epoch: 2 | loss: 0.2340477
	speed: 0.2255s/iter; left time: 4503.0529s
	iters: 500, epoch: 2 | loss: 0.2413812
	speed: 0.1728s/iter; left time: 3432.7891s
	iters: 600, epoch: 2 | loss: 0.2605444
	speed: 0.2017s/iter; left time: 3987.6851s
	iters: 700, epoch: 2 | loss: 0.2164890
	speed: 0.3102s/iter; left time: 6101.3263s
	iters: 800, epoch: 2 | loss: 0.2224283
	speed: 0.2780s/iter; left time: 5440.1521s
	iters: 900, epoch: 2 | loss: 0.2169148
	speed: 0.1273s/iter; left time: 2478.4437s
	iters: 1000, epoch: 2 | loss: 0.1940824
	speed: 0.0864s/iter; left time: 1672.8548s
Epoch: 2 cost time: 219.73354244232178
Epoch: 2, Steps: 1072 | Train Loss: 0.2432481 Vali Loss: 0.4729063 Test Loss: 0.3400419
EarlyStopping counter: 1 out of 3
Updating learning rate to 5e-05
	iters: 100, epoch: 3 | loss: 0.2129425
	speed: 0.2569s/iter; left time: 4931.6229s
	iters: 200, epoch: 3 | loss: 0.2371960
	speed: 0.1373s/iter; left time: 2621.1552s
	iters: 300, epoch: 3 | loss: 0.2342510
	speed: 0.0990s/iter; left time: 1879.8206s
	iters: 400, epoch: 3 | loss: 0.2358447
	speed: 0.0880s/iter; left time: 1662.6080s
	iters: 500, epoch: 3 | loss: 0.2194043
	speed: 0.1172s/iter; left time: 2203.4418s
	iters: 600, epoch: 3 | loss: 0.2361301
	speed: 0.2680s/iter; left time: 5010.3315s
	iters: 700, epoch: 3 | loss: 0.2354639
	speed: 0.2309s/iter; left time: 4294.5645s
	iters: 800, epoch: 3 | loss: 0.1970301
	speed: 0.1519s/iter; left time: 2810.5499s
	iters: 900, epoch: 3 | loss: 0.2364647
	speed: 0.1097s/iter; left time: 2017.3412s
	iters: 1000, epoch: 3 | loss: 0.1814162
	speed: 0.1084s/iter; left time: 1983.7967s
Epoch: 3 cost time: 165.64207220077515
Epoch: 3, Steps: 1072 | Train Loss: 0.2156057 Vali Loss: 0.5057504 Test Loss: 0.4154098
EarlyStopping counter: 2 out of 3
	iters: 100, epoch: 4 | loss: 0.2231203
	speed: 0.1051s/iter; left time: 1905.3701s
	iters: 200, epoch: 4 | loss: 0.2152625
	speed: 0.1075s/iter; left time: 1937.3803s
	iters: 300, epoch: 4 | loss: 0.1918712
	speed: 0.1096s/iter; left time: 1964.3370s
	iters: 400, epoch: 4 | loss: 0.2555800
	speed: 0.1326s/iter; left time: 2363.9749s
	iters: 500, epoch: 4 | loss: 0.1628703
	speed: 0.2738s/iter; left time: 4852.4688s
	iters: 600, epoch: 4 | loss: 0.2107030
	speed: 0.3147s/iter; left time: 5545.8735s
	iters: 700, epoch: 4 | loss: 0.1926685
	speed: 0.2393s/iter; left time: 4193.1366s
	iters: 800, epoch: 4 | loss: 0.1980852
	speed: 0.1459s/iter; left time: 2542.2945s
	iters: 900, epoch: 4 | loss: 0.1987598
	speed: 0.1226s/iter; left time: 2123.6971s
	iters: 1000, epoch: 4 | loss: 0.2227570
	speed: 0.1061s/iter; left time: 1827.8146s
Epoch: 4 cost time: 178.79965257644653
Epoch: 4, Steps: 1072 | Train Loss: 0.2015477 Vali Loss: 0.5442298 Test Loss: 0.4546063
EarlyStopping counter: 3 out of 3
Early stopping
>>>>>>>testing : Crossformer_ETTm1_il192_ol96_sl24_win2_fa10_dm256_nh4_el3_itr3<<<<<<<<<<<<<<<<<<<<<<<<<<<<<<<<<
test 11425
mse:0.3364679217338562, mae:0.3779235780239105
Use GPU: cuda:0
>>>>>>>start training : Crossformer_ETTm1_il192_ol96_sl24_win2_fa10_dm256_nh4_el3_itr4>>>>>>>>>>>>>>>>>>>>>>>>>>
train 34273
val 11425
test 11425
	iters: 100, epoch: 1 | loss: 0.4200117
	speed: 0.1548s/iter; left time: 3303.6685s
	iters: 200, epoch: 1 | loss: 0.3490792
	speed: 0.2236s/iter; left time: 4750.0567s
	iters: 300, epoch: 1 | loss: 0.3354445
	speed: 0.2646s/iter; left time: 5594.1032s
	iters: 400, epoch: 1 | loss: 0.3266940
	speed: 0.1211s/iter; left time: 2547.6982s
	iters: 500, epoch: 1 | loss: 0.3169882
	speed: 0.1046s/iter; left time: 2191.3984s
	iters: 600, epoch: 1 | loss: 0.2558689
	speed: 0.1055s/iter; left time: 2197.8226s
	iters: 700, epoch: 1 | loss: 0.2611067
	speed: 0.1059s/iter; left time: 2197.4897s
	iters: 800, epoch: 1 | loss: 0.2269913
	speed: 0.1583s/iter; left time: 3267.6629s
	iters: 900, epoch: 1 | loss: 0.2694650
	speed: 0.1752s/iter; left time: 3598.8728s
	iters: 1000, epoch: 1 | loss: 0.2327576
	speed: 0.1335s/iter; left time: 2728.1591s
Epoch: 1 cost time: 165.55918622016907
Epoch: 1, Steps: 1072 | Train Loss: 0.3208220 Vali Loss: 0.4253335 Test Loss: 0.3195365
Validation loss decreased (inf --> 0.425334).  Saving model ...
	iters: 100, epoch: 2 | loss: 0.2475277
	speed: 0.2715s/iter; left time: 5503.6040s
	iters: 200, epoch: 2 | loss: 0.2119261
	speed: 0.2187s/iter; left time: 4411.4537s
	iters: 300, epoch: 2 | loss: 0.2253751
	speed: 0.1080s/iter; left time: 2168.2517s
	iters: 400, epoch: 2 | loss: 0.2415728
	speed: 0.1063s/iter; left time: 2123.3638s
	iters: 500, epoch: 2 | loss: 0.2207249
	speed: 0.1073s/iter; left time: 2131.3690s
	iters: 600, epoch: 2 | loss: 0.2250708
	speed: 0.1069s/iter; left time: 2112.6660s
	iters: 700, epoch: 2 | loss: 0.2646118
	speed: 0.1815s/iter; left time: 3570.0666s
	iters: 800, epoch: 2 | loss: 0.2295325
	speed: 0.1310s/iter; left time: 2563.9134s
	iters: 900, epoch: 2 | loss: 0.2111006
	speed: 0.1082s/iter; left time: 2107.1804s
	iters: 1000, epoch: 2 | loss: 0.2394781
	speed: 0.1122s/iter; left time: 2173.9804s
Epoch: 2 cost time: 152.8990457057953
Epoch: 2, Steps: 1072 | Train Loss: 0.2439702 Vali Loss: 0.4661778 Test Loss: 0.3653519
EarlyStopping counter: 1 out of 3
Updating learning rate to 5e-05
	iters: 100, epoch: 3 | loss: 0.1946985
	speed: 0.2719s/iter; left time: 5220.0029s
	iters: 200, epoch: 3 | loss: 0.2260963
	speed: 0.2939s/iter; left time: 5612.6065s
	iters: 300, epoch: 3 | loss: 0.1888856
	speed: 0.1576s/iter; left time: 2994.3520s
	iters: 400, epoch: 3 | loss: 0.2040821
	speed: 0.1417s/iter; left time: 2677.1230s
	iters: 500, epoch: 3 | loss: 0.2210350
	speed: 0.1067s/iter; left time: 2006.5106s
	iters: 600, epoch: 3 | loss: 0.2143867
	speed: 0.1856s/iter; left time: 3469.7112s
	iters: 700, epoch: 3 | loss: 0.2334361
	speed: 0.1421s/iter; left time: 2641.9578s
	iters: 800, epoch: 3 | loss: 0.2264869
	speed: 0.0961s/iter; left time: 1777.0897s
	iters: 900, epoch: 3 | loss: 0.2434724
	speed: 0.0855s/iter; left time: 1572.2941s
	iters: 1000, epoch: 3 | loss: 0.2184561
	speed: 0.0884s/iter; left time: 1616.9550s
Epoch: 3 cost time: 163.64205384254456
Epoch: 3, Steps: 1072 | Train Loss: 0.2183735 Vali Loss: 0.4626917 Test Loss: 0.3758142
EarlyStopping counter: 2 out of 3
	iters: 100, epoch: 4 | loss: 0.1892925
	speed: 0.1256s/iter; left time: 2275.6067s
	iters: 200, epoch: 4 | loss: 0.2064598
	speed: 0.1048s/iter; left time: 1889.5373s
	iters: 300, epoch: 4 | loss: 0.2545643
	speed: 0.1077s/iter; left time: 1930.8033s
	iters: 400, epoch: 4 | loss: 0.1881971
	speed: 0.1058s/iter; left time: 1886.3006s
	iters: 500, epoch: 4 | loss: 0.2038642
	speed: 0.1097s/iter; left time: 1944.1531s
	iters: 600, epoch: 4 | loss: 0.1956213
	speed: 0.1258s/iter; left time: 2217.2899s
	iters: 700, epoch: 4 | loss: 0.1888368
	speed: 0.1446s/iter; left time: 2534.0831s
	iters: 800, epoch: 4 | loss: 0.1727813
	speed: 0.1099s/iter; left time: 1914.3688s
	iters: 900, epoch: 4 | loss: 0.2155309
	speed: 0.1058s/iter; left time: 1832.8462s
	iters: 1000, epoch: 4 | loss: 0.2083232
	speed: 0.1054s/iter; left time: 1816.0998s
Epoch: 4 cost time: 122.18350744247437
Epoch: 4, Steps: 1072 | Train Loss: 0.2041382 Vali Loss: 0.4959974 Test Loss: 0.3668376
EarlyStopping counter: 3 out of 3
Early stopping
>>>>>>>testing : Crossformer_ETTm1_il192_ol96_sl24_win2_fa10_dm256_nh4_el3_itr4<<<<<<<<<<<<<<<<<<<<<<<<<<<<<<<<<
test 11425
mse:0.319967120885849, mae:0.37635111808776855
