Args in experiment:
Namespace(baseline=False, batch_size=32, checkpoints='./checkpoints/', d_ff=512, d_model=256, data='ETTm1', data_dim=7, data_path='ETTm1.csv', data_split=[34560, 11520, 11520], devices='0,1,2,3', dropout=0.2, e_layers=3, factor=10, gpu=0, in_len=192, itr=5, learning_rate=0.0001, lradj='type1', n_heads=4, num_workers=0, out_len=720, patience=3, root_path='./datasets/', save_pred=False, seg_len=24, train_epochs=20, use_gpu=True, use_multi_gpu=False, win_size=2)
Use GPU: cuda:0
>>>>>>>start training : Crossformer_ETTm1_il192_ol720_sl24_win2_fa10_dm256_nh4_el3_itr0>>>>>>>>>>>>>>>>>>>>>>>>>>
train 33649
val 10801
test 10801
	iters: 100, epoch: 1 | loss: 0.6283558
	speed: 0.2565s/iter; left time: 5371.0349s
	iters: 200, epoch: 1 | loss: 0.4476552
	speed: 0.1860s/iter; left time: 3876.5065s
	iters: 300, epoch: 1 | loss: 0.4203685
	speed: 0.2269s/iter; left time: 4705.6123s
	iters: 400, epoch: 1 | loss: 0.4285290
	speed: 0.3690s/iter; left time: 7616.9715s
	iters: 500, epoch: 1 | loss: 0.3759533
	speed: 0.3819s/iter; left time: 7845.1546s
	iters: 600, epoch: 1 | loss: 0.4045861
	speed: 0.3789s/iter; left time: 7744.0961s
	iters: 700, epoch: 1 | loss: 0.4117888
	speed: 0.3653s/iter; left time: 7430.5873s
	iters: 800, epoch: 1 | loss: 0.3785853
	speed: 0.1909s/iter; left time: 3864.8113s
	iters: 900, epoch: 1 | loss: 0.4437113
	speed: 0.1730s/iter; left time: 3483.4336s
	iters: 1000, epoch: 1 | loss: 0.3989759
	speed: 0.2672s/iter; left time: 5355.8053s
Epoch: 1 cost time: 294.138037443161
Epoch: 1, Steps: 1052 | Train Loss: 0.4533579 Vali Loss: 0.9189235 Test Loss: 0.6447001
Validation loss decreased (inf --> 0.918924).  Saving model ...
	iters: 100, epoch: 2 | loss: 0.3855610
	speed: 0.3049s/iter; left time: 6063.1701s
	iters: 200, epoch: 2 | loss: 0.3487305
	speed: 0.1825s/iter; left time: 3612.1113s
	iters: 300, epoch: 2 | loss: 0.3589931
	speed: 0.1821s/iter; left time: 3585.6655s
	iters: 400, epoch: 2 | loss: 0.3070522
	speed: 0.2395s/iter; left time: 4692.3573s
	iters: 500, epoch: 2 | loss: 0.3272420
	speed: 0.4049s/iter; left time: 7892.0499s
	iters: 600, epoch: 2 | loss: 0.3034948
	speed: 0.3828s/iter; left time: 7421.2013s
	iters: 700, epoch: 2 | loss: 0.3501557
	speed: 0.4052s/iter; left time: 7815.8347s
	iters: 800, epoch: 2 | loss: 0.3306519
	speed: 0.2542s/iter; left time: 4877.5509s
	iters: 900, epoch: 2 | loss: 0.3433990
	speed: 0.1697s/iter; left time: 3238.6968s
	iters: 1000, epoch: 2 | loss: 0.3303255
	speed: 0.1821s/iter; left time: 3457.4664s
Epoch: 2 cost time: 280.86228013038635
Epoch: 2, Steps: 1052 | Train Loss: 0.3425147 Vali Loss: 0.9439632 Test Loss: 0.9599358
EarlyStopping counter: 1 out of 3
Updating learning rate to 5e-05
	iters: 100, epoch: 3 | loss: 0.3264795
	speed: 0.2018s/iter; left time: 3801.4743s
	iters: 200, epoch: 3 | loss: 0.2957225
	speed: 0.2365s/iter; left time: 4431.0074s
	iters: 300, epoch: 3 | loss: 0.2723764
	speed: 0.2688s/iter; left time: 5009.2459s
	iters: 400, epoch: 3 | loss: 0.3088007
	speed: 0.1904s/iter; left time: 3528.6169s
	iters: 500, epoch: 3 | loss: 0.2943681
	speed: 0.3624s/iter; left time: 6682.2903s
	iters: 600, epoch: 3 | loss: 0.3130110
	speed: 0.4079s/iter; left time: 7479.2532s
	iters: 700, epoch: 3 | loss: 0.3121611
	speed: 0.3792s/iter; left time: 6915.8380s
	iters: 800, epoch: 3 | loss: 0.3080744
	speed: 0.3418s/iter; left time: 6199.4750s
	iters: 900, epoch: 3 | loss: 0.2955366
	speed: 0.1907s/iter; left time: 3438.8988s
	iters: 1000, epoch: 3 | loss: 0.2789747
	speed: 0.1859s/iter; left time: 3334.3194s
Epoch: 3 cost time: 293.4179902076721
Epoch: 3, Steps: 1052 | Train Loss: 0.3014798 Vali Loss: 0.9891433 Test Loss: 1.0765473
EarlyStopping counter: 2 out of 3
	iters: 100, epoch: 4 | loss: 0.2978103
	speed: 0.1914s/iter; left time: 3403.5261s
	iters: 200, epoch: 4 | loss: 0.3053585
	speed: 0.1807s/iter; left time: 3196.2601s
	iters: 300, epoch: 4 | loss: 0.2717306
	speed: 0.2648s/iter; left time: 4655.8468s
	iters: 400, epoch: 4 | loss: 0.2756923
	speed: 0.3979s/iter; left time: 6957.3262s
	iters: 500, epoch: 4 | loss: 0.2798954
	speed: 0.3715s/iter; left time: 6459.0969s
	iters: 600, epoch: 4 | loss: 0.2667570
	speed: 0.2987s/iter; left time: 5163.1307s
	iters: 700, epoch: 4 | loss: 0.2869486
	speed: 0.2470s/iter; left time: 4245.4740s
	iters: 800, epoch: 4 | loss: 0.2910775
	speed: 0.2499s/iter; left time: 4270.2931s
	iters: 900, epoch: 4 | loss: 0.2877475
	speed: 0.3205s/iter; left time: 5444.2909s
	iters: 1000, epoch: 4 | loss: 0.2920455
	speed: 0.3137s/iter; left time: 5296.6873s
Epoch: 4 cost time: 301.6291184425354
Epoch: 4, Steps: 1052 | Train Loss: 0.2851796 Vali Loss: 1.0009965 Test Loss: 1.1618467
EarlyStopping counter: 3 out of 3
Early stopping
>>>>>>>testing : Crossformer_ETTm1_il192_ol720_sl24_win2_fa10_dm256_nh4_el3_itr0<<<<<<<<<<<<<<<<<<<<<<<<<<<<<<<<<
test 10801
mse:0.6449013352394104, mae:0.6108150482177734
Use GPU: cuda:0
>>>>>>>start training : Crossformer_ETTm1_il192_ol720_sl24_win2_fa10_dm256_nh4_el3_itr1>>>>>>>>>>>>>>>>>>>>>>>>>>
train 33649
val 10801
test 10801
	iters: 100, epoch: 1 | loss: 0.6488602
	speed: 0.3359s/iter; left time: 7034.1245s
	iters: 200, epoch: 1 | loss: 0.4914087
	speed: 0.3347s/iter; left time: 6976.0378s
	iters: 300, epoch: 1 | loss: 0.4648625
	speed: 0.2292s/iter; left time: 4754.8545s
	iters: 400, epoch: 1 | loss: 0.3874060
	speed: 0.1428s/iter; left time: 2948.2268s
	iters: 500, epoch: 1 | loss: 0.3951000
	speed: 0.1530s/iter; left time: 3142.4540s
	iters: 600, epoch: 1 | loss: 0.4207969
	speed: 0.1999s/iter; left time: 4086.1149s
	iters: 700, epoch: 1 | loss: 0.4230959
	speed: 0.3133s/iter; left time: 6372.6232s
	iters: 800, epoch: 1 | loss: 0.3459513
	speed: 0.2182s/iter; left time: 4416.8700s
	iters: 900, epoch: 1 | loss: 0.3547059
	speed: 0.1954s/iter; left time: 3935.7620s
	iters: 1000, epoch: 1 | loss: 0.3586797
	speed: 0.2036s/iter; left time: 4079.9591s
Epoch: 1 cost time: 251.0933129787445
Epoch: 1, Steps: 1052 | Train Loss: 0.4462816 Vali Loss: 0.9134629 Test Loss: 0.5755613
Validation loss decreased (inf --> 0.913463).  Saving model ...
	iters: 100, epoch: 2 | loss: 0.3303971
	speed: 0.2371s/iter; left time: 4716.4335s
	iters: 200, epoch: 2 | loss: 0.3460740
	speed: 0.2694s/iter; left time: 5331.3090s
	iters: 300, epoch: 2 | loss: 0.3309362
	speed: 0.3608s/iter; left time: 7104.3573s
	iters: 400, epoch: 2 | loss: 0.3311931
	speed: 0.2617s/iter; left time: 5127.3996s
	iters: 500, epoch: 2 | loss: 0.3518102
	speed: 0.1903s/iter; left time: 3708.3007s
	iters: 600, epoch: 2 | loss: 0.3258558
	speed: 0.2634s/iter; left time: 5106.9610s
	iters: 700, epoch: 2 | loss: 0.3070997
	speed: 0.3879s/iter; left time: 7481.5386s
	iters: 800, epoch: 2 | loss: 0.3180853
	speed: 0.3898s/iter; left time: 7479.0738s
	iters: 900, epoch: 2 | loss: 0.3381656
	speed: 0.3730s/iter; left time: 7120.5466s
	iters: 1000, epoch: 2 | loss: 0.3474457
	speed: 0.3752s/iter; left time: 7124.5246s
Epoch: 2 cost time: 329.4792969226837
Epoch: 2, Steps: 1052 | Train Loss: 0.3389648 Vali Loss: 0.9887667 Test Loss: 0.9502169
EarlyStopping counter: 1 out of 3
Updating learning rate to 5e-05
	iters: 100, epoch: 3 | loss: 0.3016478
	speed: 0.2169s/iter; left time: 4085.6655s
	iters: 200, epoch: 3 | loss: 0.3153380
	speed: 0.3169s/iter; left time: 5938.3964s
	iters: 300, epoch: 3 | loss: 0.2825060
	speed: 0.3561s/iter; left time: 6636.8491s
	iters: 400, epoch: 3 | loss: 0.3161475
	speed: 0.4202s/iter; left time: 7789.2397s
	iters: 500, epoch: 3 | loss: 0.2597752
	speed: 0.3960s/iter; left time: 7301.6923s
	iters: 600, epoch: 3 | loss: 0.2746295
	speed: 0.3977s/iter; left time: 7292.9280s
	iters: 700, epoch: 3 | loss: 0.2892214
	speed: 0.2090s/iter; left time: 3812.3558s
	iters: 800, epoch: 3 | loss: 0.3174909
	speed: 0.1806s/iter; left time: 3276.0746s
	iters: 900, epoch: 3 | loss: 0.2804135
	speed: 0.1831s/iter; left time: 3302.1788s
	iters: 1000, epoch: 3 | loss: 0.2782861
	speed: 0.2767s/iter; left time: 4963.9636s
Epoch: 3 cost time: 311.42441725730896
Epoch: 3, Steps: 1052 | Train Loss: 0.2996741 Vali Loss: 0.9337791 Test Loss: 0.9129979
EarlyStopping counter: 2 out of 3
	iters: 100, epoch: 4 | loss: 0.2710453
	speed: 0.4062s/iter; left time: 7224.0218s
	iters: 200, epoch: 4 | loss: 0.2860420
	speed: 0.3672s/iter; left time: 6493.3475s
	iters: 300, epoch: 4 | loss: 0.2796689
	speed: 0.1428s/iter; left time: 2510.8110s
	iters: 400, epoch: 4 | loss: 0.2823792
	speed: 0.1325s/iter; left time: 2317.5902s
	iters: 500, epoch: 4 | loss: 0.2899505
	speed: 0.1944s/iter; left time: 3379.3416s
	iters: 600, epoch: 4 | loss: 0.2808989
	speed: 0.1961s/iter; left time: 3390.0852s
	iters: 700, epoch: 4 | loss: 0.2740348
	speed: 0.1832s/iter; left time: 3149.1279s
	iters: 800, epoch: 4 | loss: 0.2858369
	speed: 0.3032s/iter; left time: 5180.4874s
	iters: 900, epoch: 4 | loss: 0.2577408
	speed: 0.3893s/iter; left time: 6612.2840s
	iters: 1000, epoch: 4 | loss: 0.2580967
	speed: 0.3893s/iter; left time: 6573.1551s
Epoch: 4 cost time: 292.3928518295288
Epoch: 4, Steps: 1052 | Train Loss: 0.2847078 Vali Loss: 0.9604560 Test Loss: 1.0025381
EarlyStopping counter: 3 out of 3
Early stopping
>>>>>>>testing : Crossformer_ETTm1_il192_ol720_sl24_win2_fa10_dm256_nh4_el3_itr1<<<<<<<<<<<<<<<<<<<<<<<<<<<<<<<<<
test 10801
mse:0.5756548643112183, mae:0.5628777146339417
Use GPU: cuda:0
>>>>>>>start training : Crossformer_ETTm1_il192_ol720_sl24_win2_fa10_dm256_nh4_el3_itr2>>>>>>>>>>>>>>>>>>>>>>>>>>
train 33649
val 10801
test 10801
	iters: 100, epoch: 1 | loss: 0.6022936
	speed: 0.1756s/iter; left time: 3677.8598s
	iters: 200, epoch: 1 | loss: 0.4995816
	speed: 0.3349s/iter; left time: 6979.9172s
	iters: 300, epoch: 1 | loss: 0.4418281
	speed: 0.3835s/iter; left time: 7953.4039s
	iters: 400, epoch: 1 | loss: 0.3744707
	speed: 0.4068s/iter; left time: 8395.7355s
	iters: 500, epoch: 1 | loss: 0.3970361
	speed: 0.3851s/iter; left time: 7910.4797s
	iters: 600, epoch: 1 | loss: 0.4216557
	speed: 0.3749s/iter; left time: 7663.8230s
	iters: 700, epoch: 1 | loss: 0.3691976
	speed: 0.3040s/iter; left time: 6184.4014s
	iters: 800, epoch: 1 | loss: 0.3772005
	speed: 0.1948s/iter; left time: 3942.3502s
	iters: 900, epoch: 1 | loss: 0.4078467
	speed: 0.2996s/iter; left time: 6034.7974s
	iters: 1000, epoch: 1 | loss: 0.3329297
	speed: 0.2145s/iter; left time: 4298.8140s
Epoch: 1 cost time: 316.3378396034241
Epoch: 1, Steps: 1052 | Train Loss: 0.4521962 Vali Loss: 0.9014655 Test Loss: 0.5031544
Validation loss decreased (inf --> 0.901465).  Saving model ...
	iters: 100, epoch: 2 | loss: 0.3159263
	speed: 0.3991s/iter; left time: 7938.4315s
	iters: 200, epoch: 2 | loss: 0.3433270
	speed: 0.3771s/iter; left time: 7462.1842s
	iters: 300, epoch: 2 | loss: 0.3671230
	speed: 0.4104s/iter; left time: 8080.4547s
	iters: 400, epoch: 2 | loss: 0.3943257
	speed: 0.3537s/iter; left time: 6927.7819s
	iters: 500, epoch: 2 | loss: 0.3525287
	speed: 0.2514s/iter; left time: 4899.1687s
	iters: 600, epoch: 2 | loss: 0.3253406
	speed: 0.2005s/iter; left time: 3887.2843s
	iters: 700, epoch: 2 | loss: 0.3314459
	speed: 0.1890s/iter; left time: 3646.0001s
	iters: 800, epoch: 2 | loss: 0.3019552
	speed: 0.2411s/iter; left time: 4625.6475s
	iters: 900, epoch: 2 | loss: 0.3102674
	speed: 0.2980s/iter; left time: 5688.1249s
	iters: 1000, epoch: 2 | loss: 0.3090041
	speed: 0.3241s/iter; left time: 6153.4539s
Epoch: 2 cost time: 322.6324145793915
Epoch: 2, Steps: 1052 | Train Loss: 0.3406124 Vali Loss: 1.0336261 Test Loss: 0.9943153
EarlyStopping counter: 1 out of 3
Updating learning rate to 5e-05
	iters: 100, epoch: 3 | loss: 0.2933857
	speed: 0.2602s/iter; left time: 4901.2608s
	iters: 200, epoch: 3 | loss: 0.2876680
	speed: 0.1926s/iter; left time: 3609.0992s
	iters: 300, epoch: 3 | loss: 0.2989784
	speed: 0.2355s/iter; left time: 4388.1065s
	iters: 400, epoch: 3 | loss: 0.3191593
	speed: 0.2320s/iter; left time: 4301.1734s
	iters: 500, epoch: 3 | loss: 0.2959995
	speed: 0.1929s/iter; left time: 3556.6220s
	iters: 600, epoch: 3 | loss: 0.3361262
	speed: 0.3820s/iter; left time: 7004.8218s
	iters: 700, epoch: 3 | loss: 0.3215237
	speed: 0.4060s/iter; left time: 7404.3262s
	iters: 800, epoch: 3 | loss: 0.2973015
	speed: 0.3941s/iter; left time: 7147.0549s
	iters: 900, epoch: 3 | loss: 0.2804230
	speed: 0.3761s/iter; left time: 6784.1699s
	iters: 1000, epoch: 3 | loss: 0.2743672
	speed: 0.2927s/iter; left time: 5249.4850s
Epoch: 3 cost time: 305.81382632255554
Epoch: 3, Steps: 1052 | Train Loss: 0.3001363 Vali Loss: 1.0244520 Test Loss: 1.0187819
EarlyStopping counter: 2 out of 3
	iters: 100, epoch: 4 | loss: 0.2826653
	speed: 0.2911s/iter; left time: 5176.8325s
	iters: 200, epoch: 4 | loss: 0.2740240
	speed: 0.3529s/iter; left time: 6241.9005s
	iters: 300, epoch: 4 | loss: 0.2888681
	speed: 0.3839s/iter; left time: 6751.6995s
	iters: 400, epoch: 4 | loss: 0.2719523
	speed: 0.3771s/iter; left time: 6594.4051s
	iters: 500, epoch: 4 | loss: 0.3046658
	speed: 0.3928s/iter; left time: 6829.6375s
	iters: 600, epoch: 4 | loss: 0.3003011
	speed: 0.3012s/iter; left time: 5206.6994s
	iters: 700, epoch: 4 | loss: 0.2727617
	speed: 0.2651s/iter; left time: 4555.6380s
	iters: 800, epoch: 4 | loss: 0.2536592
	speed: 0.1932s/iter; left time: 3300.9622s
	iters: 900, epoch: 4 | loss: 0.2800666
	speed: 0.1797s/iter; left time: 3051.3773s
	iters: 1000, epoch: 4 | loss: 0.2678650
	speed: 0.1900s/iter; left time: 3207.6305s
Epoch: 4 cost time: 305.8050079345703
Epoch: 4, Steps: 1052 | Train Loss: 0.2852804 Vali Loss: 1.0236844 Test Loss: 1.0487273
EarlyStopping counter: 3 out of 3
Early stopping
>>>>>>>testing : Crossformer_ETTm1_il192_ol720_sl24_win2_fa10_dm256_nh4_el3_itr2<<<<<<<<<<<<<<<<<<<<<<<<<<<<<<<<<
test 10801
mse:0.5031822323799133, mae:0.5111343860626221
Use GPU: cuda:0
>>>>>>>start training : Crossformer_ETTm1_il192_ol720_sl24_win2_fa10_dm256_nh4_el3_itr3>>>>>>>>>>>>>>>>>>>>>>>>>>
train 33649
val 10801
test 10801
	iters: 100, epoch: 1 | loss: 0.6670759
	speed: 0.2262s/iter; left time: 4736.4462s
	iters: 200, epoch: 1 | loss: 0.4019183
	speed: 0.2404s/iter; left time: 5010.3287s
	iters: 300, epoch: 1 | loss: 0.4159381
	speed: 0.2090s/iter; left time: 4335.0363s
	iters: 400, epoch: 1 | loss: 0.4504084
	speed: 0.2956s/iter; left time: 6100.7270s
	iters: 500, epoch: 1 | loss: 0.4099579
	speed: 0.2502s/iter; left time: 5139.1836s
	iters: 600, epoch: 1 | loss: 0.4401020
	speed: 0.2659s/iter; left time: 5436.1573s
	iters: 700, epoch: 1 | loss: 0.4160600
	speed: 0.3485s/iter; left time: 7088.2369s
	iters: 800, epoch: 1 | loss: 0.3871821
	speed: 0.3435s/iter; left time: 6953.7758s
	iters: 900, epoch: 1 | loss: 0.4475803
	speed: 0.3440s/iter; left time: 6928.1354s
	iters: 1000, epoch: 1 | loss: 0.4014823
	speed: 0.3050s/iter; left time: 6113.1772s
Epoch: 1 cost time: 298.60577416419983
Epoch: 1, Steps: 1052 | Train Loss: 0.4515877 Vali Loss: 0.9213268 Test Loss: 0.6413561
Validation loss decreased (inf --> 0.921327).  Saving model ...
	iters: 100, epoch: 2 | loss: 0.3695049
	speed: 0.4032s/iter; left time: 8020.0438s
	iters: 200, epoch: 2 | loss: 0.3052603
	speed: 0.4031s/iter; left time: 7976.9091s
	iters: 300, epoch: 2 | loss: 0.4076218
	speed: 0.3667s/iter; left time: 7220.7103s
	iters: 400, epoch: 2 | loss: 0.3671507
	speed: 0.4041s/iter; left time: 7915.1538s
	iters: 500, epoch: 2 | loss: 0.3475988
	speed: 0.3423s/iter; left time: 6671.8239s
	iters: 600, epoch: 2 | loss: 0.3186548
	speed: 0.1886s/iter; left time: 3656.2021s
	iters: 700, epoch: 2 | loss: 0.4010619
	speed: 0.1456s/iter; left time: 2807.6367s
	iters: 800, epoch: 2 | loss: 0.3259759
	speed: 0.1332s/iter; left time: 2556.2728s
	iters: 900, epoch: 2 | loss: 0.2801023
	speed: 0.2021s/iter; left time: 3858.7193s
	iters: 1000, epoch: 2 | loss: 0.3225279
	speed: 0.2077s/iter; left time: 3943.7922s
Epoch: 2 cost time: 288.0085093975067
Epoch: 2, Steps: 1052 | Train Loss: 0.3426280 Vali Loss: 0.9295315 Test Loss: 0.9075961
EarlyStopping counter: 1 out of 3
Updating learning rate to 5e-05
	iters: 100, epoch: 3 | loss: 0.2974628
	speed: 0.1617s/iter; left time: 3045.9886s
	iters: 200, epoch: 3 | loss: 0.2998125
	speed: 0.1711s/iter; left time: 3205.1384s
	iters: 300, epoch: 3 | loss: 0.3088940
	speed: 0.2990s/iter; left time: 5572.5846s
	iters: 400, epoch: 3 | loss: 0.3280889
	speed: 0.3204s/iter; left time: 5940.1264s
	iters: 500, epoch: 3 | loss: 0.3388110
	speed: 0.1587s/iter; left time: 2926.4379s
	iters: 600, epoch: 3 | loss: 0.2758383
	speed: 0.1301s/iter; left time: 2385.8357s
	iters: 700, epoch: 3 | loss: 0.2865226
	speed: 0.1392s/iter; left time: 2539.4050s
	iters: 800, epoch: 3 | loss: 0.2708976
	speed: 0.3023s/iter; left time: 5483.2630s
	iters: 900, epoch: 3 | loss: 0.3030907
	speed: 0.3224s/iter; left time: 5814.5965s
	iters: 1000, epoch: 3 | loss: 0.2788965
	speed: 0.3090s/iter; left time: 5542.5080s
Epoch: 3 cost time: 244.3314483165741
Epoch: 3, Steps: 1052 | Train Loss: 0.3025216 Vali Loss: 0.9627507 Test Loss: 1.0328081
EarlyStopping counter: 2 out of 3
	iters: 100, epoch: 4 | loss: 0.2970051
	speed: 0.1675s/iter; left time: 2978.4649s
	iters: 200, epoch: 4 | loss: 0.2435737
	speed: 0.1715s/iter; left time: 3033.2451s
	iters: 300, epoch: 4 | loss: 0.2641647
	speed: 0.1736s/iter; left time: 3053.6324s
	iters: 400, epoch: 4 | loss: 0.2937303
	speed: 0.1932s/iter; left time: 3378.7076s
	iters: 500, epoch: 4 | loss: 0.3068624
	speed: 0.2233s/iter; left time: 3881.6873s
	iters: 600, epoch: 4 | loss: 0.2813346
	speed: 0.1590s/iter; left time: 2748.2959s
	iters: 700, epoch: 4 | loss: 0.2732130
	speed: 0.1628s/iter; left time: 2797.5666s
	iters: 800, epoch: 4 | loss: 0.2631477
	speed: 0.3137s/iter; left time: 5360.0560s
	iters: 900, epoch: 4 | loss: 0.2670832
	speed: 0.3293s/iter; left time: 5592.4980s
	iters: 1000, epoch: 4 | loss: 0.2826759
	speed: 0.3979s/iter; left time: 6718.5142s
Epoch: 4 cost time: 250.5933666229248
Epoch: 4, Steps: 1052 | Train Loss: 0.2861889 Vali Loss: 0.9596784 Test Loss: 0.9999742
EarlyStopping counter: 3 out of 3
Early stopping
>>>>>>>testing : Crossformer_ETTm1_il192_ol720_sl24_win2_fa10_dm256_nh4_el3_itr3<<<<<<<<<<<<<<<<<<<<<<<<<<<<<<<<<
test 10801
mse:0.6414524912834167, mae:0.6147106885910034
Use GPU: cuda:0
>>>>>>>start training : Crossformer_ETTm1_il192_ol720_sl24_win2_fa10_dm256_nh4_el3_itr4>>>>>>>>>>>>>>>>>>>>>>>>>>
train 33649
val 10801
test 10801
	iters: 100, epoch: 1 | loss: 0.5750781
	speed: 0.1664s/iter; left time: 3484.3467s
	iters: 200, epoch: 1 | loss: 0.4849892
	speed: 0.1909s/iter; left time: 3978.9660s
	iters: 300, epoch: 1 | loss: 0.4679218
	speed: 0.2153s/iter; left time: 4465.3545s
	iters: 400, epoch: 1 | loss: 0.4779349
	speed: 0.1671s/iter; left time: 3448.7660s
	iters: 500, epoch: 1 | loss: 0.3784499
	speed: 0.1696s/iter; left time: 3484.1947s
	iters: 600, epoch: 1 | loss: 0.3698705
	speed: 0.1728s/iter; left time: 3532.5293s
	iters: 700, epoch: 1 | loss: 0.3788123
	speed: 0.1654s/iter; left time: 3364.3991s
	iters: 800, epoch: 1 | loss: 0.3869060
	speed: 0.2158s/iter; left time: 4368.1386s
	iters: 900, epoch: 1 | loss: 0.3715867
	speed: 0.2993s/iter; left time: 6029.1222s
	iters: 1000, epoch: 1 | loss: 0.4232342
	speed: 0.3321s/iter; left time: 6655.3732s
Epoch: 1 cost time: 229.6248276233673
Epoch: 1, Steps: 1052 | Train Loss: 0.4510315 Vali Loss: 0.9185442 Test Loss: 0.6334046
Validation loss decreased (inf --> 0.918544).  Saving model ...
	iters: 100, epoch: 2 | loss: 0.3741670
	speed: 0.1779s/iter; left time: 3537.5086s
	iters: 200, epoch: 2 | loss: 0.3128045
	speed: 0.1686s/iter; left time: 3336.2447s
	iters: 300, epoch: 2 | loss: 0.3209544
	speed: 0.1629s/iter; left time: 3208.0834s
	iters: 400, epoch: 2 | loss: 0.3191007
	speed: 0.1618s/iter; left time: 3170.0776s
	iters: 500, epoch: 2 | loss: 0.3502422
	speed: 0.1837s/iter; left time: 3579.6041s
	iters: 600, epoch: 2 | loss: 0.3380598
	speed: 0.2133s/iter; left time: 4135.5170s
	iters: 700, epoch: 2 | loss: 0.3309480
	speed: 0.1672s/iter; left time: 3225.7411s
	iters: 800, epoch: 2 | loss: 0.3475043
	speed: 0.1639s/iter; left time: 3144.1761s
	iters: 900, epoch: 2 | loss: 0.3925963
	speed: 0.1702s/iter; left time: 3248.6973s
	iters: 1000, epoch: 2 | loss: 0.3330758
	speed: 0.3588s/iter; left time: 6813.4104s
Epoch: 2 cost time: 214.504958152771
Epoch: 2, Steps: 1052 | Train Loss: 0.3355393 Vali Loss: 0.9277072 Test Loss: 0.9704639
EarlyStopping counter: 1 out of 3
Updating learning rate to 5e-05
	iters: 100, epoch: 3 | loss: 0.3124968
	speed: 0.1697s/iter; left time: 3196.5207s
	iters: 200, epoch: 3 | loss: 0.3155093
	speed: 0.1646s/iter; left time: 3083.8502s
	iters: 300, epoch: 3 | loss: 0.3341377
	speed: 0.2487s/iter; left time: 4635.3614s
	iters: 400, epoch: 3 | loss: 0.3121837
	speed: 0.1901s/iter; left time: 3523.4419s
	iters: 500, epoch: 3 | loss: 0.2812077
	speed: 0.1621s/iter; left time: 2989.1265s
	iters: 600, epoch: 3 | loss: 0.2968816
	speed: 0.1661s/iter; left time: 3045.4607s
	iters: 700, epoch: 3 | loss: 0.2867648
	speed: 0.1614s/iter; left time: 2943.0674s
	iters: 800, epoch: 3 | loss: 0.2788333
	speed: 0.1615s/iter; left time: 2929.6548s
	iters: 900, epoch: 3 | loss: 0.3106751
	speed: 0.2244s/iter; left time: 4048.3923s
	iters: 1000, epoch: 3 | loss: 0.3158107
	speed: 0.1795s/iter; left time: 3220.4871s
Epoch: 3 cost time: 192.16632533073425
Epoch: 3, Steps: 1052 | Train Loss: 0.2985142 Vali Loss: 0.9297729 Test Loss: 0.8815675
EarlyStopping counter: 2 out of 3
	iters: 100, epoch: 4 | loss: 0.2832323
	speed: 0.3962s/iter; left time: 7045.8560s
	iters: 200, epoch: 4 | loss: 0.2864215
	speed: 0.2557s/iter; left time: 4522.3622s
	iters: 300, epoch: 4 | loss: 0.3158539
	speed: 0.1585s/iter; left time: 2787.2504s
	iters: 400, epoch: 4 | loss: 0.2685066
	speed: 0.1733s/iter; left time: 3029.5183s
	iters: 500, epoch: 4 | loss: 0.3122447
	speed: 0.1592s/iter; left time: 2768.3407s
	iters: 600, epoch: 4 | loss: 0.2685578
	speed: 0.2019s/iter; left time: 3490.3396s
	iters: 700, epoch: 4 | loss: 0.2863865
	speed: 0.2302s/iter; left time: 3956.3931s
	iters: 800, epoch: 4 | loss: 0.3005137
	speed: 0.1624s/iter; left time: 2774.4493s
	iters: 900, epoch: 4 | loss: 0.2607913
	speed: 0.1889s/iter; left time: 3208.1433s
	iters: 1000, epoch: 4 | loss: 0.3115643
	speed: 0.1780s/iter; left time: 3005.9645s
Epoch: 4 cost time: 219.17183709144592
Epoch: 4, Steps: 1052 | Train Loss: 0.2829971 Vali Loss: 0.9671745 Test Loss: 0.9684585
EarlyStopping counter: 3 out of 3
Early stopping
>>>>>>>testing : Crossformer_ETTm1_il192_ol720_sl24_win2_fa10_dm256_nh4_el3_itr4<<<<<<<<<<<<<<<<<<<<<<<<<<<<<<<<<
test 10801
mse:0.6335016489028931, mae:0.6074318885803223
